[2024-09-20T20:44:05.982+0000] {local_task_job_runner.py:123} INFO - ::group::Pre task execution logs
[2024-09-20T20:44:05.993+0000] {taskinstance.py:2612} INFO - Dependencies all met for dep_context=non-requeueable deps ti=<TaskInstance: primeira_dag_versao_2.primeira_task scheduled__2024-09-17T00:00:00+00:00 [queued]>
[2024-09-20T20:44:05.997+0000] {taskinstance.py:2612} INFO - Dependencies all met for dep_context=requeueable deps ti=<TaskInstance: primeira_dag_versao_2.primeira_task scheduled__2024-09-17T00:00:00+00:00 [queued]>
[2024-09-20T20:44:05.997+0000] {taskinstance.py:2865} INFO - Starting attempt 1 of 6
[2024-09-20T20:44:06.005+0000] {taskinstance.py:2888} INFO - Executing <Task(BashOperator): primeira_task> on 2024-09-17 00:00:00+00:00
[2024-09-20T20:44:06.010+0000] {warnings.py:112} WARNING - /home/***/.local/lib/python3.12/site-packages/***/task/task_runner/standard_task_runner.py:70: DeprecationWarning: This process (pid=213) is multi-threaded, use of fork() may lead to deadlocks in the child.
  pid = os.fork()

[2024-09-20T20:44:06.011+0000] {standard_task_runner.py:72} INFO - Started process 221 to run task
[2024-09-20T20:44:06.011+0000] {standard_task_runner.py:104} INFO - Running: ['***', 'tasks', 'run', 'primeira_dag_versao_2', 'primeira_task', 'scheduled__2024-09-17T00:00:00+00:00', '--job-id', '37', '--raw', '--subdir', 'DAGS_FOLDER/primeira_dag.py', '--cfg-path', '/tmp/tmpnbb5u7k2']
[2024-09-20T20:44:06.012+0000] {standard_task_runner.py:105} INFO - Job 37: Subtask primeira_task
[2024-09-20T20:44:06.038+0000] {task_command.py:467} INFO - Running <TaskInstance: primeira_dag_versao_2.primeira_task scheduled__2024-09-17T00:00:00+00:00 [running]> on host 22a02bcf3677
[2024-09-20T20:44:06.091+0000] {taskinstance.py:3131} INFO - Exporting env vars: AIRFLOW_CTX_DAG_OWNER='Everton Soares' AIRFLOW_CTX_DAG_ID='primeira_dag_versao_2' AIRFLOW_CTX_TASK_ID='primeira_task' AIRFLOW_CTX_EXECUTION_DATE='2024-09-17T00:00:00+00:00' AIRFLOW_CTX_TRY_NUMBER='1' AIRFLOW_CTX_DAG_RUN_ID='scheduled__2024-09-17T00:00:00+00:00'
[2024-09-20T20:44:06.092+0000] {taskinstance.py:731} INFO - ::endgroup::
[2024-09-20T20:44:06.101+0000] {subprocess.py:63} INFO - Tmp dir root location: /tmp
[2024-09-20T20:44:06.101+0000] {subprocess.py:75} INFO - Running command: ['/usr/bin/bash', '-c', "echo 'Hello World'"]
[2024-09-20T20:44:06.111+0000] {subprocess.py:86} INFO - Output:
[2024-09-20T20:44:06.112+0000] {subprocess.py:93} INFO - Hello World
[2024-09-20T20:44:06.112+0000] {subprocess.py:97} INFO - Command exited with return code 0
[2024-09-20T20:44:06.130+0000] {taskinstance.py:340} INFO - ::group::Post task execution logs
[2024-09-20T20:44:06.130+0000] {taskinstance.py:352} INFO - Marking task as SUCCESS. dag_id=primeira_dag_versao_2, task_id=primeira_task, run_id=scheduled__2024-09-17T00:00:00+00:00, execution_date=20240917T000000, start_date=20240920T204405, end_date=20240920T204406
[2024-09-20T20:44:06.144+0000] {local_task_job_runner.py:266} INFO - Task exited with return code 0
[2024-09-20T20:44:06.162+0000] {taskinstance.py:3900} INFO - 1 downstream tasks scheduled from follow-on schedule check
[2024-09-20T20:44:06.163+0000] {local_task_job_runner.py:245} INFO - ::endgroup::
