[2024-09-17T11:29:52.102+0000] {processor.py:186} INFO - Started process (PID=50) to work on /opt/airflow/dags/primeira_dag.py
[2024-09-17T11:29:52.102+0000] {processor.py:914} INFO - Processing file /opt/airflow/dags/primeira_dag.py for tasks to queue
[2024-09-17T11:29:52.103+0000] {logging_mixin.py:190} INFO - [2024-09-17T11:29:52.103+0000] {dagbag.py:587} INFO - Filling up the DagBag from /opt/airflow/dags/primeira_dag.py
[2024-09-17T11:29:52.115+0000] {processor.py:925} INFO - DAG(s) 'primeira_dag_versao_2' retrieved from /opt/airflow/dags/primeira_dag.py
[2024-09-17T11:29:52.134+0000] {logging_mixin.py:190} INFO - [2024-09-17T11:29:52.134+0000] {dag.py:3229} INFO - Sync 1 DAGs
[2024-09-17T11:29:52.152+0000] {logging_mixin.py:190} INFO - [2024-09-17T11:29:52.152+0000] {dag.py:4156} INFO - Setting next_dagrun for primeira_dag_versao_2 to 2024-09-16 00:00:00+00:00, run_after=2024-09-17 00:00:00+00:00
[2024-09-17T11:29:52.162+0000] {processor.py:208} INFO - Processing /opt/airflow/dags/primeira_dag.py took 0.063 seconds
[2024-09-17T11:30:27.009+0000] {processor.py:186} INFO - Started process (PID=57) to work on /opt/airflow/dags/primeira_dag.py
[2024-09-17T11:30:27.010+0000] {processor.py:914} INFO - Processing file /opt/airflow/dags/primeira_dag.py for tasks to queue
[2024-09-17T11:30:27.011+0000] {logging_mixin.py:190} INFO - [2024-09-17T11:30:27.011+0000] {dagbag.py:587} INFO - Filling up the DagBag from /opt/airflow/dags/primeira_dag.py
[2024-09-17T11:30:27.018+0000] {processor.py:925} INFO - DAG(s) 'primeira_dag_versao_2' retrieved from /opt/airflow/dags/primeira_dag.py
[2024-09-17T11:30:27.032+0000] {logging_mixin.py:190} INFO - [2024-09-17T11:30:27.032+0000] {dag.py:3229} INFO - Sync 1 DAGs
[2024-09-17T11:30:27.046+0000] {logging_mixin.py:190} INFO - [2024-09-17T11:30:27.046+0000] {dag.py:4156} INFO - Setting next_dagrun for primeira_dag_versao_2 to 2024-09-16 00:00:00+00:00, run_after=2024-09-17 00:00:00+00:00
[2024-09-17T11:30:27.056+0000] {processor.py:208} INFO - Processing /opt/airflow/dags/primeira_dag.py took 0.050 seconds
[2024-09-17T11:30:57.191+0000] {processor.py:186} INFO - Started process (PID=64) to work on /opt/airflow/dags/primeira_dag.py
[2024-09-17T11:30:57.192+0000] {processor.py:914} INFO - Processing file /opt/airflow/dags/primeira_dag.py for tasks to queue
[2024-09-17T11:30:57.193+0000] {logging_mixin.py:190} INFO - [2024-09-17T11:30:57.193+0000] {dagbag.py:587} INFO - Filling up the DagBag from /opt/airflow/dags/primeira_dag.py
[2024-09-17T11:30:57.199+0000] {processor.py:925} INFO - DAG(s) 'primeira_dag_versao_2' retrieved from /opt/airflow/dags/primeira_dag.py
[2024-09-17T11:30:57.213+0000] {logging_mixin.py:190} INFO - [2024-09-17T11:30:57.213+0000] {dag.py:3229} INFO - Sync 1 DAGs
[2024-09-17T11:30:57.230+0000] {logging_mixin.py:190} INFO - [2024-09-17T11:30:57.230+0000] {dag.py:4156} INFO - Setting next_dagrun for primeira_dag_versao_2 to 2024-09-16 00:00:00+00:00, run_after=2024-09-17 00:00:00+00:00
[2024-09-17T11:30:57.240+0000] {processor.py:208} INFO - Processing /opt/airflow/dags/primeira_dag.py took 0.053 seconds
