[2024-09-20T20:47:41.366+0000] {local_task_job_runner.py:123} INFO - ::group::Pre task execution logs
[2024-09-20T20:47:41.376+0000] {taskinstance.py:2612} INFO - Dependencies all met for dep_context=non-requeueable deps ti=<TaskInstance: task_paralela.primeira_task manual__2024-09-20T20:47:40.525174+00:00 [queued]>
[2024-09-20T20:47:41.380+0000] {taskinstance.py:2612} INFO - Dependencies all met for dep_context=requeueable deps ti=<TaskInstance: task_paralela.primeira_task manual__2024-09-20T20:47:40.525174+00:00 [queued]>
[2024-09-20T20:47:41.380+0000] {taskinstance.py:2865} INFO - Starting attempt 1 of 6
[2024-09-20T20:47:41.389+0000] {taskinstance.py:2888} INFO - Executing <Task(BashOperator): primeira_task> on 2024-09-20 20:47:40.525174+00:00
[2024-09-20T20:47:41.394+0000] {warnings.py:112} WARNING - /home/***/.local/lib/python3.12/site-packages/***/task/task_runner/standard_task_runner.py:70: DeprecationWarning: This process (pid=71) is multi-threaded, use of fork() may lead to deadlocks in the child.
  pid = os.fork()

[2024-09-20T20:47:41.395+0000] {standard_task_runner.py:72} INFO - Started process 75 to run task
[2024-09-20T20:47:41.395+0000] {standard_task_runner.py:104} INFO - Running: ['***', 'tasks', 'run', 'task_paralela', 'primeira_task', 'manual__2024-09-20T20:47:40.525174+00:00', '--job-id', '52', '--raw', '--subdir', 'DAGS_FOLDER/task_paralela.py', '--cfg-path', '/tmp/tmprp54a7wa']
[2024-09-20T20:47:41.396+0000] {standard_task_runner.py:105} INFO - Job 52: Subtask primeira_task
[2024-09-20T20:47:41.424+0000] {task_command.py:467} INFO - Running <TaskInstance: task_paralela.primeira_task manual__2024-09-20T20:47:40.525174+00:00 [running]> on host 22a02bcf3677
[2024-09-20T20:47:41.473+0000] {taskinstance.py:3131} INFO - Exporting env vars: AIRFLOW_CTX_DAG_OWNER='Everton Soares' AIRFLOW_CTX_DAG_ID='task_paralela' AIRFLOW_CTX_TASK_ID='primeira_task' AIRFLOW_CTX_EXECUTION_DATE='2024-09-20T20:47:40.525174+00:00' AIRFLOW_CTX_TRY_NUMBER='1' AIRFLOW_CTX_DAG_RUN_ID='manual__2024-09-20T20:47:40.525174+00:00'
[2024-09-20T20:47:41.473+0000] {taskinstance.py:731} INFO - ::endgroup::
[2024-09-20T20:47:41.485+0000] {subprocess.py:63} INFO - Tmp dir root location: /tmp
[2024-09-20T20:47:41.486+0000] {subprocess.py:75} INFO - Running command: ['/usr/bin/bash', '-c', "echo 'Hello World'"]
[2024-09-20T20:47:41.497+0000] {subprocess.py:86} INFO - Output:
[2024-09-20T20:47:41.498+0000] {subprocess.py:93} INFO - Hello World
[2024-09-20T20:47:41.498+0000] {subprocess.py:97} INFO - Command exited with return code 0
[2024-09-20T20:47:41.517+0000] {taskinstance.py:340} INFO - ::group::Post task execution logs
[2024-09-20T20:47:41.517+0000] {taskinstance.py:352} INFO - Marking task as SUCCESS. dag_id=task_paralela, task_id=primeira_task, run_id=manual__2024-09-20T20:47:40.525174+00:00, execution_date=20240920T204740, start_date=20240920T204741, end_date=20240920T204741
[2024-09-20T20:47:41.568+0000] {local_task_job_runner.py:266} INFO - Task exited with return code 0
[2024-09-20T20:47:41.582+0000] {taskinstance.py:3900} INFO - 2 downstream tasks scheduled from follow-on schedule check
[2024-09-20T20:47:41.583+0000] {local_task_job_runner.py:245} INFO - ::endgroup::
