[2024-09-20T20:57:26.442+0000] {processor.py:186} INFO - Started process (PID=231) to work on /opt/airflow/dags/dag_com_operador_python.py
[2024-09-20T20:57:26.443+0000] {processor.py:914} INFO - Processing file /opt/airflow/dags/dag_com_operador_python.py for tasks to queue
[2024-09-20T20:57:26.444+0000] {logging_mixin.py:190} INFO - [2024-09-20T20:57:26.444+0000] {dagbag.py:587} INFO - Filling up the DagBag from /opt/airflow/dags/dag_com_operador_python.py
[2024-09-20T20:57:26.451+0000] {processor.py:925} INFO - DAG(s) 'DAG_With_Python_Operator' retrieved from /opt/airflow/dags/dag_com_operador_python.py
[2024-09-20T20:57:26.517+0000] {logging_mixin.py:190} INFO - [2024-09-20T20:57:26.517+0000] {override.py:1900} INFO - Created Permission View: can edit on DAG:DAG_With_Python_Operator
[2024-09-20T20:57:26.522+0000] {logging_mixin.py:190} INFO - [2024-09-20T20:57:26.522+0000] {override.py:1900} INFO - Created Permission View: can read on DAG:DAG_With_Python_Operator
[2024-09-20T20:57:26.525+0000] {logging_mixin.py:190} INFO - [2024-09-20T20:57:26.525+0000] {override.py:1900} INFO - Created Permission View: can delete on DAG:DAG_With_Python_Operator
[2024-09-20T20:57:26.528+0000] {logging_mixin.py:190} INFO - [2024-09-20T20:57:26.528+0000] {override.py:1900} INFO - Created Permission View: menu access on DAG Run:DAG_With_Python_Operator
[2024-09-20T20:57:26.532+0000] {logging_mixin.py:190} INFO - [2024-09-20T20:57:26.532+0000] {override.py:1900} INFO - Created Permission View: can delete on DAG Run:DAG_With_Python_Operator
[2024-09-20T20:57:26.535+0000] {logging_mixin.py:190} INFO - [2024-09-20T20:57:26.535+0000] {override.py:1900} INFO - Created Permission View: can read on DAG Run:DAG_With_Python_Operator
[2024-09-20T20:57:26.538+0000] {logging_mixin.py:190} INFO - [2024-09-20T20:57:26.538+0000] {override.py:1900} INFO - Created Permission View: can create on DAG Run:DAG_With_Python_Operator
[2024-09-20T20:57:26.538+0000] {logging_mixin.py:190} INFO - [2024-09-20T20:57:26.538+0000] {dag.py:3229} INFO - Sync 1 DAGs
[2024-09-20T20:57:26.546+0000] {logging_mixin.py:190} INFO - [2024-09-20T20:57:26.546+0000] {dag.py:3252} INFO - Creating ORM DAG for DAG_With_Python_Operator
[2024-09-20T20:57:26.551+0000] {logging_mixin.py:190} INFO - [2024-09-20T20:57:26.551+0000] {dag.py:4156} INFO - Setting next_dagrun for DAG_With_Python_Operator to 2024-09-20 00:00:00+00:00, run_after=2024-09-21 00:00:00+00:00
[2024-09-20T20:57:26.558+0000] {processor.py:208} INFO - Processing /opt/airflow/dags/dag_com_operador_python.py took 0.119 seconds
[2024-09-20T20:57:47.608+0000] {processor.py:186} INFO - Started process (PID=240) to work on /opt/airflow/dags/dag_com_operador_python.py
[2024-09-20T20:57:47.609+0000] {processor.py:914} INFO - Processing file /opt/airflow/dags/dag_com_operador_python.py for tasks to queue
[2024-09-20T20:57:47.610+0000] {logging_mixin.py:190} INFO - [2024-09-20T20:57:47.610+0000] {dagbag.py:587} INFO - Filling up the DagBag from /opt/airflow/dags/dag_com_operador_python.py
[2024-09-20T20:57:47.617+0000] {processor.py:925} INFO - DAG(s) 'DAG_With_Python_Operator' retrieved from /opt/airflow/dags/dag_com_operador_python.py
[2024-09-20T20:57:47.623+0000] {logging_mixin.py:190} INFO - [2024-09-20T20:57:47.623+0000] {dag.py:3229} INFO - Sync 1 DAGs
[2024-09-20T20:57:47.637+0000] {logging_mixin.py:190} INFO - [2024-09-20T20:57:47.637+0000] {dag.py:4156} INFO - Setting next_dagrun for DAG_With_Python_Operator to 2024-09-20 00:00:00+00:00, run_after=2024-09-21 00:00:00+00:00
[2024-09-20T20:57:47.647+0000] {processor.py:208} INFO - Processing /opt/airflow/dags/dag_com_operador_python.py took 0.042 seconds
[2024-09-20T20:58:17.805+0000] {processor.py:186} INFO - Started process (PID=249) to work on /opt/airflow/dags/dag_com_operador_python.py
[2024-09-20T20:58:17.806+0000] {processor.py:914} INFO - Processing file /opt/airflow/dags/dag_com_operador_python.py for tasks to queue
[2024-09-20T20:58:17.807+0000] {logging_mixin.py:190} INFO - [2024-09-20T20:58:17.807+0000] {dagbag.py:587} INFO - Filling up the DagBag from /opt/airflow/dags/dag_com_operador_python.py
[2024-09-20T20:58:17.814+0000] {processor.py:925} INFO - DAG(s) 'DAG_With_Python_Operator' retrieved from /opt/airflow/dags/dag_com_operador_python.py
[2024-09-20T20:58:17.828+0000] {logging_mixin.py:190} INFO - [2024-09-20T20:58:17.828+0000] {dag.py:3229} INFO - Sync 1 DAGs
[2024-09-20T20:58:17.842+0000] {logging_mixin.py:190} INFO - [2024-09-20T20:58:17.842+0000] {dag.py:4156} INFO - Setting next_dagrun for DAG_With_Python_Operator to 2024-09-20 00:00:00+00:00, run_after=2024-09-21 00:00:00+00:00
[2024-09-20T20:58:17.851+0000] {processor.py:208} INFO - Processing /opt/airflow/dags/dag_com_operador_python.py took 0.050 seconds
[2024-09-20T20:58:48.040+0000] {processor.py:186} INFO - Started process (PID=258) to work on /opt/airflow/dags/dag_com_operador_python.py
[2024-09-20T20:58:48.041+0000] {processor.py:914} INFO - Processing file /opt/airflow/dags/dag_com_operador_python.py for tasks to queue
[2024-09-20T20:58:48.043+0000] {logging_mixin.py:190} INFO - [2024-09-20T20:58:48.043+0000] {dagbag.py:587} INFO - Filling up the DagBag from /opt/airflow/dags/dag_com_operador_python.py
[2024-09-20T20:58:48.051+0000] {processor.py:925} INFO - DAG(s) 'DAG_With_Python_Operator' retrieved from /opt/airflow/dags/dag_com_operador_python.py
[2024-09-20T20:58:48.068+0000] {logging_mixin.py:190} INFO - [2024-09-20T20:58:48.068+0000] {dag.py:3229} INFO - Sync 1 DAGs
[2024-09-20T20:58:48.083+0000] {logging_mixin.py:190} INFO - [2024-09-20T20:58:48.083+0000] {dag.py:4156} INFO - Setting next_dagrun for DAG_With_Python_Operator to 2024-09-20 00:00:00+00:00, run_after=2024-09-21 00:00:00+00:00
[2024-09-20T20:58:48.093+0000] {processor.py:208} INFO - Processing /opt/airflow/dags/dag_com_operador_python.py took 0.059 seconds
[2024-09-20T20:59:18.225+0000] {processor.py:186} INFO - Started process (PID=267) to work on /opt/airflow/dags/dag_com_operador_python.py
[2024-09-20T20:59:18.226+0000] {processor.py:914} INFO - Processing file /opt/airflow/dags/dag_com_operador_python.py for tasks to queue
[2024-09-20T20:59:18.227+0000] {logging_mixin.py:190} INFO - [2024-09-20T20:59:18.227+0000] {dagbag.py:587} INFO - Filling up the DagBag from /opt/airflow/dags/dag_com_operador_python.py
[2024-09-20T20:59:18.234+0000] {processor.py:925} INFO - DAG(s) 'DAG_With_Python_Operator' retrieved from /opt/airflow/dags/dag_com_operador_python.py
[2024-09-20T20:59:18.250+0000] {logging_mixin.py:190} INFO - [2024-09-20T20:59:18.250+0000] {dag.py:3229} INFO - Sync 1 DAGs
[2024-09-20T20:59:18.265+0000] {logging_mixin.py:190} INFO - [2024-09-20T20:59:18.265+0000] {dag.py:4156} INFO - Setting next_dagrun for DAG_With_Python_Operator to 2024-09-20 00:00:00+00:00, run_after=2024-09-21 00:00:00+00:00
[2024-09-20T20:59:18.275+0000] {processor.py:208} INFO - Processing /opt/airflow/dags/dag_com_operador_python.py took 0.054 seconds
[2024-09-20T20:59:48.471+0000] {processor.py:186} INFO - Started process (PID=276) to work on /opt/airflow/dags/dag_com_operador_python.py
[2024-09-20T20:59:48.471+0000] {processor.py:914} INFO - Processing file /opt/airflow/dags/dag_com_operador_python.py for tasks to queue
[2024-09-20T20:59:48.473+0000] {logging_mixin.py:190} INFO - [2024-09-20T20:59:48.472+0000] {dagbag.py:587} INFO - Filling up the DagBag from /opt/airflow/dags/dag_com_operador_python.py
[2024-09-20T20:59:48.479+0000] {processor.py:925} INFO - DAG(s) 'DAG_With_Python_Operator' retrieved from /opt/airflow/dags/dag_com_operador_python.py
[2024-09-20T20:59:48.494+0000] {logging_mixin.py:190} INFO - [2024-09-20T20:59:48.493+0000] {dag.py:3229} INFO - Sync 1 DAGs
[2024-09-20T20:59:48.508+0000] {logging_mixin.py:190} INFO - [2024-09-20T20:59:48.508+0000] {dag.py:4156} INFO - Setting next_dagrun for DAG_With_Python_Operator to 2024-09-20 00:00:00+00:00, run_after=2024-09-21 00:00:00+00:00
[2024-09-20T20:59:48.517+0000] {processor.py:208} INFO - Processing /opt/airflow/dags/dag_com_operador_python.py took 0.049 seconds
[2024-09-20T21:00:18.677+0000] {processor.py:186} INFO - Started process (PID=285) to work on /opt/airflow/dags/dag_com_operador_python.py
[2024-09-20T21:00:18.678+0000] {processor.py:914} INFO - Processing file /opt/airflow/dags/dag_com_operador_python.py for tasks to queue
[2024-09-20T21:00:18.679+0000] {logging_mixin.py:190} INFO - [2024-09-20T21:00:18.679+0000] {dagbag.py:587} INFO - Filling up the DagBag from /opt/airflow/dags/dag_com_operador_python.py
[2024-09-20T21:00:18.686+0000] {processor.py:925} INFO - DAG(s) 'DAG_With_Python_Operator' retrieved from /opt/airflow/dags/dag_com_operador_python.py
[2024-09-20T21:00:18.701+0000] {logging_mixin.py:190} INFO - [2024-09-20T21:00:18.701+0000] {dag.py:3229} INFO - Sync 1 DAGs
[2024-09-20T21:00:18.715+0000] {logging_mixin.py:190} INFO - [2024-09-20T21:00:18.715+0000] {dag.py:4156} INFO - Setting next_dagrun for DAG_With_Python_Operator to 2024-09-20 00:00:00+00:00, run_after=2024-09-21 00:00:00+00:00
[2024-09-20T21:00:18.724+0000] {processor.py:208} INFO - Processing /opt/airflow/dags/dag_com_operador_python.py took 0.050 seconds
[2024-09-20T21:00:48.898+0000] {processor.py:186} INFO - Started process (PID=294) to work on /opt/airflow/dags/dag_com_operador_python.py
[2024-09-20T21:00:48.899+0000] {processor.py:914} INFO - Processing file /opt/airflow/dags/dag_com_operador_python.py for tasks to queue
[2024-09-20T21:00:48.900+0000] {logging_mixin.py:190} INFO - [2024-09-20T21:00:48.900+0000] {dagbag.py:587} INFO - Filling up the DagBag from /opt/airflow/dags/dag_com_operador_python.py
[2024-09-20T21:00:48.907+0000] {processor.py:925} INFO - DAG(s) 'DAG_With_Python_Operator' retrieved from /opt/airflow/dags/dag_com_operador_python.py
[2024-09-20T21:00:48.921+0000] {logging_mixin.py:190} INFO - [2024-09-20T21:00:48.921+0000] {dag.py:3229} INFO - Sync 1 DAGs
[2024-09-20T21:00:48.935+0000] {logging_mixin.py:190} INFO - [2024-09-20T21:00:48.935+0000] {dag.py:4156} INFO - Setting next_dagrun for DAG_With_Python_Operator to 2024-09-20 00:00:00+00:00, run_after=2024-09-21 00:00:00+00:00
[2024-09-20T21:00:48.944+0000] {processor.py:208} INFO - Processing /opt/airflow/dags/dag_com_operador_python.py took 0.049 seconds
[2024-09-20T21:01:19.092+0000] {processor.py:186} INFO - Started process (PID=303) to work on /opt/airflow/dags/dag_com_operador_python.py
[2024-09-20T21:01:19.093+0000] {processor.py:914} INFO - Processing file /opt/airflow/dags/dag_com_operador_python.py for tasks to queue
[2024-09-20T21:01:19.095+0000] {logging_mixin.py:190} INFO - [2024-09-20T21:01:19.094+0000] {dagbag.py:587} INFO - Filling up the DagBag from /opt/airflow/dags/dag_com_operador_python.py
[2024-09-20T21:01:19.101+0000] {processor.py:925} INFO - DAG(s) 'DAG_With_Python_Operator' retrieved from /opt/airflow/dags/dag_com_operador_python.py
[2024-09-20T21:01:19.117+0000] {logging_mixin.py:190} INFO - [2024-09-20T21:01:19.117+0000] {dag.py:3229} INFO - Sync 1 DAGs
[2024-09-20T21:01:19.131+0000] {logging_mixin.py:190} INFO - [2024-09-20T21:01:19.131+0000] {dag.py:4156} INFO - Setting next_dagrun for DAG_With_Python_Operator to 2024-09-20 00:00:00+00:00, run_after=2024-09-21 00:00:00+00:00
[2024-09-20T21:01:19.140+0000] {processor.py:208} INFO - Processing /opt/airflow/dags/dag_com_operador_python.py took 0.052 seconds
[2024-09-20T21:01:49.314+0000] {processor.py:186} INFO - Started process (PID=312) to work on /opt/airflow/dags/dag_com_operador_python.py
[2024-09-20T21:01:49.314+0000] {processor.py:914} INFO - Processing file /opt/airflow/dags/dag_com_operador_python.py for tasks to queue
[2024-09-20T21:01:49.316+0000] {logging_mixin.py:190} INFO - [2024-09-20T21:01:49.316+0000] {dagbag.py:587} INFO - Filling up the DagBag from /opt/airflow/dags/dag_com_operador_python.py
[2024-09-20T21:01:49.322+0000] {processor.py:925} INFO - DAG(s) 'DAG_With_Python_Operator' retrieved from /opt/airflow/dags/dag_com_operador_python.py
[2024-09-20T21:01:49.336+0000] {logging_mixin.py:190} INFO - [2024-09-20T21:01:49.336+0000] {dag.py:3229} INFO - Sync 1 DAGs
[2024-09-20T21:01:49.351+0000] {logging_mixin.py:190} INFO - [2024-09-20T21:01:49.351+0000] {dag.py:4156} INFO - Setting next_dagrun for DAG_With_Python_Operator to 2024-09-20 00:00:00+00:00, run_after=2024-09-21 00:00:00+00:00
[2024-09-20T21:01:49.360+0000] {processor.py:208} INFO - Processing /opt/airflow/dags/dag_com_operador_python.py took 0.050 seconds
[2024-09-20T21:02:19.517+0000] {processor.py:186} INFO - Started process (PID=321) to work on /opt/airflow/dags/dag_com_operador_python.py
[2024-09-20T21:02:19.517+0000] {processor.py:914} INFO - Processing file /opt/airflow/dags/dag_com_operador_python.py for tasks to queue
[2024-09-20T21:02:19.519+0000] {logging_mixin.py:190} INFO - [2024-09-20T21:02:19.518+0000] {dagbag.py:587} INFO - Filling up the DagBag from /opt/airflow/dags/dag_com_operador_python.py
[2024-09-20T21:02:19.526+0000] {processor.py:925} INFO - DAG(s) 'DAG_With_Python_Operator' retrieved from /opt/airflow/dags/dag_com_operador_python.py
[2024-09-20T21:02:19.540+0000] {logging_mixin.py:190} INFO - [2024-09-20T21:02:19.540+0000] {dag.py:3229} INFO - Sync 1 DAGs
[2024-09-20T21:02:19.555+0000] {logging_mixin.py:190} INFO - [2024-09-20T21:02:19.554+0000] {dag.py:4156} INFO - Setting next_dagrun for DAG_With_Python_Operator to 2024-09-20 00:00:00+00:00, run_after=2024-09-21 00:00:00+00:00
[2024-09-20T21:02:19.564+0000] {processor.py:208} INFO - Processing /opt/airflow/dags/dag_com_operador_python.py took 0.051 seconds
[2024-09-20T21:02:49.759+0000] {processor.py:186} INFO - Started process (PID=331) to work on /opt/airflow/dags/dag_com_operador_python.py
[2024-09-20T21:02:49.759+0000] {processor.py:914} INFO - Processing file /opt/airflow/dags/dag_com_operador_python.py for tasks to queue
[2024-09-20T21:02:49.760+0000] {logging_mixin.py:190} INFO - [2024-09-20T21:02:49.760+0000] {dagbag.py:587} INFO - Filling up the DagBag from /opt/airflow/dags/dag_com_operador_python.py
[2024-09-20T21:02:49.767+0000] {processor.py:925} INFO - DAG(s) 'DAG_With_Python_Operator' retrieved from /opt/airflow/dags/dag_com_operador_python.py
[2024-09-20T21:02:49.781+0000] {logging_mixin.py:190} INFO - [2024-09-20T21:02:49.781+0000] {dag.py:3229} INFO - Sync 1 DAGs
[2024-09-20T21:02:49.795+0000] {logging_mixin.py:190} INFO - [2024-09-20T21:02:49.795+0000] {dag.py:4156} INFO - Setting next_dagrun for DAG_With_Python_Operator to 2024-09-20 00:00:00+00:00, run_after=2024-09-21 00:00:00+00:00
[2024-09-20T21:02:49.804+0000] {processor.py:208} INFO - Processing /opt/airflow/dags/dag_com_operador_python.py took 0.048 seconds
[2024-09-20T21:03:20.006+0000] {processor.py:186} INFO - Started process (PID=341) to work on /opt/airflow/dags/dag_com_operador_python.py
[2024-09-20T21:03:20.007+0000] {processor.py:914} INFO - Processing file /opt/airflow/dags/dag_com_operador_python.py for tasks to queue
[2024-09-20T21:03:20.009+0000] {logging_mixin.py:190} INFO - [2024-09-20T21:03:20.009+0000] {dagbag.py:587} INFO - Filling up the DagBag from /opt/airflow/dags/dag_com_operador_python.py
[2024-09-20T21:03:20.016+0000] {processor.py:925} INFO - DAG(s) 'DAG_With_Python_Operator' retrieved from /opt/airflow/dags/dag_com_operador_python.py
[2024-09-20T21:03:20.036+0000] {logging_mixin.py:190} INFO - [2024-09-20T21:03:20.036+0000] {dag.py:3229} INFO - Sync 1 DAGs
[2024-09-20T21:03:20.055+0000] {logging_mixin.py:190} INFO - [2024-09-20T21:03:20.055+0000] {dag.py:4156} INFO - Setting next_dagrun for DAG_With_Python_Operator to 2024-09-20 00:00:00+00:00, run_after=2024-09-21 00:00:00+00:00
[2024-09-20T21:03:20.066+0000] {processor.py:208} INFO - Processing /opt/airflow/dags/dag_com_operador_python.py took 0.063 seconds
[2024-09-20T21:03:50.283+0000] {processor.py:186} INFO - Started process (PID=351) to work on /opt/airflow/dags/dag_com_operador_python.py
[2024-09-20T21:03:50.283+0000] {processor.py:914} INFO - Processing file /opt/airflow/dags/dag_com_operador_python.py for tasks to queue
[2024-09-20T21:03:50.285+0000] {logging_mixin.py:190} INFO - [2024-09-20T21:03:50.285+0000] {dagbag.py:587} INFO - Filling up the DagBag from /opt/airflow/dags/dag_com_operador_python.py
[2024-09-20T21:03:50.292+0000] {processor.py:925} INFO - DAG(s) 'DAG_With_Python_Operator' retrieved from /opt/airflow/dags/dag_com_operador_python.py
[2024-09-20T21:03:50.309+0000] {logging_mixin.py:190} INFO - [2024-09-20T21:03:50.309+0000] {dag.py:3229} INFO - Sync 1 DAGs
[2024-09-20T21:03:50.324+0000] {logging_mixin.py:190} INFO - [2024-09-20T21:03:50.324+0000] {dag.py:4156} INFO - Setting next_dagrun for DAG_With_Python_Operator to 2024-09-20 00:00:00+00:00, run_after=2024-09-21 00:00:00+00:00
[2024-09-20T21:03:50.334+0000] {processor.py:208} INFO - Processing /opt/airflow/dags/dag_com_operador_python.py took 0.055 seconds
[2024-09-20T21:04:20.550+0000] {processor.py:186} INFO - Started process (PID=361) to work on /opt/airflow/dags/dag_com_operador_python.py
[2024-09-20T21:04:20.550+0000] {processor.py:914} INFO - Processing file /opt/airflow/dags/dag_com_operador_python.py for tasks to queue
[2024-09-20T21:04:20.552+0000] {logging_mixin.py:190} INFO - [2024-09-20T21:04:20.551+0000] {dagbag.py:587} INFO - Filling up the DagBag from /opt/airflow/dags/dag_com_operador_python.py
[2024-09-20T21:04:20.558+0000] {processor.py:925} INFO - DAG(s) 'DAG_With_Python_Operator' retrieved from /opt/airflow/dags/dag_com_operador_python.py
[2024-09-20T21:04:20.574+0000] {logging_mixin.py:190} INFO - [2024-09-20T21:04:20.574+0000] {dag.py:3229} INFO - Sync 1 DAGs
[2024-09-20T21:04:20.590+0000] {logging_mixin.py:190} INFO - [2024-09-20T21:04:20.590+0000] {dag.py:4156} INFO - Setting next_dagrun for DAG_With_Python_Operator to 2024-09-20 00:00:00+00:00, run_after=2024-09-21 00:00:00+00:00
[2024-09-20T21:04:20.599+0000] {processor.py:208} INFO - Processing /opt/airflow/dags/dag_com_operador_python.py took 0.053 seconds
[2024-09-20T21:04:50.803+0000] {processor.py:186} INFO - Started process (PID=371) to work on /opt/airflow/dags/dag_com_operador_python.py
[2024-09-20T21:04:50.804+0000] {processor.py:914} INFO - Processing file /opt/airflow/dags/dag_com_operador_python.py for tasks to queue
[2024-09-20T21:04:50.805+0000] {logging_mixin.py:190} INFO - [2024-09-20T21:04:50.805+0000] {dagbag.py:587} INFO - Filling up the DagBag from /opt/airflow/dags/dag_com_operador_python.py
[2024-09-20T21:04:50.812+0000] {processor.py:925} INFO - DAG(s) 'DAG_With_Python_Operator' retrieved from /opt/airflow/dags/dag_com_operador_python.py
[2024-09-20T21:04:50.826+0000] {logging_mixin.py:190} INFO - [2024-09-20T21:04:50.826+0000] {dag.py:3229} INFO - Sync 1 DAGs
[2024-09-20T21:04:50.841+0000] {logging_mixin.py:190} INFO - [2024-09-20T21:04:50.841+0000] {dag.py:4156} INFO - Setting next_dagrun for DAG_With_Python_Operator to 2024-09-20 00:00:00+00:00, run_after=2024-09-21 00:00:00+00:00
[2024-09-20T21:04:50.850+0000] {processor.py:208} INFO - Processing /opt/airflow/dags/dag_com_operador_python.py took 0.050 seconds
[2024-09-20T21:05:21.051+0000] {processor.py:186} INFO - Started process (PID=381) to work on /opt/airflow/dags/dag_com_operador_python.py
[2024-09-20T21:05:21.051+0000] {processor.py:914} INFO - Processing file /opt/airflow/dags/dag_com_operador_python.py for tasks to queue
[2024-09-20T21:05:21.053+0000] {logging_mixin.py:190} INFO - [2024-09-20T21:05:21.053+0000] {dagbag.py:587} INFO - Filling up the DagBag from /opt/airflow/dags/dag_com_operador_python.py
[2024-09-20T21:05:21.060+0000] {processor.py:925} INFO - DAG(s) 'DAG_With_Python_Operator' retrieved from /opt/airflow/dags/dag_com_operador_python.py
[2024-09-20T21:05:21.076+0000] {logging_mixin.py:190} INFO - [2024-09-20T21:05:21.076+0000] {dag.py:3229} INFO - Sync 1 DAGs
[2024-09-20T21:05:21.091+0000] {logging_mixin.py:190} INFO - [2024-09-20T21:05:21.091+0000] {dag.py:4156} INFO - Setting next_dagrun for DAG_With_Python_Operator to 2024-09-20 00:00:00+00:00, run_after=2024-09-21 00:00:00+00:00
[2024-09-20T21:05:21.101+0000] {processor.py:208} INFO - Processing /opt/airflow/dags/dag_com_operador_python.py took 0.054 seconds
[2024-09-20T21:05:51.303+0000] {processor.py:186} INFO - Started process (PID=391) to work on /opt/airflow/dags/dag_com_operador_python.py
[2024-09-20T21:05:51.304+0000] {processor.py:914} INFO - Processing file /opt/airflow/dags/dag_com_operador_python.py for tasks to queue
[2024-09-20T21:05:51.305+0000] {logging_mixin.py:190} INFO - [2024-09-20T21:05:51.305+0000] {dagbag.py:587} INFO - Filling up the DagBag from /opt/airflow/dags/dag_com_operador_python.py
[2024-09-20T21:05:51.313+0000] {processor.py:925} INFO - DAG(s) 'DAG_With_Python_Operator' retrieved from /opt/airflow/dags/dag_com_operador_python.py
[2024-09-20T21:05:51.328+0000] {logging_mixin.py:190} INFO - [2024-09-20T21:05:51.328+0000] {dag.py:3229} INFO - Sync 1 DAGs
[2024-09-20T21:05:51.344+0000] {logging_mixin.py:190} INFO - [2024-09-20T21:05:51.344+0000] {dag.py:4156} INFO - Setting next_dagrun for DAG_With_Python_Operator to 2024-09-20 00:00:00+00:00, run_after=2024-09-21 00:00:00+00:00
[2024-09-20T21:05:51.353+0000] {processor.py:208} INFO - Processing /opt/airflow/dags/dag_com_operador_python.py took 0.053 seconds
[2024-09-20T21:06:21.567+0000] {processor.py:186} INFO - Started process (PID=401) to work on /opt/airflow/dags/dag_com_operador_python.py
[2024-09-20T21:06:21.568+0000] {processor.py:914} INFO - Processing file /opt/airflow/dags/dag_com_operador_python.py for tasks to queue
[2024-09-20T21:06:21.569+0000] {logging_mixin.py:190} INFO - [2024-09-20T21:06:21.569+0000] {dagbag.py:587} INFO - Filling up the DagBag from /opt/airflow/dags/dag_com_operador_python.py
[2024-09-20T21:06:21.576+0000] {processor.py:925} INFO - DAG(s) 'DAG_With_Python_Operator' retrieved from /opt/airflow/dags/dag_com_operador_python.py
[2024-09-20T21:06:21.591+0000] {logging_mixin.py:190} INFO - [2024-09-20T21:06:21.591+0000] {dag.py:3229} INFO - Sync 1 DAGs
[2024-09-20T21:06:21.606+0000] {logging_mixin.py:190} INFO - [2024-09-20T21:06:21.606+0000] {dag.py:4156} INFO - Setting next_dagrun for DAG_With_Python_Operator to 2024-09-20 00:00:00+00:00, run_after=2024-09-21 00:00:00+00:00
[2024-09-20T21:06:21.615+0000] {processor.py:208} INFO - Processing /opt/airflow/dags/dag_com_operador_python.py took 0.052 seconds
[2024-09-20T21:06:51.822+0000] {processor.py:186} INFO - Started process (PID=411) to work on /opt/airflow/dags/dag_com_operador_python.py
[2024-09-20T21:06:51.823+0000] {processor.py:914} INFO - Processing file /opt/airflow/dags/dag_com_operador_python.py for tasks to queue
[2024-09-20T21:06:51.824+0000] {logging_mixin.py:190} INFO - [2024-09-20T21:06:51.824+0000] {dagbag.py:587} INFO - Filling up the DagBag from /opt/airflow/dags/dag_com_operador_python.py
[2024-09-20T21:06:51.830+0000] {processor.py:925} INFO - DAG(s) 'DAG_With_Python_Operator' retrieved from /opt/airflow/dags/dag_com_operador_python.py
[2024-09-20T21:06:51.845+0000] {logging_mixin.py:190} INFO - [2024-09-20T21:06:51.844+0000] {dag.py:3229} INFO - Sync 1 DAGs
[2024-09-20T21:06:51.858+0000] {logging_mixin.py:190} INFO - [2024-09-20T21:06:51.858+0000] {dag.py:4156} INFO - Setting next_dagrun for DAG_With_Python_Operator to 2024-09-20 00:00:00+00:00, run_after=2024-09-21 00:00:00+00:00
[2024-09-20T21:06:51.867+0000] {processor.py:208} INFO - Processing /opt/airflow/dags/dag_com_operador_python.py took 0.049 seconds
[2024-09-20T21:07:22.077+0000] {processor.py:186} INFO - Started process (PID=421) to work on /opt/airflow/dags/dag_com_operador_python.py
[2024-09-20T21:07:22.078+0000] {processor.py:914} INFO - Processing file /opt/airflow/dags/dag_com_operador_python.py for tasks to queue
[2024-09-20T21:07:22.079+0000] {logging_mixin.py:190} INFO - [2024-09-20T21:07:22.079+0000] {dagbag.py:587} INFO - Filling up the DagBag from /opt/airflow/dags/dag_com_operador_python.py
[2024-09-20T21:07:22.086+0000] {processor.py:925} INFO - DAG(s) 'DAG_With_Python_Operator' retrieved from /opt/airflow/dags/dag_com_operador_python.py
[2024-09-20T21:07:22.100+0000] {logging_mixin.py:190} INFO - [2024-09-20T21:07:22.100+0000] {dag.py:3229} INFO - Sync 1 DAGs
[2024-09-20T21:07:22.114+0000] {logging_mixin.py:190} INFO - [2024-09-20T21:07:22.114+0000] {dag.py:4156} INFO - Setting next_dagrun for DAG_With_Python_Operator to 2024-09-20 00:00:00+00:00, run_after=2024-09-21 00:00:00+00:00
[2024-09-20T21:07:22.123+0000] {processor.py:208} INFO - Processing /opt/airflow/dags/dag_com_operador_python.py took 0.049 seconds
[2024-09-20T21:07:52.353+0000] {processor.py:186} INFO - Started process (PID=432) to work on /opt/airflow/dags/dag_com_operador_python.py
[2024-09-20T21:07:52.354+0000] {processor.py:914} INFO - Processing file /opt/airflow/dags/dag_com_operador_python.py for tasks to queue
[2024-09-20T21:07:52.356+0000] {logging_mixin.py:190} INFO - [2024-09-20T21:07:52.355+0000] {dagbag.py:587} INFO - Filling up the DagBag from /opt/airflow/dags/dag_com_operador_python.py
[2024-09-20T21:07:52.362+0000] {processor.py:925} INFO - DAG(s) 'DAG_With_Python_Operator' retrieved from /opt/airflow/dags/dag_com_operador_python.py
[2024-09-20T21:07:52.377+0000] {logging_mixin.py:190} INFO - [2024-09-20T21:07:52.377+0000] {dag.py:3229} INFO - Sync 1 DAGs
[2024-09-20T21:07:52.391+0000] {logging_mixin.py:190} INFO - [2024-09-20T21:07:52.391+0000] {dag.py:4156} INFO - Setting next_dagrun for DAG_With_Python_Operator to 2024-09-20 00:00:00+00:00, run_after=2024-09-21 00:00:00+00:00
[2024-09-20T21:07:52.401+0000] {processor.py:208} INFO - Processing /opt/airflow/dags/dag_com_operador_python.py took 0.051 seconds
[2024-09-20T21:08:22.663+0000] {processor.py:186} INFO - Started process (PID=443) to work on /opt/airflow/dags/dag_com_operador_python.py
[2024-09-20T21:08:22.663+0000] {processor.py:914} INFO - Processing file /opt/airflow/dags/dag_com_operador_python.py for tasks to queue
[2024-09-20T21:08:22.665+0000] {logging_mixin.py:190} INFO - [2024-09-20T21:08:22.664+0000] {dagbag.py:587} INFO - Filling up the DagBag from /opt/airflow/dags/dag_com_operador_python.py
[2024-09-20T21:08:22.671+0000] {processor.py:925} INFO - DAG(s) 'DAG_With_Python_Operator' retrieved from /opt/airflow/dags/dag_com_operador_python.py
[2024-09-20T21:08:22.686+0000] {logging_mixin.py:190} INFO - [2024-09-20T21:08:22.685+0000] {dag.py:3229} INFO - Sync 1 DAGs
[2024-09-20T21:08:22.700+0000] {logging_mixin.py:190} INFO - [2024-09-20T21:08:22.700+0000] {dag.py:4156} INFO - Setting next_dagrun for DAG_With_Python_Operator to 2024-09-20 00:00:00+00:00, run_after=2024-09-21 00:00:00+00:00
[2024-09-20T21:08:22.709+0000] {processor.py:208} INFO - Processing /opt/airflow/dags/dag_com_operador_python.py took 0.049 seconds
[2024-09-20T21:08:52.947+0000] {processor.py:186} INFO - Started process (PID=454) to work on /opt/airflow/dags/dag_com_operador_python.py
[2024-09-20T21:08:52.948+0000] {processor.py:914} INFO - Processing file /opt/airflow/dags/dag_com_operador_python.py for tasks to queue
[2024-09-20T21:08:52.949+0000] {logging_mixin.py:190} INFO - [2024-09-20T21:08:52.949+0000] {dagbag.py:587} INFO - Filling up the DagBag from /opt/airflow/dags/dag_com_operador_python.py
[2024-09-20T21:08:52.956+0000] {processor.py:925} INFO - DAG(s) 'DAG_With_Python_Operator' retrieved from /opt/airflow/dags/dag_com_operador_python.py
[2024-09-20T21:08:52.970+0000] {logging_mixin.py:190} INFO - [2024-09-20T21:08:52.970+0000] {dag.py:3229} INFO - Sync 1 DAGs
[2024-09-20T21:08:52.984+0000] {logging_mixin.py:190} INFO - [2024-09-20T21:08:52.984+0000] {dag.py:4156} INFO - Setting next_dagrun for DAG_With_Python_Operator to 2024-09-20 00:00:00+00:00, run_after=2024-09-21 00:00:00+00:00
[2024-09-20T21:08:52.994+0000] {processor.py:208} INFO - Processing /opt/airflow/dags/dag_com_operador_python.py took 0.050 seconds
[2024-09-20T21:09:23.259+0000] {processor.py:186} INFO - Started process (PID=465) to work on /opt/airflow/dags/dag_com_operador_python.py
[2024-09-20T21:09:23.259+0000] {processor.py:914} INFO - Processing file /opt/airflow/dags/dag_com_operador_python.py for tasks to queue
[2024-09-20T21:09:23.261+0000] {logging_mixin.py:190} INFO - [2024-09-20T21:09:23.261+0000] {dagbag.py:587} INFO - Filling up the DagBag from /opt/airflow/dags/dag_com_operador_python.py
[2024-09-20T21:09:23.267+0000] {processor.py:925} INFO - DAG(s) 'DAG_With_Python_Operator' retrieved from /opt/airflow/dags/dag_com_operador_python.py
[2024-09-20T21:09:23.282+0000] {logging_mixin.py:190} INFO - [2024-09-20T21:09:23.282+0000] {dag.py:3229} INFO - Sync 1 DAGs
[2024-09-20T21:09:23.296+0000] {logging_mixin.py:190} INFO - [2024-09-20T21:09:23.296+0000] {dag.py:4156} INFO - Setting next_dagrun for DAG_With_Python_Operator to 2024-09-20 00:00:00+00:00, run_after=2024-09-21 00:00:00+00:00
[2024-09-20T21:09:23.305+0000] {processor.py:208} INFO - Processing /opt/airflow/dags/dag_com_operador_python.py took 0.050 seconds
[2024-09-20T21:09:53.544+0000] {processor.py:186} INFO - Started process (PID=476) to work on /opt/airflow/dags/dag_com_operador_python.py
[2024-09-20T21:09:53.545+0000] {processor.py:914} INFO - Processing file /opt/airflow/dags/dag_com_operador_python.py for tasks to queue
[2024-09-20T21:09:53.546+0000] {logging_mixin.py:190} INFO - [2024-09-20T21:09:53.546+0000] {dagbag.py:587} INFO - Filling up the DagBag from /opt/airflow/dags/dag_com_operador_python.py
[2024-09-20T21:09:53.553+0000] {processor.py:925} INFO - DAG(s) 'DAG_With_Python_Operator' retrieved from /opt/airflow/dags/dag_com_operador_python.py
[2024-09-20T21:09:53.568+0000] {logging_mixin.py:190} INFO - [2024-09-20T21:09:53.567+0000] {dag.py:3229} INFO - Sync 1 DAGs
[2024-09-20T21:09:53.582+0000] {logging_mixin.py:190} INFO - [2024-09-20T21:09:53.581+0000] {dag.py:4156} INFO - Setting next_dagrun for DAG_With_Python_Operator to 2024-09-20 00:00:00+00:00, run_after=2024-09-21 00:00:00+00:00
[2024-09-20T21:09:53.591+0000] {processor.py:208} INFO - Processing /opt/airflow/dags/dag_com_operador_python.py took 0.050 seconds
[2024-09-20T21:10:23.853+0000] {processor.py:186} INFO - Started process (PID=487) to work on /opt/airflow/dags/dag_com_operador_python.py
[2024-09-20T21:10:23.853+0000] {processor.py:914} INFO - Processing file /opt/airflow/dags/dag_com_operador_python.py for tasks to queue
[2024-09-20T21:10:23.854+0000] {logging_mixin.py:190} INFO - [2024-09-20T21:10:23.854+0000] {dagbag.py:587} INFO - Filling up the DagBag from /opt/airflow/dags/dag_com_operador_python.py
[2024-09-20T21:10:23.861+0000] {processor.py:925} INFO - DAG(s) 'DAG_With_Python_Operator' retrieved from /opt/airflow/dags/dag_com_operador_python.py
[2024-09-20T21:10:23.875+0000] {logging_mixin.py:190} INFO - [2024-09-20T21:10:23.875+0000] {dag.py:3229} INFO - Sync 1 DAGs
[2024-09-20T21:10:23.889+0000] {logging_mixin.py:190} INFO - [2024-09-20T21:10:23.889+0000] {dag.py:4156} INFO - Setting next_dagrun for DAG_With_Python_Operator to 2024-09-20 00:00:00+00:00, run_after=2024-09-21 00:00:00+00:00
[2024-09-20T21:10:23.898+0000] {processor.py:208} INFO - Processing /opt/airflow/dags/dag_com_operador_python.py took 0.049 seconds
[2024-09-20T21:10:54.140+0000] {processor.py:186} INFO - Started process (PID=498) to work on /opt/airflow/dags/dag_com_operador_python.py
[2024-09-20T21:10:54.141+0000] {processor.py:914} INFO - Processing file /opt/airflow/dags/dag_com_operador_python.py for tasks to queue
[2024-09-20T21:10:54.142+0000] {logging_mixin.py:190} INFO - [2024-09-20T21:10:54.142+0000] {dagbag.py:587} INFO - Filling up the DagBag from /opt/airflow/dags/dag_com_operador_python.py
[2024-09-20T21:10:54.149+0000] {processor.py:925} INFO - DAG(s) 'DAG_With_Python_Operator' retrieved from /opt/airflow/dags/dag_com_operador_python.py
[2024-09-20T21:10:54.164+0000] {logging_mixin.py:190} INFO - [2024-09-20T21:10:54.164+0000] {dag.py:3229} INFO - Sync 1 DAGs
[2024-09-20T21:10:54.177+0000] {logging_mixin.py:190} INFO - [2024-09-20T21:10:54.177+0000] {dag.py:4156} INFO - Setting next_dagrun for DAG_With_Python_Operator to 2024-09-20 00:00:00+00:00, run_after=2024-09-21 00:00:00+00:00
[2024-09-20T21:10:54.186+0000] {processor.py:208} INFO - Processing /opt/airflow/dags/dag_com_operador_python.py took 0.050 seconds
[2024-09-20T21:11:24.443+0000] {processor.py:186} INFO - Started process (PID=509) to work on /opt/airflow/dags/dag_com_operador_python.py
[2024-09-20T21:11:24.444+0000] {processor.py:914} INFO - Processing file /opt/airflow/dags/dag_com_operador_python.py for tasks to queue
[2024-09-20T21:11:24.445+0000] {logging_mixin.py:190} INFO - [2024-09-20T21:11:24.445+0000] {dagbag.py:587} INFO - Filling up the DagBag from /opt/airflow/dags/dag_com_operador_python.py
[2024-09-20T21:11:24.452+0000] {processor.py:925} INFO - DAG(s) 'DAG_With_Python_Operator' retrieved from /opt/airflow/dags/dag_com_operador_python.py
[2024-09-20T21:11:24.466+0000] {logging_mixin.py:190} INFO - [2024-09-20T21:11:24.466+0000] {dag.py:3229} INFO - Sync 1 DAGs
[2024-09-20T21:11:24.480+0000] {logging_mixin.py:190} INFO - [2024-09-20T21:11:24.480+0000] {dag.py:4156} INFO - Setting next_dagrun for DAG_With_Python_Operator to 2024-09-20 00:00:00+00:00, run_after=2024-09-21 00:00:00+00:00
[2024-09-20T21:11:24.488+0000] {processor.py:208} INFO - Processing /opt/airflow/dags/dag_com_operador_python.py took 0.049 seconds
[2024-09-20T21:11:54.737+0000] {processor.py:186} INFO - Started process (PID=520) to work on /opt/airflow/dags/dag_com_operador_python.py
[2024-09-20T21:11:54.737+0000] {processor.py:914} INFO - Processing file /opt/airflow/dags/dag_com_operador_python.py for tasks to queue
[2024-09-20T21:11:54.739+0000] {logging_mixin.py:190} INFO - [2024-09-20T21:11:54.738+0000] {dagbag.py:587} INFO - Filling up the DagBag from /opt/airflow/dags/dag_com_operador_python.py
[2024-09-20T21:11:54.745+0000] {processor.py:925} INFO - DAG(s) 'DAG_With_Python_Operator' retrieved from /opt/airflow/dags/dag_com_operador_python.py
[2024-09-20T21:11:54.760+0000] {logging_mixin.py:190} INFO - [2024-09-20T21:11:54.760+0000] {dag.py:3229} INFO - Sync 1 DAGs
[2024-09-20T21:11:54.774+0000] {logging_mixin.py:190} INFO - [2024-09-20T21:11:54.774+0000] {dag.py:4156} INFO - Setting next_dagrun for DAG_With_Python_Operator to 2024-09-20 00:00:00+00:00, run_after=2024-09-21 00:00:00+00:00
[2024-09-20T21:11:54.783+0000] {processor.py:208} INFO - Processing /opt/airflow/dags/dag_com_operador_python.py took 0.050 seconds
[2024-09-20T21:12:25.042+0000] {processor.py:186} INFO - Started process (PID=531) to work on /opt/airflow/dags/dag_com_operador_python.py
[2024-09-20T21:12:25.042+0000] {processor.py:914} INFO - Processing file /opt/airflow/dags/dag_com_operador_python.py for tasks to queue
[2024-09-20T21:12:25.043+0000] {logging_mixin.py:190} INFO - [2024-09-20T21:12:25.043+0000] {dagbag.py:587} INFO - Filling up the DagBag from /opt/airflow/dags/dag_com_operador_python.py
[2024-09-20T21:12:25.050+0000] {processor.py:925} INFO - DAG(s) 'DAG_With_Python_Operator' retrieved from /opt/airflow/dags/dag_com_operador_python.py
[2024-09-20T21:12:25.064+0000] {logging_mixin.py:190} INFO - [2024-09-20T21:12:25.064+0000] {dag.py:3229} INFO - Sync 1 DAGs
[2024-09-20T21:12:25.078+0000] {logging_mixin.py:190} INFO - [2024-09-20T21:12:25.078+0000] {dag.py:4156} INFO - Setting next_dagrun for DAG_With_Python_Operator to 2024-09-20 00:00:00+00:00, run_after=2024-09-21 00:00:00+00:00
[2024-09-20T21:12:25.087+0000] {processor.py:208} INFO - Processing /opt/airflow/dags/dag_com_operador_python.py took 0.049 seconds
[2024-09-20T21:12:55.336+0000] {processor.py:186} INFO - Started process (PID=542) to work on /opt/airflow/dags/dag_com_operador_python.py
[2024-09-20T21:12:55.336+0000] {processor.py:914} INFO - Processing file /opt/airflow/dags/dag_com_operador_python.py for tasks to queue
[2024-09-20T21:12:55.338+0000] {logging_mixin.py:190} INFO - [2024-09-20T21:12:55.337+0000] {dagbag.py:587} INFO - Filling up the DagBag from /opt/airflow/dags/dag_com_operador_python.py
[2024-09-20T21:12:55.344+0000] {processor.py:925} INFO - DAG(s) 'DAG_With_Python_Operator' retrieved from /opt/airflow/dags/dag_com_operador_python.py
[2024-09-20T21:12:55.360+0000] {logging_mixin.py:190} INFO - [2024-09-20T21:12:55.360+0000] {dag.py:3229} INFO - Sync 1 DAGs
[2024-09-20T21:12:55.374+0000] {logging_mixin.py:190} INFO - [2024-09-20T21:12:55.374+0000] {dag.py:4156} INFO - Setting next_dagrun for DAG_With_Python_Operator to 2024-09-20 00:00:00+00:00, run_after=2024-09-21 00:00:00+00:00
[2024-09-20T21:12:55.383+0000] {processor.py:208} INFO - Processing /opt/airflow/dags/dag_com_operador_python.py took 0.050 seconds
[2024-09-20T21:13:25.656+0000] {processor.py:186} INFO - Started process (PID=553) to work on /opt/airflow/dags/dag_com_operador_python.py
[2024-09-20T21:13:25.657+0000] {processor.py:914} INFO - Processing file /opt/airflow/dags/dag_com_operador_python.py for tasks to queue
[2024-09-20T21:13:25.658+0000] {logging_mixin.py:190} INFO - [2024-09-20T21:13:25.658+0000] {dagbag.py:587} INFO - Filling up the DagBag from /opt/airflow/dags/dag_com_operador_python.py
[2024-09-20T21:13:25.665+0000] {processor.py:925} INFO - DAG(s) 'DAG_With_Python_Operator' retrieved from /opt/airflow/dags/dag_com_operador_python.py
[2024-09-20T21:13:25.679+0000] {logging_mixin.py:190} INFO - [2024-09-20T21:13:25.679+0000] {dag.py:3229} INFO - Sync 1 DAGs
[2024-09-20T21:13:25.693+0000] {logging_mixin.py:190} INFO - [2024-09-20T21:13:25.693+0000] {dag.py:4156} INFO - Setting next_dagrun for DAG_With_Python_Operator to 2024-09-20 00:00:00+00:00, run_after=2024-09-21 00:00:00+00:00
[2024-09-20T21:13:25.702+0000] {processor.py:208} INFO - Processing /opt/airflow/dags/dag_com_operador_python.py took 0.049 seconds
[2024-09-20T21:13:55.940+0000] {processor.py:186} INFO - Started process (PID=564) to work on /opt/airflow/dags/dag_com_operador_python.py
[2024-09-20T21:13:55.941+0000] {processor.py:914} INFO - Processing file /opt/airflow/dags/dag_com_operador_python.py for tasks to queue
[2024-09-20T21:13:55.942+0000] {logging_mixin.py:190} INFO - [2024-09-20T21:13:55.942+0000] {dagbag.py:587} INFO - Filling up the DagBag from /opt/airflow/dags/dag_com_operador_python.py
[2024-09-20T21:13:55.949+0000] {processor.py:925} INFO - DAG(s) 'DAG_With_Python_Operator' retrieved from /opt/airflow/dags/dag_com_operador_python.py
[2024-09-20T21:13:55.963+0000] {logging_mixin.py:190} INFO - [2024-09-20T21:13:55.963+0000] {dag.py:3229} INFO - Sync 1 DAGs
[2024-09-20T21:13:55.977+0000] {logging_mixin.py:190} INFO - [2024-09-20T21:13:55.977+0000] {dag.py:4156} INFO - Setting next_dagrun for DAG_With_Python_Operator to 2024-09-20 00:00:00+00:00, run_after=2024-09-21 00:00:00+00:00
[2024-09-20T21:13:55.986+0000] {processor.py:208} INFO - Processing /opt/airflow/dags/dag_com_operador_python.py took 0.050 seconds
[2024-09-20T21:14:26.248+0000] {processor.py:186} INFO - Started process (PID=575) to work on /opt/airflow/dags/dag_com_operador_python.py
[2024-09-20T21:14:26.249+0000] {processor.py:914} INFO - Processing file /opt/airflow/dags/dag_com_operador_python.py for tasks to queue
[2024-09-20T21:14:26.250+0000] {logging_mixin.py:190} INFO - [2024-09-20T21:14:26.250+0000] {dagbag.py:587} INFO - Filling up the DagBag from /opt/airflow/dags/dag_com_operador_python.py
[2024-09-20T21:14:26.258+0000] {processor.py:925} INFO - DAG(s) 'DAG_With_Python_Operator' retrieved from /opt/airflow/dags/dag_com_operador_python.py
[2024-09-20T21:14:26.272+0000] {logging_mixin.py:190} INFO - [2024-09-20T21:14:26.272+0000] {dag.py:3229} INFO - Sync 1 DAGs
[2024-09-20T21:14:26.286+0000] {logging_mixin.py:190} INFO - [2024-09-20T21:14:26.286+0000] {dag.py:4156} INFO - Setting next_dagrun for DAG_With_Python_Operator to 2024-09-20 00:00:00+00:00, run_after=2024-09-21 00:00:00+00:00
[2024-09-20T21:14:26.295+0000] {processor.py:208} INFO - Processing /opt/airflow/dags/dag_com_operador_python.py took 0.051 seconds
[2024-09-20T21:14:56.546+0000] {processor.py:186} INFO - Started process (PID=586) to work on /opt/airflow/dags/dag_com_operador_python.py
[2024-09-20T21:14:56.546+0000] {processor.py:914} INFO - Processing file /opt/airflow/dags/dag_com_operador_python.py for tasks to queue
[2024-09-20T21:14:56.548+0000] {logging_mixin.py:190} INFO - [2024-09-20T21:14:56.547+0000] {dagbag.py:587} INFO - Filling up the DagBag from /opt/airflow/dags/dag_com_operador_python.py
[2024-09-20T21:14:56.554+0000] {processor.py:925} INFO - DAG(s) 'DAG_With_Python_Operator' retrieved from /opt/airflow/dags/dag_com_operador_python.py
[2024-09-20T21:14:56.568+0000] {logging_mixin.py:190} INFO - [2024-09-20T21:14:56.568+0000] {dag.py:3229} INFO - Sync 1 DAGs
[2024-09-20T21:14:56.582+0000] {logging_mixin.py:190} INFO - [2024-09-20T21:14:56.582+0000] {dag.py:4156} INFO - Setting next_dagrun for DAG_With_Python_Operator to 2024-09-20 00:00:00+00:00, run_after=2024-09-21 00:00:00+00:00
[2024-09-20T21:14:56.591+0000] {processor.py:208} INFO - Processing /opt/airflow/dags/dag_com_operador_python.py took 0.049 seconds
[2024-09-20T21:15:26.839+0000] {processor.py:186} INFO - Started process (PID=597) to work on /opt/airflow/dags/dag_com_operador_python.py
[2024-09-20T21:15:26.840+0000] {processor.py:914} INFO - Processing file /opt/airflow/dags/dag_com_operador_python.py for tasks to queue
[2024-09-20T21:15:26.841+0000] {logging_mixin.py:190} INFO - [2024-09-20T21:15:26.841+0000] {dagbag.py:587} INFO - Filling up the DagBag from /opt/airflow/dags/dag_com_operador_python.py
[2024-09-20T21:15:26.848+0000] {processor.py:925} INFO - DAG(s) 'DAG_With_Python_Operator' retrieved from /opt/airflow/dags/dag_com_operador_python.py
[2024-09-20T21:15:26.862+0000] {logging_mixin.py:190} INFO - [2024-09-20T21:15:26.862+0000] {dag.py:3229} INFO - Sync 1 DAGs
[2024-09-20T21:15:26.877+0000] {logging_mixin.py:190} INFO - [2024-09-20T21:15:26.876+0000] {dag.py:4156} INFO - Setting next_dagrun for DAG_With_Python_Operator to 2024-09-20 00:00:00+00:00, run_after=2024-09-21 00:00:00+00:00
[2024-09-20T21:15:26.885+0000] {processor.py:208} INFO - Processing /opt/airflow/dags/dag_com_operador_python.py took 0.050 seconds
[2024-09-20T21:15:57.145+0000] {processor.py:186} INFO - Started process (PID=608) to work on /opt/airflow/dags/dag_com_operador_python.py
[2024-09-20T21:15:57.145+0000] {processor.py:914} INFO - Processing file /opt/airflow/dags/dag_com_operador_python.py for tasks to queue
[2024-09-20T21:15:57.147+0000] {logging_mixin.py:190} INFO - [2024-09-20T21:15:57.147+0000] {dagbag.py:587} INFO - Filling up the DagBag from /opt/airflow/dags/dag_com_operador_python.py
[2024-09-20T21:15:57.154+0000] {processor.py:925} INFO - DAG(s) 'DAG_With_Python_Operator' retrieved from /opt/airflow/dags/dag_com_operador_python.py
[2024-09-20T21:15:57.168+0000] {logging_mixin.py:190} INFO - [2024-09-20T21:15:57.168+0000] {dag.py:3229} INFO - Sync 1 DAGs
[2024-09-20T21:15:57.181+0000] {logging_mixin.py:190} INFO - [2024-09-20T21:15:57.181+0000] {dag.py:4156} INFO - Setting next_dagrun for DAG_With_Python_Operator to 2024-09-20 00:00:00+00:00, run_after=2024-09-21 00:00:00+00:00
[2024-09-20T21:15:57.190+0000] {processor.py:208} INFO - Processing /opt/airflow/dags/dag_com_operador_python.py took 0.048 seconds
[2024-09-20T21:16:27.425+0000] {processor.py:186} INFO - Started process (PID=619) to work on /opt/airflow/dags/dag_com_operador_python.py
[2024-09-20T21:16:27.425+0000] {processor.py:914} INFO - Processing file /opt/airflow/dags/dag_com_operador_python.py for tasks to queue
[2024-09-20T21:16:27.427+0000] {logging_mixin.py:190} INFO - [2024-09-20T21:16:27.426+0000] {dagbag.py:587} INFO - Filling up the DagBag from /opt/airflow/dags/dag_com_operador_python.py
[2024-09-20T21:16:27.433+0000] {processor.py:925} INFO - DAG(s) 'DAG_With_Python_Operator' retrieved from /opt/airflow/dags/dag_com_operador_python.py
[2024-09-20T21:16:27.448+0000] {logging_mixin.py:190} INFO - [2024-09-20T21:16:27.448+0000] {dag.py:3229} INFO - Sync 1 DAGs
[2024-09-20T21:16:27.462+0000] {logging_mixin.py:190} INFO - [2024-09-20T21:16:27.462+0000] {dag.py:4156} INFO - Setting next_dagrun for DAG_With_Python_Operator to 2024-09-20 00:00:00+00:00, run_after=2024-09-21 00:00:00+00:00
[2024-09-20T21:16:27.471+0000] {processor.py:208} INFO - Processing /opt/airflow/dags/dag_com_operador_python.py took 0.049 seconds
[2024-09-20T21:16:57.721+0000] {processor.py:186} INFO - Started process (PID=630) to work on /opt/airflow/dags/dag_com_operador_python.py
[2024-09-20T21:16:57.721+0000] {processor.py:914} INFO - Processing file /opt/airflow/dags/dag_com_operador_python.py for tasks to queue
[2024-09-20T21:16:57.722+0000] {logging_mixin.py:190} INFO - [2024-09-20T21:16:57.722+0000] {dagbag.py:587} INFO - Filling up the DagBag from /opt/airflow/dags/dag_com_operador_python.py
[2024-09-20T21:16:57.729+0000] {processor.py:925} INFO - DAG(s) 'DAG_With_Python_Operator' retrieved from /opt/airflow/dags/dag_com_operador_python.py
[2024-09-20T21:16:57.743+0000] {logging_mixin.py:190} INFO - [2024-09-20T21:16:57.743+0000] {dag.py:3229} INFO - Sync 1 DAGs
[2024-09-20T21:16:57.757+0000] {logging_mixin.py:190} INFO - [2024-09-20T21:16:57.757+0000] {dag.py:4156} INFO - Setting next_dagrun for DAG_With_Python_Operator to 2024-09-20 00:00:00+00:00, run_after=2024-09-21 00:00:00+00:00
[2024-09-20T21:16:57.766+0000] {processor.py:208} INFO - Processing /opt/airflow/dags/dag_com_operador_python.py took 0.048 seconds
[2024-09-20T21:17:28.019+0000] {processor.py:186} INFO - Started process (PID=641) to work on /opt/airflow/dags/dag_com_operador_python.py
[2024-09-20T21:17:28.020+0000] {processor.py:914} INFO - Processing file /opt/airflow/dags/dag_com_operador_python.py for tasks to queue
[2024-09-20T21:17:28.021+0000] {logging_mixin.py:190} INFO - [2024-09-20T21:17:28.021+0000] {dagbag.py:587} INFO - Filling up the DagBag from /opt/airflow/dags/dag_com_operador_python.py
[2024-09-20T21:17:28.028+0000] {processor.py:925} INFO - DAG(s) 'DAG_With_Python_Operator' retrieved from /opt/airflow/dags/dag_com_operador_python.py
[2024-09-20T21:17:28.042+0000] {logging_mixin.py:190} INFO - [2024-09-20T21:17:28.042+0000] {dag.py:3229} INFO - Sync 1 DAGs
[2024-09-20T21:17:28.056+0000] {logging_mixin.py:190} INFO - [2024-09-20T21:17:28.055+0000] {dag.py:4156} INFO - Setting next_dagrun for DAG_With_Python_Operator to 2024-09-20 00:00:00+00:00, run_after=2024-09-21 00:00:00+00:00
[2024-09-20T21:17:28.065+0000] {processor.py:208} INFO - Processing /opt/airflow/dags/dag_com_operador_python.py took 0.050 seconds
[2024-09-20T21:17:58.305+0000] {processor.py:186} INFO - Started process (PID=652) to work on /opt/airflow/dags/dag_com_operador_python.py
[2024-09-20T21:17:58.305+0000] {processor.py:914} INFO - Processing file /opt/airflow/dags/dag_com_operador_python.py for tasks to queue
[2024-09-20T21:17:58.307+0000] {logging_mixin.py:190} INFO - [2024-09-20T21:17:58.306+0000] {dagbag.py:587} INFO - Filling up the DagBag from /opt/airflow/dags/dag_com_operador_python.py
[2024-09-20T21:17:58.313+0000] {processor.py:925} INFO - DAG(s) 'DAG_With_Python_Operator' retrieved from /opt/airflow/dags/dag_com_operador_python.py
[2024-09-20T21:17:58.328+0000] {logging_mixin.py:190} INFO - [2024-09-20T21:17:58.328+0000] {dag.py:3229} INFO - Sync 1 DAGs
[2024-09-20T21:17:58.342+0000] {logging_mixin.py:190} INFO - [2024-09-20T21:17:58.342+0000] {dag.py:4156} INFO - Setting next_dagrun for DAG_With_Python_Operator to 2024-09-20 00:00:00+00:00, run_after=2024-09-21 00:00:00+00:00
[2024-09-20T21:17:58.351+0000] {processor.py:208} INFO - Processing /opt/airflow/dags/dag_com_operador_python.py took 0.049 seconds
[2024-09-20T21:18:28.616+0000] {processor.py:186} INFO - Started process (PID=663) to work on /opt/airflow/dags/dag_com_operador_python.py
[2024-09-20T21:18:28.617+0000] {processor.py:914} INFO - Processing file /opt/airflow/dags/dag_com_operador_python.py for tasks to queue
[2024-09-20T21:18:28.618+0000] {logging_mixin.py:190} INFO - [2024-09-20T21:18:28.618+0000] {dagbag.py:587} INFO - Filling up the DagBag from /opt/airflow/dags/dag_com_operador_python.py
[2024-09-20T21:18:28.625+0000] {processor.py:925} INFO - DAG(s) 'DAG_With_Python_Operator' retrieved from /opt/airflow/dags/dag_com_operador_python.py
[2024-09-20T21:18:28.639+0000] {logging_mixin.py:190} INFO - [2024-09-20T21:18:28.639+0000] {dag.py:3229} INFO - Sync 1 DAGs
[2024-09-20T21:18:28.653+0000] {logging_mixin.py:190} INFO - [2024-09-20T21:18:28.653+0000] {dag.py:4156} INFO - Setting next_dagrun for DAG_With_Python_Operator to 2024-09-20 00:00:00+00:00, run_after=2024-09-21 00:00:00+00:00
[2024-09-20T21:18:28.662+0000] {processor.py:208} INFO - Processing /opt/airflow/dags/dag_com_operador_python.py took 0.049 seconds
