[2024-09-20T21:02:26.579+0000] {processor.py:186} INFO - Started process (PID=322) to work on /opt/airflow/dags/dag_com_operador_python_parametros.py
[2024-09-20T21:02:26.579+0000] {processor.py:914} INFO - Processing file /opt/airflow/dags/dag_com_operador_python_parametros.py for tasks to queue
[2024-09-20T21:02:26.581+0000] {logging_mixin.py:190} INFO - [2024-09-20T21:02:26.581+0000] {dagbag.py:587} INFO - Filling up the DagBag from /opt/airflow/dags/dag_com_operador_python_parametros.py
[2024-09-20T21:02:26.588+0000] {processor.py:925} INFO - DAG(s) 'DAG_With_Python_Operator_Parameters' retrieved from /opt/airflow/dags/dag_com_operador_python_parametros.py
[2024-09-20T21:02:26.654+0000] {logging_mixin.py:190} INFO - [2024-09-20T21:02:26.654+0000] {override.py:1900} INFO - Created Permission View: can edit on DAG:DAG_With_Python_Operator_Parameters
[2024-09-20T21:02:26.659+0000] {logging_mixin.py:190} INFO - [2024-09-20T21:02:26.659+0000] {override.py:1900} INFO - Created Permission View: can read on DAG:DAG_With_Python_Operator_Parameters
[2024-09-20T21:02:26.662+0000] {logging_mixin.py:190} INFO - [2024-09-20T21:02:26.662+0000] {override.py:1900} INFO - Created Permission View: can delete on DAG:DAG_With_Python_Operator_Parameters
[2024-09-20T21:02:26.666+0000] {logging_mixin.py:190} INFO - [2024-09-20T21:02:26.666+0000] {override.py:1900} INFO - Created Permission View: menu access on DAG Run:DAG_With_Python_Operator_Parameters
[2024-09-20T21:02:26.669+0000] {logging_mixin.py:190} INFO - [2024-09-20T21:02:26.669+0000] {override.py:1900} INFO - Created Permission View: can delete on DAG Run:DAG_With_Python_Operator_Parameters
[2024-09-20T21:02:26.673+0000] {logging_mixin.py:190} INFO - [2024-09-20T21:02:26.672+0000] {override.py:1900} INFO - Created Permission View: can read on DAG Run:DAG_With_Python_Operator_Parameters
[2024-09-20T21:02:26.676+0000] {logging_mixin.py:190} INFO - [2024-09-20T21:02:26.676+0000] {override.py:1900} INFO - Created Permission View: can create on DAG Run:DAG_With_Python_Operator_Parameters
[2024-09-20T21:02:26.676+0000] {logging_mixin.py:190} INFO - [2024-09-20T21:02:26.676+0000] {dag.py:3229} INFO - Sync 1 DAGs
[2024-09-20T21:02:26.683+0000] {logging_mixin.py:190} INFO - [2024-09-20T21:02:26.683+0000] {dag.py:3252} INFO - Creating ORM DAG for DAG_With_Python_Operator_Parameters
[2024-09-20T21:02:26.689+0000] {logging_mixin.py:190} INFO - [2024-09-20T21:02:26.689+0000] {dag.py:4156} INFO - Setting next_dagrun for DAG_With_Python_Operator_Parameters to 2024-09-20 00:00:00+00:00, run_after=2024-09-21 00:00:00+00:00
[2024-09-20T21:02:26.696+0000] {processor.py:208} INFO - Processing /opt/airflow/dags/dag_com_operador_python_parametros.py took 0.121 seconds
[2024-09-20T21:02:56.802+0000] {processor.py:186} INFO - Started process (PID=332) to work on /opt/airflow/dags/dag_com_operador_python_parametros.py
[2024-09-20T21:02:56.803+0000] {processor.py:914} INFO - Processing file /opt/airflow/dags/dag_com_operador_python_parametros.py for tasks to queue
[2024-09-20T21:02:56.804+0000] {logging_mixin.py:190} INFO - [2024-09-20T21:02:56.804+0000] {dagbag.py:587} INFO - Filling up the DagBag from /opt/airflow/dags/dag_com_operador_python_parametros.py
[2024-09-20T21:02:56.810+0000] {processor.py:925} INFO - DAG(s) 'DAG_With_Python_Operator_Parameters' retrieved from /opt/airflow/dags/dag_com_operador_python_parametros.py
[2024-09-20T21:02:56.825+0000] {logging_mixin.py:190} INFO - [2024-09-20T21:02:56.825+0000] {dag.py:3229} INFO - Sync 1 DAGs
[2024-09-20T21:02:56.838+0000] {logging_mixin.py:190} INFO - [2024-09-20T21:02:56.838+0000] {dag.py:4156} INFO - Setting next_dagrun for DAG_With_Python_Operator_Parameters to 2024-09-20 00:00:00+00:00, run_after=2024-09-21 00:00:00+00:00
[2024-09-20T21:02:56.847+0000] {processor.py:208} INFO - Processing /opt/airflow/dags/dag_com_operador_python_parametros.py took 0.049 seconds
[2024-09-20T21:03:27.048+0000] {processor.py:186} INFO - Started process (PID=342) to work on /opt/airflow/dags/dag_com_operador_python_parametros.py
[2024-09-20T21:03:27.049+0000] {processor.py:914} INFO - Processing file /opt/airflow/dags/dag_com_operador_python_parametros.py for tasks to queue
[2024-09-20T21:03:27.050+0000] {logging_mixin.py:190} INFO - [2024-09-20T21:03:27.050+0000] {dagbag.py:587} INFO - Filling up the DagBag from /opt/airflow/dags/dag_com_operador_python_parametros.py
[2024-09-20T21:03:27.057+0000] {processor.py:925} INFO - DAG(s) 'DAG_With_Python_Operator_Parameters' retrieved from /opt/airflow/dags/dag_com_operador_python_parametros.py
[2024-09-20T21:03:27.073+0000] {logging_mixin.py:190} INFO - [2024-09-20T21:03:27.073+0000] {dag.py:3229} INFO - Sync 1 DAGs
[2024-09-20T21:03:27.088+0000] {logging_mixin.py:190} INFO - [2024-09-20T21:03:27.088+0000] {dag.py:4156} INFO - Setting next_dagrun for DAG_With_Python_Operator_Parameters to 2024-09-20 00:00:00+00:00, run_after=2024-09-21 00:00:00+00:00
[2024-09-20T21:03:27.098+0000] {processor.py:208} INFO - Processing /opt/airflow/dags/dag_com_operador_python_parametros.py took 0.053 seconds
[2024-09-20T21:03:57.325+0000] {processor.py:186} INFO - Started process (PID=352) to work on /opt/airflow/dags/dag_com_operador_python_parametros.py
[2024-09-20T21:03:57.325+0000] {processor.py:914} INFO - Processing file /opt/airflow/dags/dag_com_operador_python_parametros.py for tasks to queue
[2024-09-20T21:03:57.327+0000] {logging_mixin.py:190} INFO - [2024-09-20T21:03:57.327+0000] {dagbag.py:587} INFO - Filling up the DagBag from /opt/airflow/dags/dag_com_operador_python_parametros.py
[2024-09-20T21:03:57.334+0000] {processor.py:925} INFO - DAG(s) 'DAG_With_Python_Operator_Parameters' retrieved from /opt/airflow/dags/dag_com_operador_python_parametros.py
[2024-09-20T21:03:57.350+0000] {logging_mixin.py:190} INFO - [2024-09-20T21:03:57.350+0000] {dag.py:3229} INFO - Sync 1 DAGs
[2024-09-20T21:03:57.366+0000] {logging_mixin.py:190} INFO - [2024-09-20T21:03:57.366+0000] {dag.py:4156} INFO - Setting next_dagrun for DAG_With_Python_Operator_Parameters to 2024-09-20 00:00:00+00:00, run_after=2024-09-21 00:00:00+00:00
[2024-09-20T21:03:57.376+0000] {processor.py:208} INFO - Processing /opt/airflow/dags/dag_com_operador_python_parametros.py took 0.055 seconds
[2024-09-20T21:04:27.591+0000] {processor.py:186} INFO - Started process (PID=362) to work on /opt/airflow/dags/dag_com_operador_python_parametros.py
[2024-09-20T21:04:27.592+0000] {processor.py:914} INFO - Processing file /opt/airflow/dags/dag_com_operador_python_parametros.py for tasks to queue
[2024-09-20T21:04:27.593+0000] {logging_mixin.py:190} INFO - [2024-09-20T21:04:27.593+0000] {dagbag.py:587} INFO - Filling up the DagBag from /opt/airflow/dags/dag_com_operador_python_parametros.py
[2024-09-20T21:04:27.600+0000] {processor.py:925} INFO - DAG(s) 'DAG_With_Python_Operator_Parameters' retrieved from /opt/airflow/dags/dag_com_operador_python_parametros.py
[2024-09-20T21:04:27.615+0000] {logging_mixin.py:190} INFO - [2024-09-20T21:04:27.615+0000] {dag.py:3229} INFO - Sync 1 DAGs
[2024-09-20T21:04:27.629+0000] {logging_mixin.py:190} INFO - [2024-09-20T21:04:27.629+0000] {dag.py:4156} INFO - Setting next_dagrun for DAG_With_Python_Operator_Parameters to 2024-09-20 00:00:00+00:00, run_after=2024-09-21 00:00:00+00:00
[2024-09-20T21:04:27.638+0000] {processor.py:208} INFO - Processing /opt/airflow/dags/dag_com_operador_python_parametros.py took 0.050 seconds
[2024-09-20T21:04:57.843+0000] {processor.py:186} INFO - Started process (PID=372) to work on /opt/airflow/dags/dag_com_operador_python_parametros.py
[2024-09-20T21:04:57.844+0000] {processor.py:914} INFO - Processing file /opt/airflow/dags/dag_com_operador_python_parametros.py for tasks to queue
[2024-09-20T21:04:57.845+0000] {logging_mixin.py:190} INFO - [2024-09-20T21:04:57.845+0000] {dagbag.py:587} INFO - Filling up the DagBag from /opt/airflow/dags/dag_com_operador_python_parametros.py
[2024-09-20T21:04:57.852+0000] {processor.py:925} INFO - DAG(s) 'DAG_With_Python_Operator_Parameters' retrieved from /opt/airflow/dags/dag_com_operador_python_parametros.py
[2024-09-20T21:04:57.867+0000] {logging_mixin.py:190} INFO - [2024-09-20T21:04:57.867+0000] {dag.py:3229} INFO - Sync 1 DAGs
[2024-09-20T21:04:57.881+0000] {logging_mixin.py:190} INFO - [2024-09-20T21:04:57.881+0000] {dag.py:4156} INFO - Setting next_dagrun for DAG_With_Python_Operator_Parameters to 2024-09-20 00:00:00+00:00, run_after=2024-09-21 00:00:00+00:00
[2024-09-20T21:04:57.890+0000] {processor.py:208} INFO - Processing /opt/airflow/dags/dag_com_operador_python_parametros.py took 0.050 seconds
[2024-09-20T21:05:28.084+0000] {processor.py:186} INFO - Started process (PID=382) to work on /opt/airflow/dags/dag_com_operador_python_parametros.py
[2024-09-20T21:05:28.085+0000] {processor.py:914} INFO - Processing file /opt/airflow/dags/dag_com_operador_python_parametros.py for tasks to queue
[2024-09-20T21:05:28.086+0000] {logging_mixin.py:190} INFO - [2024-09-20T21:05:28.086+0000] {dagbag.py:587} INFO - Filling up the DagBag from /opt/airflow/dags/dag_com_operador_python_parametros.py
[2024-09-20T21:05:28.093+0000] {processor.py:925} INFO - DAG(s) 'DAG_With_Python_Operator_Parameters' retrieved from /opt/airflow/dags/dag_com_operador_python_parametros.py
[2024-09-20T21:05:28.108+0000] {logging_mixin.py:190} INFO - [2024-09-20T21:05:28.108+0000] {dag.py:3229} INFO - Sync 1 DAGs
[2024-09-20T21:05:28.122+0000] {logging_mixin.py:190} INFO - [2024-09-20T21:05:28.122+0000] {dag.py:4156} INFO - Setting next_dagrun for DAG_With_Python_Operator_Parameters to 2024-09-20 00:00:00+00:00, run_after=2024-09-21 00:00:00+00:00
[2024-09-20T21:05:28.131+0000] {processor.py:208} INFO - Processing /opt/airflow/dags/dag_com_operador_python_parametros.py took 0.050 seconds
[2024-09-20T21:05:58.352+0000] {processor.py:186} INFO - Started process (PID=392) to work on /opt/airflow/dags/dag_com_operador_python_parametros.py
[2024-09-20T21:05:58.353+0000] {processor.py:914} INFO - Processing file /opt/airflow/dags/dag_com_operador_python_parametros.py for tasks to queue
[2024-09-20T21:05:58.354+0000] {logging_mixin.py:190} INFO - [2024-09-20T21:05:58.354+0000] {dagbag.py:587} INFO - Filling up the DagBag from /opt/airflow/dags/dag_com_operador_python_parametros.py
[2024-09-20T21:05:58.362+0000] {processor.py:925} INFO - DAG(s) 'DAG_With_Python_Operator_Parameters' retrieved from /opt/airflow/dags/dag_com_operador_python_parametros.py
[2024-09-20T21:05:58.379+0000] {logging_mixin.py:190} INFO - [2024-09-20T21:05:58.378+0000] {dag.py:3229} INFO - Sync 1 DAGs
[2024-09-20T21:05:58.396+0000] {logging_mixin.py:190} INFO - [2024-09-20T21:05:58.395+0000] {dag.py:4156} INFO - Setting next_dagrun for DAG_With_Python_Operator_Parameters to 2024-09-20 00:00:00+00:00, run_after=2024-09-21 00:00:00+00:00
[2024-09-20T21:05:58.405+0000] {processor.py:208} INFO - Processing /opt/airflow/dags/dag_com_operador_python_parametros.py took 0.056 seconds
[2024-09-20T21:06:28.614+0000] {processor.py:186} INFO - Started process (PID=408) to work on /opt/airflow/dags/dag_com_operador_python_parametros.py
[2024-09-20T21:06:28.615+0000] {processor.py:914} INFO - Processing file /opt/airflow/dags/dag_com_operador_python_parametros.py for tasks to queue
[2024-09-20T21:06:28.616+0000] {logging_mixin.py:190} INFO - [2024-09-20T21:06:28.616+0000] {dagbag.py:587} INFO - Filling up the DagBag from /opt/airflow/dags/dag_com_operador_python_parametros.py
[2024-09-20T21:06:28.623+0000] {processor.py:925} INFO - DAG(s) 'DAG_With_Python_Operator_Parameters' retrieved from /opt/airflow/dags/dag_com_operador_python_parametros.py
[2024-09-20T21:06:28.638+0000] {logging_mixin.py:190} INFO - [2024-09-20T21:06:28.637+0000] {dag.py:3229} INFO - Sync 1 DAGs
[2024-09-20T21:06:28.651+0000] {logging_mixin.py:190} INFO - [2024-09-20T21:06:28.651+0000] {dag.py:4156} INFO - Setting next_dagrun for DAG_With_Python_Operator_Parameters to 2024-09-20 00:00:00+00:00, run_after=2024-09-21 00:00:00+00:00
[2024-09-20T21:06:28.660+0000] {processor.py:208} INFO - Processing /opt/airflow/dags/dag_com_operador_python_parametros.py took 0.050 seconds
[2024-09-20T21:06:58.865+0000] {processor.py:186} INFO - Started process (PID=418) to work on /opt/airflow/dags/dag_com_operador_python_parametros.py
[2024-09-20T21:06:58.865+0000] {processor.py:914} INFO - Processing file /opt/airflow/dags/dag_com_operador_python_parametros.py for tasks to queue
[2024-09-20T21:06:58.867+0000] {logging_mixin.py:190} INFO - [2024-09-20T21:06:58.867+0000] {dagbag.py:587} INFO - Filling up the DagBag from /opt/airflow/dags/dag_com_operador_python_parametros.py
[2024-09-20T21:06:58.873+0000] {processor.py:925} INFO - DAG(s) 'DAG_With_Python_Operator_Parameters' retrieved from /opt/airflow/dags/dag_com_operador_python_parametros.py
[2024-09-20T21:06:58.888+0000] {logging_mixin.py:190} INFO - [2024-09-20T21:06:58.888+0000] {dag.py:3229} INFO - Sync 1 DAGs
[2024-09-20T21:06:58.902+0000] {logging_mixin.py:190} INFO - [2024-09-20T21:06:58.902+0000] {dag.py:4156} INFO - Setting next_dagrun for DAG_With_Python_Operator_Parameters to 2024-09-20 00:00:00+00:00, run_after=2024-09-21 00:00:00+00:00
[2024-09-20T21:06:58.911+0000] {processor.py:208} INFO - Processing /opt/airflow/dags/dag_com_operador_python_parametros.py took 0.050 seconds
[2024-09-20T21:07:29.169+0000] {processor.py:186} INFO - Started process (PID=429) to work on /opt/airflow/dags/dag_com_operador_python_parametros.py
[2024-09-20T21:07:29.169+0000] {processor.py:914} INFO - Processing file /opt/airflow/dags/dag_com_operador_python_parametros.py for tasks to queue
[2024-09-20T21:07:29.171+0000] {logging_mixin.py:190} INFO - [2024-09-20T21:07:29.170+0000] {dagbag.py:587} INFO - Filling up the DagBag from /opt/airflow/dags/dag_com_operador_python_parametros.py
[2024-09-20T21:07:29.178+0000] {processor.py:925} INFO - DAG(s) 'DAG_With_Python_Operator_Parameters' retrieved from /opt/airflow/dags/dag_com_operador_python_parametros.py
[2024-09-20T21:07:29.192+0000] {logging_mixin.py:190} INFO - [2024-09-20T21:07:29.192+0000] {dag.py:3229} INFO - Sync 1 DAGs
[2024-09-20T21:07:29.206+0000] {logging_mixin.py:190} INFO - [2024-09-20T21:07:29.206+0000] {dag.py:4156} INFO - Setting next_dagrun for DAG_With_Python_Operator_Parameters to 2024-09-20 00:00:00+00:00, run_after=2024-09-21 00:00:00+00:00
[2024-09-20T21:07:29.215+0000] {processor.py:208} INFO - Processing /opt/airflow/dags/dag_com_operador_python_parametros.py took 0.050 seconds
[2024-09-20T21:07:59.446+0000] {processor.py:186} INFO - Started process (PID=440) to work on /opt/airflow/dags/dag_com_operador_python_parametros.py
[2024-09-20T21:07:59.446+0000] {processor.py:914} INFO - Processing file /opt/airflow/dags/dag_com_operador_python_parametros.py for tasks to queue
[2024-09-20T21:07:59.448+0000] {logging_mixin.py:190} INFO - [2024-09-20T21:07:59.448+0000] {dagbag.py:587} INFO - Filling up the DagBag from /opt/airflow/dags/dag_com_operador_python_parametros.py
[2024-09-20T21:07:59.455+0000] {processor.py:925} INFO - DAG(s) 'DAG_With_Python_Operator_Parameters' retrieved from /opt/airflow/dags/dag_com_operador_python_parametros.py
[2024-09-20T21:07:59.470+0000] {logging_mixin.py:190} INFO - [2024-09-20T21:07:59.469+0000] {dag.py:3229} INFO - Sync 1 DAGs
[2024-09-20T21:07:59.484+0000] {logging_mixin.py:190} INFO - [2024-09-20T21:07:59.483+0000] {dag.py:4156} INFO - Setting next_dagrun for DAG_With_Python_Operator_Parameters to 2024-09-20 00:00:00+00:00, run_after=2024-09-21 00:00:00+00:00
[2024-09-20T21:07:59.492+0000] {processor.py:208} INFO - Processing /opt/airflow/dags/dag_com_operador_python_parametros.py took 0.050 seconds
[2024-09-20T21:08:29.758+0000] {processor.py:186} INFO - Started process (PID=451) to work on /opt/airflow/dags/dag_com_operador_python_parametros.py
[2024-09-20T21:08:29.758+0000] {processor.py:914} INFO - Processing file /opt/airflow/dags/dag_com_operador_python_parametros.py for tasks to queue
[2024-09-20T21:08:29.760+0000] {logging_mixin.py:190} INFO - [2024-09-20T21:08:29.760+0000] {dagbag.py:587} INFO - Filling up the DagBag from /opt/airflow/dags/dag_com_operador_python_parametros.py
[2024-09-20T21:08:29.766+0000] {processor.py:925} INFO - DAG(s) 'DAG_With_Python_Operator_Parameters' retrieved from /opt/airflow/dags/dag_com_operador_python_parametros.py
[2024-09-20T21:08:29.781+0000] {logging_mixin.py:190} INFO - [2024-09-20T21:08:29.780+0000] {dag.py:3229} INFO - Sync 1 DAGs
[2024-09-20T21:08:29.794+0000] {logging_mixin.py:190} INFO - [2024-09-20T21:08:29.794+0000] {dag.py:4156} INFO - Setting next_dagrun for DAG_With_Python_Operator_Parameters to 2024-09-20 00:00:00+00:00, run_after=2024-09-21 00:00:00+00:00
[2024-09-20T21:08:29.803+0000] {processor.py:208} INFO - Processing /opt/airflow/dags/dag_com_operador_python_parametros.py took 0.049 seconds
[2024-09-20T21:09:00.044+0000] {processor.py:186} INFO - Started process (PID=462) to work on /opt/airflow/dags/dag_com_operador_python_parametros.py
[2024-09-20T21:09:00.044+0000] {processor.py:914} INFO - Processing file /opt/airflow/dags/dag_com_operador_python_parametros.py for tasks to queue
[2024-09-20T21:09:00.046+0000] {logging_mixin.py:190} INFO - [2024-09-20T21:09:00.046+0000] {dagbag.py:587} INFO - Filling up the DagBag from /opt/airflow/dags/dag_com_operador_python_parametros.py
[2024-09-20T21:09:00.052+0000] {processor.py:925} INFO - DAG(s) 'DAG_With_Python_Operator_Parameters' retrieved from /opt/airflow/dags/dag_com_operador_python_parametros.py
[2024-09-20T21:09:00.067+0000] {logging_mixin.py:190} INFO - [2024-09-20T21:09:00.067+0000] {dag.py:3229} INFO - Sync 1 DAGs
[2024-09-20T21:09:00.081+0000] {logging_mixin.py:190} INFO - [2024-09-20T21:09:00.081+0000] {dag.py:4156} INFO - Setting next_dagrun for DAG_With_Python_Operator_Parameters to 2024-09-20 00:00:00+00:00, run_after=2024-09-21 00:00:00+00:00
[2024-09-20T21:09:00.090+0000] {processor.py:208} INFO - Processing /opt/airflow/dags/dag_com_operador_python_parametros.py took 0.050 seconds
[2024-09-20T21:09:30.354+0000] {processor.py:186} INFO - Started process (PID=473) to work on /opt/airflow/dags/dag_com_operador_python_parametros.py
[2024-09-20T21:09:30.355+0000] {processor.py:914} INFO - Processing file /opt/airflow/dags/dag_com_operador_python_parametros.py for tasks to queue
[2024-09-20T21:09:30.356+0000] {logging_mixin.py:190} INFO - [2024-09-20T21:09:30.356+0000] {dagbag.py:587} INFO - Filling up the DagBag from /opt/airflow/dags/dag_com_operador_python_parametros.py
[2024-09-20T21:09:30.363+0000] {processor.py:925} INFO - DAG(s) 'DAG_With_Python_Operator_Parameters' retrieved from /opt/airflow/dags/dag_com_operador_python_parametros.py
[2024-09-20T21:09:30.377+0000] {logging_mixin.py:190} INFO - [2024-09-20T21:09:30.377+0000] {dag.py:3229} INFO - Sync 1 DAGs
[2024-09-20T21:09:30.390+0000] {logging_mixin.py:190} INFO - [2024-09-20T21:09:30.390+0000] {dag.py:4156} INFO - Setting next_dagrun for DAG_With_Python_Operator_Parameters to 2024-09-20 00:00:00+00:00, run_after=2024-09-21 00:00:00+00:00
[2024-09-20T21:09:30.400+0000] {processor.py:208} INFO - Processing /opt/airflow/dags/dag_com_operador_python_parametros.py took 0.049 seconds
[2024-09-20T21:10:00.641+0000] {processor.py:186} INFO - Started process (PID=484) to work on /opt/airflow/dags/dag_com_operador_python_parametros.py
[2024-09-20T21:10:00.642+0000] {processor.py:914} INFO - Processing file /opt/airflow/dags/dag_com_operador_python_parametros.py for tasks to queue
[2024-09-20T21:10:00.643+0000] {logging_mixin.py:190} INFO - [2024-09-20T21:10:00.643+0000] {dagbag.py:587} INFO - Filling up the DagBag from /opt/airflow/dags/dag_com_operador_python_parametros.py
[2024-09-20T21:10:00.650+0000] {processor.py:925} INFO - DAG(s) 'DAG_With_Python_Operator_Parameters' retrieved from /opt/airflow/dags/dag_com_operador_python_parametros.py
[2024-09-20T21:10:00.665+0000] {logging_mixin.py:190} INFO - [2024-09-20T21:10:00.665+0000] {dag.py:3229} INFO - Sync 1 DAGs
[2024-09-20T21:10:00.679+0000] {logging_mixin.py:190} INFO - [2024-09-20T21:10:00.679+0000] {dag.py:4156} INFO - Setting next_dagrun for DAG_With_Python_Operator_Parameters to 2024-09-20 00:00:00+00:00, run_after=2024-09-21 00:00:00+00:00
[2024-09-20T21:10:00.688+0000] {processor.py:208} INFO - Processing /opt/airflow/dags/dag_com_operador_python_parametros.py took 0.050 seconds
[2024-09-20T21:10:30.947+0000] {processor.py:186} INFO - Started process (PID=495) to work on /opt/airflow/dags/dag_com_operador_python_parametros.py
[2024-09-20T21:10:30.947+0000] {processor.py:914} INFO - Processing file /opt/airflow/dags/dag_com_operador_python_parametros.py for tasks to queue
[2024-09-20T21:10:30.949+0000] {logging_mixin.py:190} INFO - [2024-09-20T21:10:30.949+0000] {dagbag.py:587} INFO - Filling up the DagBag from /opt/airflow/dags/dag_com_operador_python_parametros.py
[2024-09-20T21:10:30.956+0000] {processor.py:925} INFO - DAG(s) 'DAG_With_Python_Operator_Parameters' retrieved from /opt/airflow/dags/dag_com_operador_python_parametros.py
[2024-09-20T21:10:30.970+0000] {logging_mixin.py:190} INFO - [2024-09-20T21:10:30.970+0000] {dag.py:3229} INFO - Sync 1 DAGs
[2024-09-20T21:10:30.984+0000] {logging_mixin.py:190} INFO - [2024-09-20T21:10:30.984+0000] {dag.py:4156} INFO - Setting next_dagrun for DAG_With_Python_Operator_Parameters to 2024-09-20 00:00:00+00:00, run_after=2024-09-21 00:00:00+00:00
[2024-09-20T21:10:30.993+0000] {processor.py:208} INFO - Processing /opt/airflow/dags/dag_com_operador_python_parametros.py took 0.050 seconds
[2024-09-20T21:11:01.234+0000] {processor.py:186} INFO - Started process (PID=506) to work on /opt/airflow/dags/dag_com_operador_python_parametros.py
[2024-09-20T21:11:01.234+0000] {processor.py:914} INFO - Processing file /opt/airflow/dags/dag_com_operador_python_parametros.py for tasks to queue
[2024-09-20T21:11:01.236+0000] {logging_mixin.py:190} INFO - [2024-09-20T21:11:01.236+0000] {dagbag.py:587} INFO - Filling up the DagBag from /opt/airflow/dags/dag_com_operador_python_parametros.py
[2024-09-20T21:11:01.242+0000] {processor.py:925} INFO - DAG(s) 'DAG_With_Python_Operator_Parameters' retrieved from /opt/airflow/dags/dag_com_operador_python_parametros.py
[2024-09-20T21:11:01.257+0000] {logging_mixin.py:190} INFO - [2024-09-20T21:11:01.257+0000] {dag.py:3229} INFO - Sync 1 DAGs
[2024-09-20T21:11:01.271+0000] {logging_mixin.py:190} INFO - [2024-09-20T21:11:01.271+0000] {dag.py:4156} INFO - Setting next_dagrun for DAG_With_Python_Operator_Parameters to 2024-09-20 00:00:00+00:00, run_after=2024-09-21 00:00:00+00:00
[2024-09-20T21:11:01.280+0000] {processor.py:208} INFO - Processing /opt/airflow/dags/dag_com_operador_python_parametros.py took 0.049 seconds
[2024-09-20T21:11:31.537+0000] {processor.py:186} INFO - Started process (PID=517) to work on /opt/airflow/dags/dag_com_operador_python_parametros.py
[2024-09-20T21:11:31.537+0000] {processor.py:914} INFO - Processing file /opt/airflow/dags/dag_com_operador_python_parametros.py for tasks to queue
[2024-09-20T21:11:31.538+0000] {logging_mixin.py:190} INFO - [2024-09-20T21:11:31.538+0000] {dagbag.py:587} INFO - Filling up the DagBag from /opt/airflow/dags/dag_com_operador_python_parametros.py
[2024-09-20T21:11:31.545+0000] {processor.py:925} INFO - DAG(s) 'DAG_With_Python_Operator_Parameters' retrieved from /opt/airflow/dags/dag_com_operador_python_parametros.py
[2024-09-20T21:11:31.559+0000] {logging_mixin.py:190} INFO - [2024-09-20T21:11:31.559+0000] {dag.py:3229} INFO - Sync 1 DAGs
[2024-09-20T21:11:31.573+0000] {logging_mixin.py:190} INFO - [2024-09-20T21:11:31.573+0000] {dag.py:4156} INFO - Setting next_dagrun for DAG_With_Python_Operator_Parameters to 2024-09-20 00:00:00+00:00, run_after=2024-09-21 00:00:00+00:00
[2024-09-20T21:11:31.582+0000] {processor.py:208} INFO - Processing /opt/airflow/dags/dag_com_operador_python_parametros.py took 0.049 seconds
[2024-09-20T21:12:01.834+0000] {processor.py:186} INFO - Started process (PID=528) to work on /opt/airflow/dags/dag_com_operador_python_parametros.py
[2024-09-20T21:12:01.834+0000] {processor.py:914} INFO - Processing file /opt/airflow/dags/dag_com_operador_python_parametros.py for tasks to queue
[2024-09-20T21:12:01.836+0000] {logging_mixin.py:190} INFO - [2024-09-20T21:12:01.835+0000] {dagbag.py:587} INFO - Filling up the DagBag from /opt/airflow/dags/dag_com_operador_python_parametros.py
[2024-09-20T21:12:01.842+0000] {processor.py:925} INFO - DAG(s) 'DAG_With_Python_Operator_Parameters' retrieved from /opt/airflow/dags/dag_com_operador_python_parametros.py
[2024-09-20T21:12:01.857+0000] {logging_mixin.py:190} INFO - [2024-09-20T21:12:01.857+0000] {dag.py:3229} INFO - Sync 1 DAGs
[2024-09-20T21:12:01.870+0000] {logging_mixin.py:190} INFO - [2024-09-20T21:12:01.870+0000] {dag.py:4156} INFO - Setting next_dagrun for DAG_With_Python_Operator_Parameters to 2024-09-20 00:00:00+00:00, run_after=2024-09-21 00:00:00+00:00
[2024-09-20T21:12:01.879+0000] {processor.py:208} INFO - Processing /opt/airflow/dags/dag_com_operador_python_parametros.py took 0.049 seconds
[2024-09-20T21:12:32.145+0000] {processor.py:186} INFO - Started process (PID=539) to work on /opt/airflow/dags/dag_com_operador_python_parametros.py
[2024-09-20T21:12:32.145+0000] {processor.py:914} INFO - Processing file /opt/airflow/dags/dag_com_operador_python_parametros.py for tasks to queue
[2024-09-20T21:12:32.147+0000] {logging_mixin.py:190} INFO - [2024-09-20T21:12:32.146+0000] {dagbag.py:587} INFO - Filling up the DagBag from /opt/airflow/dags/dag_com_operador_python_parametros.py
[2024-09-20T21:12:32.153+0000] {processor.py:925} INFO - DAG(s) 'DAG_With_Python_Operator_Parameters' retrieved from /opt/airflow/dags/dag_com_operador_python_parametros.py
[2024-09-20T21:12:32.167+0000] {logging_mixin.py:190} INFO - [2024-09-20T21:12:32.167+0000] {dag.py:3229} INFO - Sync 1 DAGs
[2024-09-20T21:12:32.181+0000] {logging_mixin.py:190} INFO - [2024-09-20T21:12:32.181+0000] {dag.py:4156} INFO - Setting next_dagrun for DAG_With_Python_Operator_Parameters to 2024-09-20 00:00:00+00:00, run_after=2024-09-21 00:00:00+00:00
[2024-09-20T21:12:32.190+0000] {processor.py:208} INFO - Processing /opt/airflow/dags/dag_com_operador_python_parametros.py took 0.049 seconds
[2024-09-20T21:13:02.431+0000] {processor.py:186} INFO - Started process (PID=550) to work on /opt/airflow/dags/dag_com_operador_python_parametros.py
[2024-09-20T21:13:02.431+0000] {processor.py:914} INFO - Processing file /opt/airflow/dags/dag_com_operador_python_parametros.py for tasks to queue
[2024-09-20T21:13:02.433+0000] {logging_mixin.py:190} INFO - [2024-09-20T21:13:02.433+0000] {dagbag.py:587} INFO - Filling up the DagBag from /opt/airflow/dags/dag_com_operador_python_parametros.py
[2024-09-20T21:13:02.439+0000] {processor.py:925} INFO - DAG(s) 'DAG_With_Python_Operator_Parameters' retrieved from /opt/airflow/dags/dag_com_operador_python_parametros.py
[2024-09-20T21:13:02.454+0000] {logging_mixin.py:190} INFO - [2024-09-20T21:13:02.454+0000] {dag.py:3229} INFO - Sync 1 DAGs
[2024-09-20T21:13:02.468+0000] {logging_mixin.py:190} INFO - [2024-09-20T21:13:02.468+0000] {dag.py:4156} INFO - Setting next_dagrun for DAG_With_Python_Operator_Parameters to 2024-09-20 00:00:00+00:00, run_after=2024-09-21 00:00:00+00:00
[2024-09-20T21:13:02.477+0000] {processor.py:208} INFO - Processing /opt/airflow/dags/dag_com_operador_python_parametros.py took 0.050 seconds
[2024-09-20T21:13:32.748+0000] {processor.py:186} INFO - Started process (PID=561) to work on /opt/airflow/dags/dag_com_operador_python_parametros.py
[2024-09-20T21:13:32.749+0000] {processor.py:914} INFO - Processing file /opt/airflow/dags/dag_com_operador_python_parametros.py for tasks to queue
[2024-09-20T21:13:32.750+0000] {logging_mixin.py:190} INFO - [2024-09-20T21:13:32.750+0000] {dagbag.py:587} INFO - Filling up the DagBag from /opt/airflow/dags/dag_com_operador_python_parametros.py
[2024-09-20T21:13:32.757+0000] {processor.py:925} INFO - DAG(s) 'DAG_With_Python_Operator_Parameters' retrieved from /opt/airflow/dags/dag_com_operador_python_parametros.py
[2024-09-20T21:13:32.771+0000] {logging_mixin.py:190} INFO - [2024-09-20T21:13:32.770+0000] {dag.py:3229} INFO - Sync 1 DAGs
[2024-09-20T21:13:32.784+0000] {logging_mixin.py:190} INFO - [2024-09-20T21:13:32.784+0000] {dag.py:4156} INFO - Setting next_dagrun for DAG_With_Python_Operator_Parameters to 2024-09-20 00:00:00+00:00, run_after=2024-09-21 00:00:00+00:00
[2024-09-20T21:13:32.794+0000] {processor.py:208} INFO - Processing /opt/airflow/dags/dag_com_operador_python_parametros.py took 0.049 seconds
[2024-09-20T21:14:03.036+0000] {processor.py:186} INFO - Started process (PID=572) to work on /opt/airflow/dags/dag_com_operador_python_parametros.py
[2024-09-20T21:14:03.036+0000] {processor.py:914} INFO - Processing file /opt/airflow/dags/dag_com_operador_python_parametros.py for tasks to queue
[2024-09-20T21:14:03.037+0000] {logging_mixin.py:190} INFO - [2024-09-20T21:14:03.037+0000] {dagbag.py:587} INFO - Filling up the DagBag from /opt/airflow/dags/dag_com_operador_python_parametros.py
[2024-09-20T21:14:03.044+0000] {processor.py:925} INFO - DAG(s) 'DAG_With_Python_Operator_Parameters' retrieved from /opt/airflow/dags/dag_com_operador_python_parametros.py
[2024-09-20T21:14:03.059+0000] {logging_mixin.py:190} INFO - [2024-09-20T21:14:03.059+0000] {dag.py:3229} INFO - Sync 1 DAGs
[2024-09-20T21:14:03.073+0000] {logging_mixin.py:190} INFO - [2024-09-20T21:14:03.073+0000] {dag.py:4156} INFO - Setting next_dagrun for DAG_With_Python_Operator_Parameters to 2024-09-20 00:00:00+00:00, run_after=2024-09-21 00:00:00+00:00
[2024-09-20T21:14:03.082+0000] {processor.py:208} INFO - Processing /opt/airflow/dags/dag_com_operador_python_parametros.py took 0.050 seconds
[2024-09-20T21:14:33.340+0000] {processor.py:186} INFO - Started process (PID=583) to work on /opt/airflow/dags/dag_com_operador_python_parametros.py
[2024-09-20T21:14:33.340+0000] {processor.py:914} INFO - Processing file /opt/airflow/dags/dag_com_operador_python_parametros.py for tasks to queue
[2024-09-20T21:14:33.342+0000] {logging_mixin.py:190} INFO - [2024-09-20T21:14:33.341+0000] {dagbag.py:587} INFO - Filling up the DagBag from /opt/airflow/dags/dag_com_operador_python_parametros.py
[2024-09-20T21:14:33.348+0000] {processor.py:925} INFO - DAG(s) 'DAG_With_Python_Operator_Parameters' retrieved from /opt/airflow/dags/dag_com_operador_python_parametros.py
[2024-09-20T21:14:33.362+0000] {logging_mixin.py:190} INFO - [2024-09-20T21:14:33.362+0000] {dag.py:3229} INFO - Sync 1 DAGs
[2024-09-20T21:14:33.376+0000] {logging_mixin.py:190} INFO - [2024-09-20T21:14:33.376+0000] {dag.py:4156} INFO - Setting next_dagrun for DAG_With_Python_Operator_Parameters to 2024-09-20 00:00:00+00:00, run_after=2024-09-21 00:00:00+00:00
[2024-09-20T21:14:33.385+0000] {processor.py:208} INFO - Processing /opt/airflow/dags/dag_com_operador_python_parametros.py took 0.049 seconds
[2024-09-20T21:15:03.630+0000] {processor.py:186} INFO - Started process (PID=594) to work on /opt/airflow/dags/dag_com_operador_python_parametros.py
[2024-09-20T21:15:03.631+0000] {processor.py:914} INFO - Processing file /opt/airflow/dags/dag_com_operador_python_parametros.py for tasks to queue
[2024-09-20T21:15:03.632+0000] {logging_mixin.py:190} INFO - [2024-09-20T21:15:03.632+0000] {dagbag.py:587} INFO - Filling up the DagBag from /opt/airflow/dags/dag_com_operador_python_parametros.py
[2024-09-20T21:15:03.639+0000] {processor.py:925} INFO - DAG(s) 'DAG_With_Python_Operator_Parameters' retrieved from /opt/airflow/dags/dag_com_operador_python_parametros.py
[2024-09-20T21:15:03.653+0000] {logging_mixin.py:190} INFO - [2024-09-20T21:15:03.653+0000] {dag.py:3229} INFO - Sync 1 DAGs
[2024-09-20T21:15:03.667+0000] {logging_mixin.py:190} INFO - [2024-09-20T21:15:03.667+0000] {dag.py:4156} INFO - Setting next_dagrun for DAG_With_Python_Operator_Parameters to 2024-09-20 00:00:00+00:00, run_after=2024-09-21 00:00:00+00:00
[2024-09-20T21:15:03.676+0000] {processor.py:208} INFO - Processing /opt/airflow/dags/dag_com_operador_python_parametros.py took 0.050 seconds
[2024-09-20T21:15:33.932+0000] {processor.py:186} INFO - Started process (PID=605) to work on /opt/airflow/dags/dag_com_operador_python_parametros.py
[2024-09-20T21:15:33.933+0000] {processor.py:914} INFO - Processing file /opt/airflow/dags/dag_com_operador_python_parametros.py for tasks to queue
[2024-09-20T21:15:33.934+0000] {logging_mixin.py:190} INFO - [2024-09-20T21:15:33.934+0000] {dagbag.py:587} INFO - Filling up the DagBag from /opt/airflow/dags/dag_com_operador_python_parametros.py
[2024-09-20T21:15:33.941+0000] {processor.py:925} INFO - DAG(s) 'DAG_With_Python_Operator_Parameters' retrieved from /opt/airflow/dags/dag_com_operador_python_parametros.py
[2024-09-20T21:15:33.956+0000] {logging_mixin.py:190} INFO - [2024-09-20T21:15:33.955+0000] {dag.py:3229} INFO - Sync 1 DAGs
[2024-09-20T21:15:33.970+0000] {logging_mixin.py:190} INFO - [2024-09-20T21:15:33.969+0000] {dag.py:4156} INFO - Setting next_dagrun for DAG_With_Python_Operator_Parameters to 2024-09-20 00:00:00+00:00, run_after=2024-09-21 00:00:00+00:00
[2024-09-20T21:15:33.978+0000] {processor.py:208} INFO - Processing /opt/airflow/dags/dag_com_operador_python_parametros.py took 0.050 seconds
[2024-09-20T21:16:04.237+0000] {processor.py:186} INFO - Started process (PID=616) to work on /opt/airflow/dags/dag_com_operador_python_parametros.py
[2024-09-20T21:16:04.237+0000] {processor.py:914} INFO - Processing file /opt/airflow/dags/dag_com_operador_python_parametros.py for tasks to queue
[2024-09-20T21:16:04.238+0000] {logging_mixin.py:190} INFO - [2024-09-20T21:16:04.238+0000] {dagbag.py:587} INFO - Filling up the DagBag from /opt/airflow/dags/dag_com_operador_python_parametros.py
[2024-09-20T21:16:04.245+0000] {processor.py:925} INFO - DAG(s) 'DAG_With_Python_Operator_Parameters' retrieved from /opt/airflow/dags/dag_com_operador_python_parametros.py
[2024-09-20T21:16:04.259+0000] {logging_mixin.py:190} INFO - [2024-09-20T21:16:04.259+0000] {dag.py:3229} INFO - Sync 1 DAGs
[2024-09-20T21:16:04.273+0000] {logging_mixin.py:190} INFO - [2024-09-20T21:16:04.273+0000] {dag.py:4156} INFO - Setting next_dagrun for DAG_With_Python_Operator_Parameters to 2024-09-20 00:00:00+00:00, run_after=2024-09-21 00:00:00+00:00
[2024-09-20T21:16:04.282+0000] {processor.py:208} INFO - Processing /opt/airflow/dags/dag_com_operador_python_parametros.py took 0.049 seconds
[2024-09-20T21:16:34.512+0000] {processor.py:186} INFO - Started process (PID=627) to work on /opt/airflow/dags/dag_com_operador_python_parametros.py
[2024-09-20T21:16:34.512+0000] {processor.py:914} INFO - Processing file /opt/airflow/dags/dag_com_operador_python_parametros.py for tasks to queue
[2024-09-20T21:16:34.514+0000] {logging_mixin.py:190} INFO - [2024-09-20T21:16:34.514+0000] {dagbag.py:587} INFO - Filling up the DagBag from /opt/airflow/dags/dag_com_operador_python_parametros.py
[2024-09-20T21:16:34.520+0000] {processor.py:925} INFO - DAG(s) 'DAG_With_Python_Operator_Parameters' retrieved from /opt/airflow/dags/dag_com_operador_python_parametros.py
[2024-09-20T21:16:34.535+0000] {logging_mixin.py:190} INFO - [2024-09-20T21:16:34.535+0000] {dag.py:3229} INFO - Sync 1 DAGs
[2024-09-20T21:16:34.549+0000] {logging_mixin.py:190} INFO - [2024-09-20T21:16:34.549+0000] {dag.py:4156} INFO - Setting next_dagrun for DAG_With_Python_Operator_Parameters to 2024-09-20 00:00:00+00:00, run_after=2024-09-21 00:00:00+00:00
[2024-09-20T21:16:34.557+0000] {processor.py:208} INFO - Processing /opt/airflow/dags/dag_com_operador_python_parametros.py took 0.049 seconds
[2024-09-20T21:17:04.813+0000] {processor.py:186} INFO - Started process (PID=638) to work on /opt/airflow/dags/dag_com_operador_python_parametros.py
[2024-09-20T21:17:04.814+0000] {processor.py:914} INFO - Processing file /opt/airflow/dags/dag_com_operador_python_parametros.py for tasks to queue
[2024-09-20T21:17:04.815+0000] {logging_mixin.py:190} INFO - [2024-09-20T21:17:04.815+0000] {dagbag.py:587} INFO - Filling up the DagBag from /opt/airflow/dags/dag_com_operador_python_parametros.py
[2024-09-20T21:17:04.822+0000] {processor.py:925} INFO - DAG(s) 'DAG_With_Python_Operator_Parameters' retrieved from /opt/airflow/dags/dag_com_operador_python_parametros.py
[2024-09-20T21:17:04.836+0000] {logging_mixin.py:190} INFO - [2024-09-20T21:17:04.836+0000] {dag.py:3229} INFO - Sync 1 DAGs
[2024-09-20T21:17:04.849+0000] {logging_mixin.py:190} INFO - [2024-09-20T21:17:04.849+0000] {dag.py:4156} INFO - Setting next_dagrun for DAG_With_Python_Operator_Parameters to 2024-09-20 00:00:00+00:00, run_after=2024-09-21 00:00:00+00:00
[2024-09-20T21:17:04.858+0000] {processor.py:208} INFO - Processing /opt/airflow/dags/dag_com_operador_python_parametros.py took 0.049 seconds
[2024-09-20T21:17:35.114+0000] {processor.py:186} INFO - Started process (PID=649) to work on /opt/airflow/dags/dag_com_operador_python_parametros.py
[2024-09-20T21:17:35.115+0000] {processor.py:914} INFO - Processing file /opt/airflow/dags/dag_com_operador_python_parametros.py for tasks to queue
[2024-09-20T21:17:35.116+0000] {logging_mixin.py:190} INFO - [2024-09-20T21:17:35.116+0000] {dagbag.py:587} INFO - Filling up the DagBag from /opt/airflow/dags/dag_com_operador_python_parametros.py
[2024-09-20T21:17:35.123+0000] {processor.py:925} INFO - DAG(s) 'DAG_With_Python_Operator_Parameters' retrieved from /opt/airflow/dags/dag_com_operador_python_parametros.py
[2024-09-20T21:17:35.137+0000] {logging_mixin.py:190} INFO - [2024-09-20T21:17:35.137+0000] {dag.py:3229} INFO - Sync 1 DAGs
[2024-09-20T21:17:35.151+0000] {logging_mixin.py:190} INFO - [2024-09-20T21:17:35.150+0000] {dag.py:4156} INFO - Setting next_dagrun for DAG_With_Python_Operator_Parameters to 2024-09-20 00:00:00+00:00, run_after=2024-09-21 00:00:00+00:00
[2024-09-20T21:17:35.160+0000] {processor.py:208} INFO - Processing /opt/airflow/dags/dag_com_operador_python_parametros.py took 0.049 seconds
[2024-09-20T21:18:05.401+0000] {processor.py:186} INFO - Started process (PID=660) to work on /opt/airflow/dags/dag_com_operador_python_parametros.py
[2024-09-20T21:18:05.401+0000] {processor.py:914} INFO - Processing file /opt/airflow/dags/dag_com_operador_python_parametros.py for tasks to queue
[2024-09-20T21:18:05.403+0000] {logging_mixin.py:190} INFO - [2024-09-20T21:18:05.403+0000] {dagbag.py:587} INFO - Filling up the DagBag from /opt/airflow/dags/dag_com_operador_python_parametros.py
[2024-09-20T21:18:05.409+0000] {processor.py:925} INFO - DAG(s) 'DAG_With_Python_Operator_Parameters' retrieved from /opt/airflow/dags/dag_com_operador_python_parametros.py
[2024-09-20T21:18:05.424+0000] {logging_mixin.py:190} INFO - [2024-09-20T21:18:05.424+0000] {dag.py:3229} INFO - Sync 1 DAGs
[2024-09-20T21:18:05.438+0000] {logging_mixin.py:190} INFO - [2024-09-20T21:18:05.438+0000] {dag.py:4156} INFO - Setting next_dagrun for DAG_With_Python_Operator_Parameters to 2024-09-20 00:00:00+00:00, run_after=2024-09-21 00:00:00+00:00
[2024-09-20T21:18:05.447+0000] {processor.py:208} INFO - Processing /opt/airflow/dags/dag_com_operador_python_parametros.py took 0.050 seconds
[2024-09-20T21:18:35.712+0000] {processor.py:186} INFO - Started process (PID=671) to work on /opt/airflow/dags/dag_com_operador_python_parametros.py
[2024-09-20T21:18:35.712+0000] {processor.py:914} INFO - Processing file /opt/airflow/dags/dag_com_operador_python_parametros.py for tasks to queue
[2024-09-20T21:18:35.714+0000] {logging_mixin.py:190} INFO - [2024-09-20T21:18:35.714+0000] {dagbag.py:587} INFO - Filling up the DagBag from /opt/airflow/dags/dag_com_operador_python_parametros.py
[2024-09-20T21:18:35.720+0000] {processor.py:925} INFO - DAG(s) 'DAG_With_Python_Operator_Parameters' retrieved from /opt/airflow/dags/dag_com_operador_python_parametros.py
[2024-09-20T21:18:35.735+0000] {logging_mixin.py:190} INFO - [2024-09-20T21:18:35.735+0000] {dag.py:3229} INFO - Sync 1 DAGs
[2024-09-20T21:18:35.748+0000] {logging_mixin.py:190} INFO - [2024-09-20T21:18:35.748+0000] {dag.py:4156} INFO - Setting next_dagrun for DAG_With_Python_Operator_Parameters to 2024-09-20 00:00:00+00:00, run_after=2024-09-21 00:00:00+00:00
[2024-09-20T21:18:35.757+0000] {processor.py:208} INFO - Processing /opt/airflow/dags/dag_com_operador_python_parametros.py took 0.049 seconds
