[2024-09-20T21:07:27.122+0000] {processor.py:186} INFO - Started process (PID=422) to work on /opt/airflow/dags/dag_passando_parametro.py
[2024-09-20T21:07:27.122+0000] {processor.py:914} INFO - Processing file /opt/airflow/dags/dag_passando_parametro.py for tasks to queue
[2024-09-20T21:07:27.123+0000] {logging_mixin.py:190} INFO - [2024-09-20T21:07:27.123+0000] {dagbag.py:587} INFO - Filling up the DagBag from /opt/airflow/dags/dag_passando_parametro.py
[2024-09-20T21:07:27.130+0000] {processor.py:925} INFO - DAG(s) 'DAG_With_Python_Operator_Return_Data' retrieved from /opt/airflow/dags/dag_passando_parametro.py
[2024-09-20T21:07:27.197+0000] {logging_mixin.py:190} INFO - [2024-09-20T21:07:27.196+0000] {override.py:1900} INFO - Created Permission View: can edit on DAG:DAG_With_Python_Operator_Return_Data
[2024-09-20T21:07:27.202+0000] {logging_mixin.py:190} INFO - [2024-09-20T21:07:27.201+0000] {override.py:1900} INFO - Created Permission View: can read on DAG:DAG_With_Python_Operator_Return_Data
[2024-09-20T21:07:27.205+0000] {logging_mixin.py:190} INFO - [2024-09-20T21:07:27.205+0000] {override.py:1900} INFO - Created Permission View: can delete on DAG:DAG_With_Python_Operator_Return_Data
[2024-09-20T21:07:27.208+0000] {logging_mixin.py:190} INFO - [2024-09-20T21:07:27.208+0000] {override.py:1900} INFO - Created Permission View: menu access on DAG Run:DAG_With_Python_Operator_Return_Data
[2024-09-20T21:07:27.211+0000] {logging_mixin.py:190} INFO - [2024-09-20T21:07:27.211+0000] {override.py:1900} INFO - Created Permission View: can delete on DAG Run:DAG_With_Python_Operator_Return_Data
[2024-09-20T21:07:27.214+0000] {logging_mixin.py:190} INFO - [2024-09-20T21:07:27.214+0000] {override.py:1900} INFO - Created Permission View: can read on DAG Run:DAG_With_Python_Operator_Return_Data
[2024-09-20T21:07:27.217+0000] {logging_mixin.py:190} INFO - [2024-09-20T21:07:27.217+0000] {override.py:1900} INFO - Created Permission View: can create on DAG Run:DAG_With_Python_Operator_Return_Data
[2024-09-20T21:07:27.218+0000] {logging_mixin.py:190} INFO - [2024-09-20T21:07:27.217+0000] {dag.py:3229} INFO - Sync 1 DAGs
[2024-09-20T21:07:27.225+0000] {logging_mixin.py:190} INFO - [2024-09-20T21:07:27.225+0000] {dag.py:3252} INFO - Creating ORM DAG for DAG_With_Python_Operator_Return_Data
[2024-09-20T21:07:27.231+0000] {logging_mixin.py:190} INFO - [2024-09-20T21:07:27.231+0000] {dag.py:4156} INFO - Setting next_dagrun for DAG_With_Python_Operator_Return_Data to 2024-09-20 00:00:00+00:00, run_after=2024-09-21 00:00:00+00:00
[2024-09-20T21:07:27.238+0000] {processor.py:208} INFO - Processing /opt/airflow/dags/dag_passando_parametro.py took 0.120 seconds
[2024-09-20T21:07:57.422+0000] {processor.py:186} INFO - Started process (PID=433) to work on /opt/airflow/dags/dag_passando_parametro.py
[2024-09-20T21:07:57.423+0000] {processor.py:914} INFO - Processing file /opt/airflow/dags/dag_passando_parametro.py for tasks to queue
[2024-09-20T21:07:57.424+0000] {logging_mixin.py:190} INFO - [2024-09-20T21:07:57.424+0000] {dagbag.py:587} INFO - Filling up the DagBag from /opt/airflow/dags/dag_passando_parametro.py
[2024-09-20T21:07:57.431+0000] {processor.py:925} INFO - DAG(s) 'DAG_With_Python_Operator_Return_Data' retrieved from /opt/airflow/dags/dag_passando_parametro.py
[2024-09-20T21:07:57.445+0000] {logging_mixin.py:190} INFO - [2024-09-20T21:07:57.445+0000] {dag.py:3229} INFO - Sync 1 DAGs
[2024-09-20T21:07:57.459+0000] {logging_mixin.py:190} INFO - [2024-09-20T21:07:57.459+0000] {dag.py:4156} INFO - Setting next_dagrun for DAG_With_Python_Operator_Return_Data to 2024-09-20 00:00:00+00:00, run_after=2024-09-21 00:00:00+00:00
[2024-09-20T21:07:57.468+0000] {processor.py:208} INFO - Processing /opt/airflow/dags/dag_passando_parametro.py took 0.049 seconds
[2024-09-20T21:08:27.697+0000] {processor.py:186} INFO - Started process (PID=444) to work on /opt/airflow/dags/dag_passando_parametro.py
[2024-09-20T21:08:27.698+0000] {processor.py:914} INFO - Processing file /opt/airflow/dags/dag_passando_parametro.py for tasks to queue
[2024-09-20T21:08:27.699+0000] {logging_mixin.py:190} INFO - [2024-09-20T21:08:27.699+0000] {dagbag.py:587} INFO - Filling up the DagBag from /opt/airflow/dags/dag_passando_parametro.py
[2024-09-20T21:08:27.706+0000] {processor.py:925} INFO - DAG(s) 'DAG_With_Python_Operator_Return_Data' retrieved from /opt/airflow/dags/dag_passando_parametro.py
[2024-09-20T21:08:27.721+0000] {logging_mixin.py:190} INFO - [2024-09-20T21:08:27.721+0000] {dag.py:3229} INFO - Sync 1 DAGs
[2024-09-20T21:08:27.735+0000] {logging_mixin.py:190} INFO - [2024-09-20T21:08:27.735+0000] {dag.py:4156} INFO - Setting next_dagrun for DAG_With_Python_Operator_Return_Data to 2024-09-20 00:00:00+00:00, run_after=2024-09-21 00:00:00+00:00
[2024-09-20T21:08:27.744+0000] {processor.py:208} INFO - Processing /opt/airflow/dags/dag_passando_parametro.py took 0.050 seconds
[2024-09-20T21:08:58.008+0000] {processor.py:186} INFO - Started process (PID=455) to work on /opt/airflow/dags/dag_passando_parametro.py
[2024-09-20T21:08:58.009+0000] {processor.py:914} INFO - Processing file /opt/airflow/dags/dag_passando_parametro.py for tasks to queue
[2024-09-20T21:08:58.010+0000] {logging_mixin.py:190} INFO - [2024-09-20T21:08:58.010+0000] {dagbag.py:587} INFO - Filling up the DagBag from /opt/airflow/dags/dag_passando_parametro.py
[2024-09-20T21:08:58.017+0000] {processor.py:925} INFO - DAG(s) 'DAG_With_Python_Operator_Return_Data' retrieved from /opt/airflow/dags/dag_passando_parametro.py
[2024-09-20T21:08:58.031+0000] {logging_mixin.py:190} INFO - [2024-09-20T21:08:58.031+0000] {dag.py:3229} INFO - Sync 1 DAGs
[2024-09-20T21:08:58.045+0000] {logging_mixin.py:190} INFO - [2024-09-20T21:08:58.045+0000] {dag.py:4156} INFO - Setting next_dagrun for DAG_With_Python_Operator_Return_Data to 2024-09-20 00:00:00+00:00, run_after=2024-09-21 00:00:00+00:00
[2024-09-20T21:08:58.054+0000] {processor.py:208} INFO - Processing /opt/airflow/dags/dag_passando_parametro.py took 0.049 seconds
[2024-09-20T21:09:28.296+0000] {processor.py:186} INFO - Started process (PID=466) to work on /opt/airflow/dags/dag_passando_parametro.py
[2024-09-20T21:09:28.297+0000] {processor.py:914} INFO - Processing file /opt/airflow/dags/dag_passando_parametro.py for tasks to queue
[2024-09-20T21:09:28.298+0000] {logging_mixin.py:190} INFO - [2024-09-20T21:09:28.298+0000] {dagbag.py:587} INFO - Filling up the DagBag from /opt/airflow/dags/dag_passando_parametro.py
[2024-09-20T21:09:28.305+0000] {processor.py:925} INFO - DAG(s) 'DAG_With_Python_Operator_Return_Data' retrieved from /opt/airflow/dags/dag_passando_parametro.py
[2024-09-20T21:09:28.319+0000] {logging_mixin.py:190} INFO - [2024-09-20T21:09:28.319+0000] {dag.py:3229} INFO - Sync 1 DAGs
[2024-09-20T21:09:28.333+0000] {logging_mixin.py:190} INFO - [2024-09-20T21:09:28.333+0000] {dag.py:4156} INFO - Setting next_dagrun for DAG_With_Python_Operator_Return_Data to 2024-09-20 00:00:00+00:00, run_after=2024-09-21 00:00:00+00:00
[2024-09-20T21:09:28.342+0000] {processor.py:208} INFO - Processing /opt/airflow/dags/dag_passando_parametro.py took 0.049 seconds
[2024-09-20T21:09:58.604+0000] {processor.py:186} INFO - Started process (PID=477) to work on /opt/airflow/dags/dag_passando_parametro.py
[2024-09-20T21:09:58.605+0000] {processor.py:914} INFO - Processing file /opt/airflow/dags/dag_passando_parametro.py for tasks to queue
[2024-09-20T21:09:58.606+0000] {logging_mixin.py:190} INFO - [2024-09-20T21:09:58.606+0000] {dagbag.py:587} INFO - Filling up the DagBag from /opt/airflow/dags/dag_passando_parametro.py
[2024-09-20T21:09:58.613+0000] {processor.py:925} INFO - DAG(s) 'DAG_With_Python_Operator_Return_Data' retrieved from /opt/airflow/dags/dag_passando_parametro.py
[2024-09-20T21:09:58.627+0000] {logging_mixin.py:190} INFO - [2024-09-20T21:09:58.627+0000] {dag.py:3229} INFO - Sync 1 DAGs
[2024-09-20T21:09:58.641+0000] {logging_mixin.py:190} INFO - [2024-09-20T21:09:58.641+0000] {dag.py:4156} INFO - Setting next_dagrun for DAG_With_Python_Operator_Return_Data to 2024-09-20 00:00:00+00:00, run_after=2024-09-21 00:00:00+00:00
[2024-09-20T21:09:58.650+0000] {processor.py:208} INFO - Processing /opt/airflow/dags/dag_passando_parametro.py took 0.049 seconds
[2024-09-20T21:10:28.887+0000] {processor.py:186} INFO - Started process (PID=494) to work on /opt/airflow/dags/dag_passando_parametro.py
[2024-09-20T21:10:28.888+0000] {processor.py:914} INFO - Processing file /opt/airflow/dags/dag_passando_parametro.py for tasks to queue
[2024-09-20T21:10:28.889+0000] {logging_mixin.py:190} INFO - [2024-09-20T21:10:28.889+0000] {dagbag.py:587} INFO - Filling up the DagBag from /opt/airflow/dags/dag_passando_parametro.py
[2024-09-20T21:10:28.896+0000] {processor.py:925} INFO - DAG(s) 'DAG_With_Python_Operator_Return_Data' retrieved from /opt/airflow/dags/dag_passando_parametro.py
[2024-09-20T21:10:28.910+0000] {logging_mixin.py:190} INFO - [2024-09-20T21:10:28.910+0000] {dag.py:3229} INFO - Sync 1 DAGs
[2024-09-20T21:10:28.924+0000] {logging_mixin.py:190} INFO - [2024-09-20T21:10:28.924+0000] {dag.py:4156} INFO - Setting next_dagrun for DAG_With_Python_Operator_Return_Data to 2024-09-20 00:00:00+00:00, run_after=2024-09-21 00:00:00+00:00
[2024-09-20T21:10:28.933+0000] {processor.py:208} INFO - Processing /opt/airflow/dags/dag_passando_parametro.py took 0.049 seconds
[2024-09-20T21:10:59.197+0000] {processor.py:186} INFO - Started process (PID=505) to work on /opt/airflow/dags/dag_passando_parametro.py
[2024-09-20T21:10:59.197+0000] {processor.py:914} INFO - Processing file /opt/airflow/dags/dag_passando_parametro.py for tasks to queue
[2024-09-20T21:10:59.199+0000] {logging_mixin.py:190} INFO - [2024-09-20T21:10:59.199+0000] {dagbag.py:587} INFO - Filling up the DagBag from /opt/airflow/dags/dag_passando_parametro.py
[2024-09-20T21:10:59.205+0000] {processor.py:925} INFO - DAG(s) 'DAG_With_Python_Operator_Return_Data' retrieved from /opt/airflow/dags/dag_passando_parametro.py
[2024-09-20T21:10:59.220+0000] {logging_mixin.py:190} INFO - [2024-09-20T21:10:59.220+0000] {dag.py:3229} INFO - Sync 1 DAGs
[2024-09-20T21:10:59.233+0000] {logging_mixin.py:190} INFO - [2024-09-20T21:10:59.233+0000] {dag.py:4156} INFO - Setting next_dagrun for DAG_With_Python_Operator_Return_Data to 2024-09-20 00:00:00+00:00, run_after=2024-09-21 00:00:00+00:00
[2024-09-20T21:10:59.242+0000] {processor.py:208} INFO - Processing /opt/airflow/dags/dag_passando_parametro.py took 0.049 seconds
[2024-09-20T21:11:29.485+0000] {processor.py:186} INFO - Started process (PID=516) to work on /opt/airflow/dags/dag_passando_parametro.py
[2024-09-20T21:11:29.485+0000] {processor.py:914} INFO - Processing file /opt/airflow/dags/dag_passando_parametro.py for tasks to queue
[2024-09-20T21:11:29.487+0000] {logging_mixin.py:190} INFO - [2024-09-20T21:11:29.487+0000] {dagbag.py:587} INFO - Filling up the DagBag from /opt/airflow/dags/dag_passando_parametro.py
[2024-09-20T21:11:29.493+0000] {processor.py:925} INFO - DAG(s) 'DAG_With_Python_Operator_Return_Data' retrieved from /opt/airflow/dags/dag_passando_parametro.py
[2024-09-20T21:11:29.509+0000] {logging_mixin.py:190} INFO - [2024-09-20T21:11:29.509+0000] {dag.py:3229} INFO - Sync 1 DAGs
[2024-09-20T21:11:29.523+0000] {logging_mixin.py:190} INFO - [2024-09-20T21:11:29.522+0000] {dag.py:4156} INFO - Setting next_dagrun for DAG_With_Python_Operator_Return_Data to 2024-09-20 00:00:00+00:00, run_after=2024-09-21 00:00:00+00:00
[2024-09-20T21:11:29.532+0000] {processor.py:208} INFO - Processing /opt/airflow/dags/dag_passando_parametro.py took 0.050 seconds
[2024-09-20T21:11:59.798+0000] {processor.py:186} INFO - Started process (PID=527) to work on /opt/airflow/dags/dag_passando_parametro.py
[2024-09-20T21:11:59.798+0000] {processor.py:914} INFO - Processing file /opt/airflow/dags/dag_passando_parametro.py for tasks to queue
[2024-09-20T21:11:59.799+0000] {logging_mixin.py:190} INFO - [2024-09-20T21:11:59.799+0000] {dagbag.py:587} INFO - Filling up the DagBag from /opt/airflow/dags/dag_passando_parametro.py
[2024-09-20T21:11:59.806+0000] {processor.py:925} INFO - DAG(s) 'DAG_With_Python_Operator_Return_Data' retrieved from /opt/airflow/dags/dag_passando_parametro.py
[2024-09-20T21:11:59.821+0000] {logging_mixin.py:190} INFO - [2024-09-20T21:11:59.821+0000] {dag.py:3229} INFO - Sync 1 DAGs
[2024-09-20T21:11:59.834+0000] {logging_mixin.py:190} INFO - [2024-09-20T21:11:59.834+0000] {dag.py:4156} INFO - Setting next_dagrun for DAG_With_Python_Operator_Return_Data to 2024-09-20 00:00:00+00:00, run_after=2024-09-21 00:00:00+00:00
[2024-09-20T21:11:59.843+0000] {processor.py:208} INFO - Processing /opt/airflow/dags/dag_passando_parametro.py took 0.049 seconds
[2024-09-20T21:12:30.082+0000] {processor.py:186} INFO - Started process (PID=538) to work on /opt/airflow/dags/dag_passando_parametro.py
[2024-09-20T21:12:30.083+0000] {processor.py:914} INFO - Processing file /opt/airflow/dags/dag_passando_parametro.py for tasks to queue
[2024-09-20T21:12:30.085+0000] {logging_mixin.py:190} INFO - [2024-09-20T21:12:30.085+0000] {dagbag.py:587} INFO - Filling up the DagBag from /opt/airflow/dags/dag_passando_parametro.py
[2024-09-20T21:12:30.091+0000] {processor.py:925} INFO - DAG(s) 'DAG_With_Python_Operator_Return_Data' retrieved from /opt/airflow/dags/dag_passando_parametro.py
[2024-09-20T21:12:30.106+0000] {logging_mixin.py:190} INFO - [2024-09-20T21:12:30.106+0000] {dag.py:3229} INFO - Sync 1 DAGs
[2024-09-20T21:12:30.120+0000] {logging_mixin.py:190} INFO - [2024-09-20T21:12:30.120+0000] {dag.py:4156} INFO - Setting next_dagrun for DAG_With_Python_Operator_Return_Data to 2024-09-20 00:00:00+00:00, run_after=2024-09-21 00:00:00+00:00
[2024-09-20T21:12:30.129+0000] {processor.py:208} INFO - Processing /opt/airflow/dags/dag_passando_parametro.py took 0.050 seconds
[2024-09-20T21:13:00.401+0000] {processor.py:186} INFO - Started process (PID=549) to work on /opt/airflow/dags/dag_passando_parametro.py
[2024-09-20T21:13:00.401+0000] {processor.py:914} INFO - Processing file /opt/airflow/dags/dag_passando_parametro.py for tasks to queue
[2024-09-20T21:13:00.403+0000] {logging_mixin.py:190} INFO - [2024-09-20T21:13:00.403+0000] {dagbag.py:587} INFO - Filling up the DagBag from /opt/airflow/dags/dag_passando_parametro.py
[2024-09-20T21:13:00.409+0000] {processor.py:925} INFO - DAG(s) 'DAG_With_Python_Operator_Return_Data' retrieved from /opt/airflow/dags/dag_passando_parametro.py
[2024-09-20T21:13:00.424+0000] {logging_mixin.py:190} INFO - [2024-09-20T21:13:00.424+0000] {dag.py:3229} INFO - Sync 1 DAGs
[2024-09-20T21:13:00.438+0000] {logging_mixin.py:190} INFO - [2024-09-20T21:13:00.437+0000] {dag.py:4156} INFO - Setting next_dagrun for DAG_With_Python_Operator_Return_Data to 2024-09-20 00:00:00+00:00, run_after=2024-09-21 00:00:00+00:00
[2024-09-20T21:13:00.447+0000] {processor.py:208} INFO - Processing /opt/airflow/dags/dag_passando_parametro.py took 0.050 seconds
[2024-09-20T21:13:30.687+0000] {processor.py:186} INFO - Started process (PID=560) to work on /opt/airflow/dags/dag_passando_parametro.py
[2024-09-20T21:13:30.687+0000] {processor.py:914} INFO - Processing file /opt/airflow/dags/dag_passando_parametro.py for tasks to queue
[2024-09-20T21:13:30.689+0000] {logging_mixin.py:190} INFO - [2024-09-20T21:13:30.688+0000] {dagbag.py:587} INFO - Filling up the DagBag from /opt/airflow/dags/dag_passando_parametro.py
[2024-09-20T21:13:30.695+0000] {processor.py:925} INFO - DAG(s) 'DAG_With_Python_Operator_Return_Data' retrieved from /opt/airflow/dags/dag_passando_parametro.py
[2024-09-20T21:13:30.710+0000] {logging_mixin.py:190} INFO - [2024-09-20T21:13:30.710+0000] {dag.py:3229} INFO - Sync 1 DAGs
[2024-09-20T21:13:30.724+0000] {logging_mixin.py:190} INFO - [2024-09-20T21:13:30.724+0000] {dag.py:4156} INFO - Setting next_dagrun for DAG_With_Python_Operator_Return_Data to 2024-09-20 00:00:00+00:00, run_after=2024-09-21 00:00:00+00:00
[2024-09-20T21:13:30.733+0000] {processor.py:208} INFO - Processing /opt/airflow/dags/dag_passando_parametro.py took 0.049 seconds
[2024-09-20T21:14:00.995+0000] {processor.py:186} INFO - Started process (PID=571) to work on /opt/airflow/dags/dag_passando_parametro.py
[2024-09-20T21:14:00.995+0000] {processor.py:914} INFO - Processing file /opt/airflow/dags/dag_passando_parametro.py for tasks to queue
[2024-09-20T21:14:00.997+0000] {logging_mixin.py:190} INFO - [2024-09-20T21:14:00.997+0000] {dagbag.py:587} INFO - Filling up the DagBag from /opt/airflow/dags/dag_passando_parametro.py
[2024-09-20T21:14:01.004+0000] {processor.py:925} INFO - DAG(s) 'DAG_With_Python_Operator_Return_Data' retrieved from /opt/airflow/dags/dag_passando_parametro.py
[2024-09-20T21:14:01.018+0000] {logging_mixin.py:190} INFO - [2024-09-20T21:14:01.018+0000] {dag.py:3229} INFO - Sync 1 DAGs
[2024-09-20T21:14:01.032+0000] {logging_mixin.py:190} INFO - [2024-09-20T21:14:01.032+0000] {dag.py:4156} INFO - Setting next_dagrun for DAG_With_Python_Operator_Return_Data to 2024-09-20 00:00:00+00:00, run_after=2024-09-21 00:00:00+00:00
[2024-09-20T21:14:01.040+0000] {processor.py:208} INFO - Processing /opt/airflow/dags/dag_passando_parametro.py took 0.049 seconds
[2024-09-20T21:14:31.288+0000] {processor.py:186} INFO - Started process (PID=582) to work on /opt/airflow/dags/dag_passando_parametro.py
[2024-09-20T21:14:31.289+0000] {processor.py:914} INFO - Processing file /opt/airflow/dags/dag_passando_parametro.py for tasks to queue
[2024-09-20T21:14:31.290+0000] {logging_mixin.py:190} INFO - [2024-09-20T21:14:31.290+0000] {dagbag.py:587} INFO - Filling up the DagBag from /opt/airflow/dags/dag_passando_parametro.py
[2024-09-20T21:14:31.297+0000] {processor.py:925} INFO - DAG(s) 'DAG_With_Python_Operator_Return_Data' retrieved from /opt/airflow/dags/dag_passando_parametro.py
[2024-09-20T21:14:31.312+0000] {logging_mixin.py:190} INFO - [2024-09-20T21:14:31.312+0000] {dag.py:3229} INFO - Sync 1 DAGs
[2024-09-20T21:14:31.326+0000] {logging_mixin.py:190} INFO - [2024-09-20T21:14:31.326+0000] {dag.py:4156} INFO - Setting next_dagrun for DAG_With_Python_Operator_Return_Data to 2024-09-20 00:00:00+00:00, run_after=2024-09-21 00:00:00+00:00
[2024-09-20T21:14:31.335+0000] {processor.py:208} INFO - Processing /opt/airflow/dags/dag_passando_parametro.py took 0.050 seconds
[2024-09-20T21:15:01.588+0000] {processor.py:186} INFO - Started process (PID=593) to work on /opt/airflow/dags/dag_passando_parametro.py
[2024-09-20T21:15:01.588+0000] {processor.py:914} INFO - Processing file /opt/airflow/dags/dag_passando_parametro.py for tasks to queue
[2024-09-20T21:15:01.590+0000] {logging_mixin.py:190} INFO - [2024-09-20T21:15:01.590+0000] {dagbag.py:587} INFO - Filling up the DagBag from /opt/airflow/dags/dag_passando_parametro.py
[2024-09-20T21:15:01.596+0000] {processor.py:925} INFO - DAG(s) 'DAG_With_Python_Operator_Return_Data' retrieved from /opt/airflow/dags/dag_passando_parametro.py
[2024-09-20T21:15:01.611+0000] {logging_mixin.py:190} INFO - [2024-09-20T21:15:01.611+0000] {dag.py:3229} INFO - Sync 1 DAGs
[2024-09-20T21:15:01.625+0000] {logging_mixin.py:190} INFO - [2024-09-20T21:15:01.624+0000] {dag.py:4156} INFO - Setting next_dagrun for DAG_With_Python_Operator_Return_Data to 2024-09-20 00:00:00+00:00, run_after=2024-09-21 00:00:00+00:00
[2024-09-20T21:15:01.634+0000] {processor.py:208} INFO - Processing /opt/airflow/dags/dag_passando_parametro.py took 0.049 seconds
[2024-09-20T21:15:31.892+0000] {processor.py:186} INFO - Started process (PID=604) to work on /opt/airflow/dags/dag_passando_parametro.py
[2024-09-20T21:15:31.892+0000] {processor.py:914} INFO - Processing file /opt/airflow/dags/dag_passando_parametro.py for tasks to queue
[2024-09-20T21:15:31.894+0000] {logging_mixin.py:190} INFO - [2024-09-20T21:15:31.893+0000] {dagbag.py:587} INFO - Filling up the DagBag from /opt/airflow/dags/dag_passando_parametro.py
[2024-09-20T21:15:31.900+0000] {processor.py:925} INFO - DAG(s) 'DAG_With_Python_Operator_Return_Data' retrieved from /opt/airflow/dags/dag_passando_parametro.py
[2024-09-20T21:15:31.915+0000] {logging_mixin.py:190} INFO - [2024-09-20T21:15:31.915+0000] {dag.py:3229} INFO - Sync 1 DAGs
[2024-09-20T21:15:31.929+0000] {logging_mixin.py:190} INFO - [2024-09-20T21:15:31.929+0000] {dag.py:4156} INFO - Setting next_dagrun for DAG_With_Python_Operator_Return_Data to 2024-09-20 00:00:00+00:00, run_after=2024-09-21 00:00:00+00:00
[2024-09-20T21:15:31.937+0000] {processor.py:208} INFO - Processing /opt/airflow/dags/dag_passando_parametro.py took 0.049 seconds
[2024-09-20T21:16:02.180+0000] {processor.py:186} INFO - Started process (PID=615) to work on /opt/airflow/dags/dag_passando_parametro.py
[2024-09-20T21:16:02.180+0000] {processor.py:914} INFO - Processing file /opt/airflow/dags/dag_passando_parametro.py for tasks to queue
[2024-09-20T21:16:02.182+0000] {logging_mixin.py:190} INFO - [2024-09-20T21:16:02.181+0000] {dagbag.py:587} INFO - Filling up the DagBag from /opt/airflow/dags/dag_passando_parametro.py
[2024-09-20T21:16:02.189+0000] {processor.py:925} INFO - DAG(s) 'DAG_With_Python_Operator_Return_Data' retrieved from /opt/airflow/dags/dag_passando_parametro.py
[2024-09-20T21:16:02.204+0000] {logging_mixin.py:190} INFO - [2024-09-20T21:16:02.203+0000] {dag.py:3229} INFO - Sync 1 DAGs
[2024-09-20T21:16:02.218+0000] {logging_mixin.py:190} INFO - [2024-09-20T21:16:02.218+0000] {dag.py:4156} INFO - Setting next_dagrun for DAG_With_Python_Operator_Return_Data to 2024-09-20 00:00:00+00:00, run_after=2024-09-21 00:00:00+00:00
[2024-09-20T21:16:02.227+0000] {processor.py:208} INFO - Processing /opt/airflow/dags/dag_passando_parametro.py took 0.050 seconds
[2024-09-20T21:16:32.478+0000] {processor.py:186} INFO - Started process (PID=626) to work on /opt/airflow/dags/dag_passando_parametro.py
[2024-09-20T21:16:32.479+0000] {processor.py:914} INFO - Processing file /opt/airflow/dags/dag_passando_parametro.py for tasks to queue
[2024-09-20T21:16:32.480+0000] {logging_mixin.py:190} INFO - [2024-09-20T21:16:32.480+0000] {dagbag.py:587} INFO - Filling up the DagBag from /opt/airflow/dags/dag_passando_parametro.py
[2024-09-20T21:16:32.487+0000] {processor.py:925} INFO - DAG(s) 'DAG_With_Python_Operator_Return_Data' retrieved from /opt/airflow/dags/dag_passando_parametro.py
[2024-09-20T21:16:32.501+0000] {logging_mixin.py:190} INFO - [2024-09-20T21:16:32.501+0000] {dag.py:3229} INFO - Sync 1 DAGs
[2024-09-20T21:16:32.515+0000] {logging_mixin.py:190} INFO - [2024-09-20T21:16:32.515+0000] {dag.py:4156} INFO - Setting next_dagrun for DAG_With_Python_Operator_Return_Data to 2024-09-20 00:00:00+00:00, run_after=2024-09-21 00:00:00+00:00
[2024-09-20T21:16:32.524+0000] {processor.py:208} INFO - Processing /opt/airflow/dags/dag_passando_parametro.py took 0.049 seconds
[2024-09-20T21:17:02.760+0000] {processor.py:186} INFO - Started process (PID=637) to work on /opt/airflow/dags/dag_passando_parametro.py
[2024-09-20T21:17:02.760+0000] {processor.py:914} INFO - Processing file /opt/airflow/dags/dag_passando_parametro.py for tasks to queue
[2024-09-20T21:17:02.762+0000] {logging_mixin.py:190} INFO - [2024-09-20T21:17:02.762+0000] {dagbag.py:587} INFO - Filling up the DagBag from /opt/airflow/dags/dag_passando_parametro.py
[2024-09-20T21:17:02.768+0000] {processor.py:925} INFO - DAG(s) 'DAG_With_Python_Operator_Return_Data' retrieved from /opt/airflow/dags/dag_passando_parametro.py
[2024-09-20T21:17:02.783+0000] {logging_mixin.py:190} INFO - [2024-09-20T21:17:02.783+0000] {dag.py:3229} INFO - Sync 1 DAGs
[2024-09-20T21:17:02.797+0000] {logging_mixin.py:190} INFO - [2024-09-20T21:17:02.797+0000] {dag.py:4156} INFO - Setting next_dagrun for DAG_With_Python_Operator_Return_Data to 2024-09-20 00:00:00+00:00, run_after=2024-09-21 00:00:00+00:00
[2024-09-20T21:17:02.805+0000] {processor.py:208} INFO - Processing /opt/airflow/dags/dag_passando_parametro.py took 0.049 seconds
[2024-09-20T21:17:33.058+0000] {processor.py:186} INFO - Started process (PID=648) to work on /opt/airflow/dags/dag_passando_parametro.py
[2024-09-20T21:17:33.059+0000] {processor.py:914} INFO - Processing file /opt/airflow/dags/dag_passando_parametro.py for tasks to queue
[2024-09-20T21:17:33.060+0000] {logging_mixin.py:190} INFO - [2024-09-20T21:17:33.060+0000] {dagbag.py:587} INFO - Filling up the DagBag from /opt/airflow/dags/dag_passando_parametro.py
[2024-09-20T21:17:33.067+0000] {processor.py:925} INFO - DAG(s) 'DAG_With_Python_Operator_Return_Data' retrieved from /opt/airflow/dags/dag_passando_parametro.py
[2024-09-20T21:17:33.082+0000] {logging_mixin.py:190} INFO - [2024-09-20T21:17:33.082+0000] {dag.py:3229} INFO - Sync 1 DAGs
[2024-09-20T21:17:33.096+0000] {logging_mixin.py:190} INFO - [2024-09-20T21:17:33.095+0000] {dag.py:4156} INFO - Setting next_dagrun for DAG_With_Python_Operator_Return_Data to 2024-09-20 00:00:00+00:00, run_after=2024-09-21 00:00:00+00:00
[2024-09-20T21:17:33.105+0000] {processor.py:208} INFO - Processing /opt/airflow/dags/dag_passando_parametro.py took 0.050 seconds
[2024-09-20T21:18:03.366+0000] {processor.py:186} INFO - Started process (PID=659) to work on /opt/airflow/dags/dag_passando_parametro.py
[2024-09-20T21:18:03.366+0000] {processor.py:914} INFO - Processing file /opt/airflow/dags/dag_passando_parametro.py for tasks to queue
[2024-09-20T21:18:03.368+0000] {logging_mixin.py:190} INFO - [2024-09-20T21:18:03.367+0000] {dagbag.py:587} INFO - Filling up the DagBag from /opt/airflow/dags/dag_passando_parametro.py
[2024-09-20T21:18:03.374+0000] {processor.py:925} INFO - DAG(s) 'DAG_With_Python_Operator_Return_Data' retrieved from /opt/airflow/dags/dag_passando_parametro.py
[2024-09-20T21:18:03.389+0000] {logging_mixin.py:190} INFO - [2024-09-20T21:18:03.389+0000] {dag.py:3229} INFO - Sync 1 DAGs
[2024-09-20T21:18:03.403+0000] {logging_mixin.py:190} INFO - [2024-09-20T21:18:03.403+0000] {dag.py:4156} INFO - Setting next_dagrun for DAG_With_Python_Operator_Return_Data to 2024-09-20 00:00:00+00:00, run_after=2024-09-21 00:00:00+00:00
[2024-09-20T21:18:03.411+0000] {processor.py:208} INFO - Processing /opt/airflow/dags/dag_passando_parametro.py took 0.049 seconds
[2024-09-20T21:18:33.653+0000] {processor.py:186} INFO - Started process (PID=670) to work on /opt/airflow/dags/dag_passando_parametro.py
[2024-09-20T21:18:33.654+0000] {processor.py:914} INFO - Processing file /opt/airflow/dags/dag_passando_parametro.py for tasks to queue
[2024-09-20T21:18:33.655+0000] {logging_mixin.py:190} INFO - [2024-09-20T21:18:33.655+0000] {dagbag.py:587} INFO - Filling up the DagBag from /opt/airflow/dags/dag_passando_parametro.py
[2024-09-20T21:18:33.662+0000] {processor.py:925} INFO - DAG(s) 'DAG_With_Python_Operator_Return_Data' retrieved from /opt/airflow/dags/dag_passando_parametro.py
[2024-09-20T21:18:33.677+0000] {logging_mixin.py:190} INFO - [2024-09-20T21:18:33.676+0000] {dag.py:3229} INFO - Sync 1 DAGs
[2024-09-20T21:18:33.690+0000] {logging_mixin.py:190} INFO - [2024-09-20T21:18:33.690+0000] {dag.py:4156} INFO - Setting next_dagrun for DAG_With_Python_Operator_Return_Data to 2024-09-20 00:00:00+00:00, run_after=2024-09-21 00:00:00+00:00
[2024-09-20T21:18:33.699+0000] {processor.py:208} INFO - Processing /opt/airflow/dags/dag_passando_parametro.py took 0.050 seconds
