[2024-09-20T20:47:25.902+0000] {processor.py:186} INFO - Started process (PID=44) to work on /opt/airflow/dags/task_paralela.py
[2024-09-20T20:47:25.903+0000] {processor.py:914} INFO - Processing file /opt/airflow/dags/task_paralela.py for tasks to queue
[2024-09-20T20:47:25.904+0000] {logging_mixin.py:190} INFO - [2024-09-20T20:47:25.904+0000] {dagbag.py:587} INFO - Filling up the DagBag from /opt/airflow/dags/task_paralela.py
[2024-09-20T20:47:25.913+0000] {processor.py:925} INFO - DAG(s) 'task_paralela' retrieved from /opt/airflow/dags/task_paralela.py
[2024-09-20T20:47:25.990+0000] {logging_mixin.py:190} INFO - [2024-09-20T20:47:25.989+0000] {override.py:1900} INFO - Created Permission View: can edit on DAG:task_paralela
[2024-09-20T20:47:25.995+0000] {logging_mixin.py:190} INFO - [2024-09-20T20:47:25.995+0000] {override.py:1900} INFO - Created Permission View: can read on DAG:task_paralela
[2024-09-20T20:47:25.998+0000] {logging_mixin.py:190} INFO - [2024-09-20T20:47:25.998+0000] {override.py:1900} INFO - Created Permission View: can delete on DAG:task_paralela
[2024-09-20T20:47:26.002+0000] {logging_mixin.py:190} INFO - [2024-09-20T20:47:26.002+0000] {override.py:1900} INFO - Created Permission View: menu access on DAG Run:task_paralela
[2024-09-20T20:47:26.005+0000] {logging_mixin.py:190} INFO - [2024-09-20T20:47:26.005+0000] {override.py:1900} INFO - Created Permission View: can delete on DAG Run:task_paralela
[2024-09-20T20:47:26.009+0000] {logging_mixin.py:190} INFO - [2024-09-20T20:47:26.009+0000] {override.py:1900} INFO - Created Permission View: can read on DAG Run:task_paralela
[2024-09-20T20:47:26.012+0000] {logging_mixin.py:190} INFO - [2024-09-20T20:47:26.012+0000] {override.py:1900} INFO - Created Permission View: can create on DAG Run:task_paralela
[2024-09-20T20:47:26.012+0000] {logging_mixin.py:190} INFO - [2024-09-20T20:47:26.012+0000] {dag.py:3229} INFO - Sync 1 DAGs
[2024-09-20T20:47:26.020+0000] {logging_mixin.py:190} INFO - [2024-09-20T20:47:26.020+0000] {dag.py:3252} INFO - Creating ORM DAG for task_paralela
[2024-09-20T20:47:26.027+0000] {logging_mixin.py:190} INFO - [2024-09-20T20:47:26.027+0000] {dag.py:4156} INFO - Setting next_dagrun for task_paralela to 2024-09-15 00:00:00+00:00, run_after=2024-09-16 00:00:00+00:00
[2024-09-20T20:47:26.145+0000] {processor.py:208} INFO - Processing /opt/airflow/dags/task_paralela.py took 0.246 seconds
[2024-09-20T20:47:57.112+0000] {processor.py:186} INFO - Started process (PID=77) to work on /opt/airflow/dags/task_paralela.py
[2024-09-20T20:47:57.112+0000] {processor.py:914} INFO - Processing file /opt/airflow/dags/task_paralela.py for tasks to queue
[2024-09-20T20:47:57.113+0000] {logging_mixin.py:190} INFO - [2024-09-20T20:47:57.113+0000] {dagbag.py:587} INFO - Filling up the DagBag from /opt/airflow/dags/task_paralela.py
[2024-09-20T20:47:57.120+0000] {processor.py:925} INFO - DAG(s) 'task_paralela' retrieved from /opt/airflow/dags/task_paralela.py
[2024-09-20T20:47:57.135+0000] {logging_mixin.py:190} INFO - [2024-09-20T20:47:57.135+0000] {dag.py:3229} INFO - Sync 1 DAGs
[2024-09-20T20:47:57.150+0000] {logging_mixin.py:190} INFO - [2024-09-20T20:47:57.150+0000] {dag.py:4156} INFO - Setting next_dagrun for task_paralela to 2024-09-20 00:00:00+00:00, run_after=2024-09-21 00:00:00+00:00
[2024-09-20T20:47:57.159+0000] {processor.py:208} INFO - Processing /opt/airflow/dags/task_paralela.py took 0.051 seconds
[2024-09-20T20:48:24.288+0000] {processor.py:186} INFO - Started process (PID=78) to work on /opt/airflow/dags/task_paralela.py
[2024-09-20T20:48:24.289+0000] {processor.py:914} INFO - Processing file /opt/airflow/dags/task_paralela.py for tasks to queue
[2024-09-20T20:48:24.290+0000] {logging_mixin.py:190} INFO - [2024-09-20T20:48:24.290+0000] {dagbag.py:587} INFO - Filling up the DagBag from /opt/airflow/dags/task_paralela.py
[2024-09-20T20:48:24.297+0000] {processor.py:925} INFO - DAG(s) 'task_paralela' retrieved from /opt/airflow/dags/task_paralela.py
[2024-09-20T20:48:24.368+0000] {logging_mixin.py:190} INFO - [2024-09-20T20:48:24.368+0000] {dag.py:3229} INFO - Sync 1 DAGs
[2024-09-20T20:48:24.471+0000] {logging_mixin.py:190} INFO - [2024-09-20T20:48:24.471+0000] {dag.py:4156} INFO - Setting next_dagrun for task_paralela to 2024-09-20 00:00:00+00:00, run_after=2024-09-21 00:00:00+00:00
[2024-09-20T20:48:24.481+0000] {processor.py:208} INFO - Processing /opt/airflow/dags/task_paralela.py took 0.195 seconds
[2024-09-20T20:48:30.333+0000] {processor.py:186} INFO - Started process (PID=86) to work on /opt/airflow/dags/task_paralela.py
[2024-09-20T20:48:30.334+0000] {processor.py:914} INFO - Processing file /opt/airflow/dags/task_paralela.py for tasks to queue
[2024-09-20T20:48:30.335+0000] {logging_mixin.py:190} INFO - [2024-09-20T20:48:30.335+0000] {dagbag.py:587} INFO - Filling up the DagBag from /opt/airflow/dags/task_paralela.py
[2024-09-20T20:48:30.342+0000] {processor.py:925} INFO - DAG(s) 'task_paralela' retrieved from /opt/airflow/dags/task_paralela.py
[2024-09-20T20:48:30.349+0000] {logging_mixin.py:190} INFO - [2024-09-20T20:48:30.349+0000] {dag.py:3229} INFO - Sync 1 DAGs
[2024-09-20T20:48:30.364+0000] {logging_mixin.py:190} INFO - [2024-09-20T20:48:30.364+0000] {dag.py:4156} INFO - Setting next_dagrun for task_paralela to 2024-09-20 00:00:00+00:00, run_after=2024-09-21 00:00:00+00:00
[2024-09-20T20:48:30.374+0000] {processor.py:208} INFO - Processing /opt/airflow/dags/task_paralela.py took 0.044 seconds
[2024-09-20T20:49:00.519+0000] {processor.py:186} INFO - Started process (PID=102) to work on /opt/airflow/dags/task_paralela.py
[2024-09-20T20:49:00.520+0000] {processor.py:914} INFO - Processing file /opt/airflow/dags/task_paralela.py for tasks to queue
[2024-09-20T20:49:00.521+0000] {logging_mixin.py:190} INFO - [2024-09-20T20:49:00.521+0000] {dagbag.py:587} INFO - Filling up the DagBag from /opt/airflow/dags/task_paralela.py
[2024-09-20T20:49:00.528+0000] {processor.py:925} INFO - DAG(s) 'task_paralela' retrieved from /opt/airflow/dags/task_paralela.py
[2024-09-20T20:49:00.543+0000] {logging_mixin.py:190} INFO - [2024-09-20T20:49:00.543+0000] {dag.py:3229} INFO - Sync 1 DAGs
[2024-09-20T20:49:00.558+0000] {logging_mixin.py:190} INFO - [2024-09-20T20:49:00.558+0000] {dag.py:4156} INFO - Setting next_dagrun for task_paralela to 2024-09-20 00:00:00+00:00, run_after=2024-09-21 00:00:00+00:00
[2024-09-20T20:49:00.567+0000] {processor.py:208} INFO - Processing /opt/airflow/dags/task_paralela.py took 0.051 seconds
[2024-09-20T20:49:30.709+0000] {processor.py:186} INFO - Started process (PID=110) to work on /opt/airflow/dags/task_paralela.py
[2024-09-20T20:49:30.710+0000] {processor.py:914} INFO - Processing file /opt/airflow/dags/task_paralela.py for tasks to queue
[2024-09-20T20:49:30.712+0000] {logging_mixin.py:190} INFO - [2024-09-20T20:49:30.711+0000] {dagbag.py:587} INFO - Filling up the DagBag from /opt/airflow/dags/task_paralela.py
[2024-09-20T20:49:30.719+0000] {processor.py:925} INFO - DAG(s) 'task_paralela' retrieved from /opt/airflow/dags/task_paralela.py
[2024-09-20T20:49:30.735+0000] {logging_mixin.py:190} INFO - [2024-09-20T20:49:30.734+0000] {dag.py:3229} INFO - Sync 1 DAGs
[2024-09-20T20:49:30.751+0000] {logging_mixin.py:190} INFO - [2024-09-20T20:49:30.750+0000] {dag.py:4156} INFO - Setting next_dagrun for task_paralela to 2024-09-20 00:00:00+00:00, run_after=2024-09-21 00:00:00+00:00
[2024-09-20T20:49:30.761+0000] {processor.py:208} INFO - Processing /opt/airflow/dags/task_paralela.py took 0.055 seconds
[2024-09-20T20:50:00.904+0000] {processor.py:186} INFO - Started process (PID=118) to work on /opt/airflow/dags/task_paralela.py
[2024-09-20T20:50:00.904+0000] {processor.py:914} INFO - Processing file /opt/airflow/dags/task_paralela.py for tasks to queue
[2024-09-20T20:50:00.906+0000] {logging_mixin.py:190} INFO - [2024-09-20T20:50:00.906+0000] {dagbag.py:587} INFO - Filling up the DagBag from /opt/airflow/dags/task_paralela.py
[2024-09-20T20:50:00.914+0000] {processor.py:925} INFO - DAG(s) 'task_paralela' retrieved from /opt/airflow/dags/task_paralela.py
[2024-09-20T20:50:00.929+0000] {logging_mixin.py:190} INFO - [2024-09-20T20:50:00.929+0000] {dag.py:3229} INFO - Sync 1 DAGs
[2024-09-20T20:50:00.945+0000] {logging_mixin.py:190} INFO - [2024-09-20T20:50:00.944+0000] {dag.py:4156} INFO - Setting next_dagrun for task_paralela to 2024-09-20 00:00:00+00:00, run_after=2024-09-21 00:00:00+00:00
[2024-09-20T20:50:00.954+0000] {processor.py:208} INFO - Processing /opt/airflow/dags/task_paralela.py took 0.054 seconds
[2024-09-20T20:50:31.127+0000] {processor.py:186} INFO - Started process (PID=126) to work on /opt/airflow/dags/task_paralela.py
[2024-09-20T20:50:31.128+0000] {processor.py:914} INFO - Processing file /opt/airflow/dags/task_paralela.py for tasks to queue
[2024-09-20T20:50:31.129+0000] {logging_mixin.py:190} INFO - [2024-09-20T20:50:31.129+0000] {dagbag.py:587} INFO - Filling up the DagBag from /opt/airflow/dags/task_paralela.py
[2024-09-20T20:50:31.138+0000] {processor.py:925} INFO - DAG(s) 'task_paralela' retrieved from /opt/airflow/dags/task_paralela.py
[2024-09-20T20:50:31.155+0000] {logging_mixin.py:190} INFO - [2024-09-20T20:50:31.154+0000] {dag.py:3229} INFO - Sync 1 DAGs
[2024-09-20T20:50:31.169+0000] {logging_mixin.py:190} INFO - [2024-09-20T20:50:31.169+0000] {dag.py:4156} INFO - Setting next_dagrun for task_paralela to 2024-09-20 00:00:00+00:00, run_after=2024-09-21 00:00:00+00:00
[2024-09-20T20:50:31.325+0000] {processor.py:208} INFO - Processing /opt/airflow/dags/task_paralela.py took 0.205 seconds
[2024-09-20T20:51:01.451+0000] {processor.py:186} INFO - Started process (PID=134) to work on /opt/airflow/dags/task_paralela.py
[2024-09-20T20:51:01.452+0000] {processor.py:914} INFO - Processing file /opt/airflow/dags/task_paralela.py for tasks to queue
[2024-09-20T20:51:01.453+0000] {logging_mixin.py:190} INFO - [2024-09-20T20:51:01.453+0000] {dagbag.py:587} INFO - Filling up the DagBag from /opt/airflow/dags/task_paralela.py
[2024-09-20T20:51:01.461+0000] {processor.py:925} INFO - DAG(s) 'task_paralela' retrieved from /opt/airflow/dags/task_paralela.py
[2024-09-20T20:51:01.477+0000] {logging_mixin.py:190} INFO - [2024-09-20T20:51:01.477+0000] {dag.py:3229} INFO - Sync 1 DAGs
[2024-09-20T20:51:01.593+0000] {logging_mixin.py:190} INFO - [2024-09-20T20:51:01.593+0000] {dag.py:4156} INFO - Setting next_dagrun for task_paralela to 2024-09-20 00:00:00+00:00, run_after=2024-09-21 00:00:00+00:00
[2024-09-20T20:51:01.602+0000] {processor.py:208} INFO - Processing /opt/airflow/dags/task_paralela.py took 0.155 seconds
[2024-09-20T20:51:31.733+0000] {processor.py:186} INFO - Started process (PID=142) to work on /opt/airflow/dags/task_paralela.py
[2024-09-20T20:51:31.734+0000] {processor.py:914} INFO - Processing file /opt/airflow/dags/task_paralela.py for tasks to queue
[2024-09-20T20:51:31.735+0000] {logging_mixin.py:190} INFO - [2024-09-20T20:51:31.735+0000] {dagbag.py:587} INFO - Filling up the DagBag from /opt/airflow/dags/task_paralela.py
[2024-09-20T20:51:31.744+0000] {processor.py:925} INFO - DAG(s) 'task_paralela' retrieved from /opt/airflow/dags/task_paralela.py
[2024-09-20T20:51:31.760+0000] {logging_mixin.py:190} INFO - [2024-09-20T20:51:31.760+0000] {dag.py:3229} INFO - Sync 1 DAGs
[2024-09-20T20:51:31.878+0000] {logging_mixin.py:190} INFO - [2024-09-20T20:51:31.878+0000] {dag.py:4156} INFO - Setting next_dagrun for task_paralela to 2024-09-20 00:00:00+00:00, run_after=2024-09-21 00:00:00+00:00
[2024-09-20T20:51:31.887+0000] {processor.py:208} INFO - Processing /opt/airflow/dags/task_paralela.py took 0.157 seconds
[2024-09-20T20:52:02.036+0000] {processor.py:186} INFO - Started process (PID=150) to work on /opt/airflow/dags/task_paralela.py
[2024-09-20T20:52:02.037+0000] {processor.py:914} INFO - Processing file /opt/airflow/dags/task_paralela.py for tasks to queue
[2024-09-20T20:52:02.038+0000] {logging_mixin.py:190} INFO - [2024-09-20T20:52:02.038+0000] {dagbag.py:587} INFO - Filling up the DagBag from /opt/airflow/dags/task_paralela.py
[2024-09-20T20:52:02.045+0000] {processor.py:925} INFO - DAG(s) 'task_paralela' retrieved from /opt/airflow/dags/task_paralela.py
[2024-09-20T20:52:02.145+0000] {logging_mixin.py:190} INFO - [2024-09-20T20:52:02.145+0000] {dag.py:3229} INFO - Sync 1 DAGs
[2024-09-20T20:52:02.158+0000] {logging_mixin.py:190} INFO - [2024-09-20T20:52:02.158+0000] {dag.py:4156} INFO - Setting next_dagrun for task_paralela to 2024-09-20 00:00:00+00:00, run_after=2024-09-21 00:00:00+00:00
[2024-09-20T20:52:02.168+0000] {processor.py:208} INFO - Processing /opt/airflow/dags/task_paralela.py took 0.136 seconds
[2024-09-20T20:52:32.422+0000] {processor.py:186} INFO - Started process (PID=158) to work on /opt/airflow/dags/task_paralela.py
[2024-09-20T20:52:32.422+0000] {processor.py:914} INFO - Processing file /opt/airflow/dags/task_paralela.py for tasks to queue
[2024-09-20T20:52:32.423+0000] {logging_mixin.py:190} INFO - [2024-09-20T20:52:32.423+0000] {dagbag.py:587} INFO - Filling up the DagBag from /opt/airflow/dags/task_paralela.py
[2024-09-20T20:52:32.428+0000] {processor.py:925} INFO - DAG(s) 'task_paralela' retrieved from /opt/airflow/dags/task_paralela.py
[2024-09-20T20:52:32.441+0000] {logging_mixin.py:190} INFO - [2024-09-20T20:52:32.441+0000] {dag.py:3229} INFO - Sync 1 DAGs
[2024-09-20T20:52:32.454+0000] {logging_mixin.py:190} INFO - [2024-09-20T20:52:32.454+0000] {dag.py:4156} INFO - Setting next_dagrun for task_paralela to 2024-09-20 00:00:00+00:00, run_after=2024-09-21 00:00:00+00:00
[2024-09-20T20:52:32.462+0000] {processor.py:208} INFO - Processing /opt/airflow/dags/task_paralela.py took 0.139 seconds
[2024-09-20T20:53:02.719+0000] {processor.py:186} INFO - Started process (PID=166) to work on /opt/airflow/dags/task_paralela.py
[2024-09-20T20:53:02.720+0000] {processor.py:914} INFO - Processing file /opt/airflow/dags/task_paralela.py for tasks to queue
[2024-09-20T20:53:02.722+0000] {logging_mixin.py:190} INFO - [2024-09-20T20:53:02.721+0000] {dagbag.py:587} INFO - Filling up the DagBag from /opt/airflow/dags/task_paralela.py
[2024-09-20T20:53:02.729+0000] {processor.py:925} INFO - DAG(s) 'task_paralela' retrieved from /opt/airflow/dags/task_paralela.py
[2024-09-20T20:53:02.744+0000] {logging_mixin.py:190} INFO - [2024-09-20T20:53:02.744+0000] {dag.py:3229} INFO - Sync 1 DAGs
[2024-09-20T20:53:02.758+0000] {logging_mixin.py:190} INFO - [2024-09-20T20:53:02.758+0000] {dag.py:4156} INFO - Setting next_dagrun for task_paralela to 2024-09-20 00:00:00+00:00, run_after=2024-09-21 00:00:00+00:00
[2024-09-20T20:53:02.767+0000] {processor.py:208} INFO - Processing /opt/airflow/dags/task_paralela.py took 0.052 seconds
[2024-09-20T20:53:32.921+0000] {processor.py:186} INFO - Started process (PID=174) to work on /opt/airflow/dags/task_paralela.py
[2024-09-20T20:53:32.921+0000] {processor.py:914} INFO - Processing file /opt/airflow/dags/task_paralela.py for tasks to queue
[2024-09-20T20:53:32.923+0000] {logging_mixin.py:190} INFO - [2024-09-20T20:53:32.922+0000] {dagbag.py:587} INFO - Filling up the DagBag from /opt/airflow/dags/task_paralela.py
[2024-09-20T20:53:32.930+0000] {processor.py:925} INFO - DAG(s) 'task_paralela' retrieved from /opt/airflow/dags/task_paralela.py
[2024-09-20T20:53:32.945+0000] {logging_mixin.py:190} INFO - [2024-09-20T20:53:32.945+0000] {dag.py:3229} INFO - Sync 1 DAGs
[2024-09-20T20:53:32.959+0000] {logging_mixin.py:190} INFO - [2024-09-20T20:53:32.959+0000] {dag.py:4156} INFO - Setting next_dagrun for task_paralela to 2024-09-20 00:00:00+00:00, run_after=2024-09-21 00:00:00+00:00
[2024-09-20T20:53:32.968+0000] {processor.py:208} INFO - Processing /opt/airflow/dags/task_paralela.py took 0.051 seconds
[2024-09-20T20:54:03.115+0000] {processor.py:186} INFO - Started process (PID=182) to work on /opt/airflow/dags/task_paralela.py
[2024-09-20T20:54:03.116+0000] {processor.py:914} INFO - Processing file /opt/airflow/dags/task_paralela.py for tasks to queue
[2024-09-20T20:54:03.117+0000] {logging_mixin.py:190} INFO - [2024-09-20T20:54:03.117+0000] {dagbag.py:587} INFO - Filling up the DagBag from /opt/airflow/dags/task_paralela.py
[2024-09-20T20:54:03.124+0000] {processor.py:925} INFO - DAG(s) 'task_paralela' retrieved from /opt/airflow/dags/task_paralela.py
[2024-09-20T20:54:03.139+0000] {logging_mixin.py:190} INFO - [2024-09-20T20:54:03.139+0000] {dag.py:3229} INFO - Sync 1 DAGs
[2024-09-20T20:54:03.153+0000] {logging_mixin.py:190} INFO - [2024-09-20T20:54:03.153+0000] {dag.py:4156} INFO - Setting next_dagrun for task_paralela to 2024-09-20 00:00:00+00:00, run_after=2024-09-21 00:00:00+00:00
[2024-09-20T20:54:03.162+0000] {processor.py:208} INFO - Processing /opt/airflow/dags/task_paralela.py took 0.051 seconds
[2024-09-20T20:54:33.316+0000] {processor.py:186} INFO - Started process (PID=190) to work on /opt/airflow/dags/task_paralela.py
[2024-09-20T20:54:33.317+0000] {processor.py:914} INFO - Processing file /opt/airflow/dags/task_paralela.py for tasks to queue
[2024-09-20T20:54:33.320+0000] {logging_mixin.py:190} INFO - [2024-09-20T20:54:33.320+0000] {dagbag.py:587} INFO - Filling up the DagBag from /opt/airflow/dags/task_paralela.py
[2024-09-20T20:54:33.337+0000] {processor.py:925} INFO - DAG(s) 'task_paralela' retrieved from /opt/airflow/dags/task_paralela.py
[2024-09-20T20:54:33.361+0000] {logging_mixin.py:190} INFO - [2024-09-20T20:54:33.361+0000] {dag.py:3229} INFO - Sync 1 DAGs
[2024-09-20T20:54:33.376+0000] {logging_mixin.py:190} INFO - [2024-09-20T20:54:33.376+0000] {dag.py:4156} INFO - Setting next_dagrun for task_paralela to 2024-09-20 00:00:00+00:00, run_after=2024-09-21 00:00:00+00:00
[2024-09-20T20:54:33.386+0000] {processor.py:208} INFO - Processing /opt/airflow/dags/task_paralela.py took 0.078 seconds
[2024-09-20T20:55:03.498+0000] {processor.py:186} INFO - Started process (PID=198) to work on /opt/airflow/dags/task_paralela.py
[2024-09-20T20:55:03.499+0000] {processor.py:914} INFO - Processing file /opt/airflow/dags/task_paralela.py for tasks to queue
[2024-09-20T20:55:03.500+0000] {logging_mixin.py:190} INFO - [2024-09-20T20:55:03.500+0000] {dagbag.py:587} INFO - Filling up the DagBag from /opt/airflow/dags/task_paralela.py
[2024-09-20T20:55:03.507+0000] {processor.py:925} INFO - DAG(s) 'task_paralela' retrieved from /opt/airflow/dags/task_paralela.py
[2024-09-20T20:55:03.524+0000] {logging_mixin.py:190} INFO - [2024-09-20T20:55:03.524+0000] {dag.py:3229} INFO - Sync 1 DAGs
[2024-09-20T20:55:03.539+0000] {logging_mixin.py:190} INFO - [2024-09-20T20:55:03.539+0000] {dag.py:4156} INFO - Setting next_dagrun for task_paralela to 2024-09-20 00:00:00+00:00, run_after=2024-09-21 00:00:00+00:00
[2024-09-20T20:55:03.551+0000] {processor.py:208} INFO - Processing /opt/airflow/dags/task_paralela.py took 0.057 seconds
[2024-09-20T20:55:33.689+0000] {processor.py:186} INFO - Started process (PID=206) to work on /opt/airflow/dags/task_paralela.py
[2024-09-20T20:55:33.689+0000] {processor.py:914} INFO - Processing file /opt/airflow/dags/task_paralela.py for tasks to queue
[2024-09-20T20:55:33.691+0000] {logging_mixin.py:190} INFO - [2024-09-20T20:55:33.691+0000] {dagbag.py:587} INFO - Filling up the DagBag from /opt/airflow/dags/task_paralela.py
[2024-09-20T20:55:33.698+0000] {processor.py:925} INFO - DAG(s) 'task_paralela' retrieved from /opt/airflow/dags/task_paralela.py
[2024-09-20T20:55:33.713+0000] {logging_mixin.py:190} INFO - [2024-09-20T20:55:33.713+0000] {dag.py:3229} INFO - Sync 1 DAGs
[2024-09-20T20:55:33.727+0000] {logging_mixin.py:190} INFO - [2024-09-20T20:55:33.727+0000] {dag.py:4156} INFO - Setting next_dagrun for task_paralela to 2024-09-20 00:00:00+00:00, run_after=2024-09-21 00:00:00+00:00
[2024-09-20T20:55:33.736+0000] {processor.py:208} INFO - Processing /opt/airflow/dags/task_paralela.py took 0.051 seconds
[2024-09-20T20:56:03.885+0000] {processor.py:186} INFO - Started process (PID=214) to work on /opt/airflow/dags/task_paralela.py
[2024-09-20T20:56:03.886+0000] {processor.py:914} INFO - Processing file /opt/airflow/dags/task_paralela.py for tasks to queue
[2024-09-20T20:56:03.887+0000] {logging_mixin.py:190} INFO - [2024-09-20T20:56:03.887+0000] {dagbag.py:587} INFO - Filling up the DagBag from /opt/airflow/dags/task_paralela.py
[2024-09-20T20:56:03.894+0000] {processor.py:925} INFO - DAG(s) 'task_paralela' retrieved from /opt/airflow/dags/task_paralela.py
[2024-09-20T20:56:03.909+0000] {logging_mixin.py:190} INFO - [2024-09-20T20:56:03.909+0000] {dag.py:3229} INFO - Sync 1 DAGs
[2024-09-20T20:56:03.923+0000] {logging_mixin.py:190} INFO - [2024-09-20T20:56:03.923+0000] {dag.py:4156} INFO - Setting next_dagrun for task_paralela to 2024-09-20 00:00:00+00:00, run_after=2024-09-21 00:00:00+00:00
[2024-09-20T20:56:03.932+0000] {processor.py:208} INFO - Processing /opt/airflow/dags/task_paralela.py took 0.051 seconds
[2024-09-20T20:56:34.073+0000] {processor.py:186} INFO - Started process (PID=222) to work on /opt/airflow/dags/task_paralela.py
[2024-09-20T20:56:34.074+0000] {processor.py:914} INFO - Processing file /opt/airflow/dags/task_paralela.py for tasks to queue
[2024-09-20T20:56:34.075+0000] {logging_mixin.py:190} INFO - [2024-09-20T20:56:34.075+0000] {dagbag.py:587} INFO - Filling up the DagBag from /opt/airflow/dags/task_paralela.py
[2024-09-20T20:56:34.082+0000] {processor.py:925} INFO - DAG(s) 'task_paralela' retrieved from /opt/airflow/dags/task_paralela.py
[2024-09-20T20:56:34.098+0000] {logging_mixin.py:190} INFO - [2024-09-20T20:56:34.098+0000] {dag.py:3229} INFO - Sync 1 DAGs
[2024-09-20T20:56:34.113+0000] {logging_mixin.py:190} INFO - [2024-09-20T20:56:34.113+0000] {dag.py:4156} INFO - Setting next_dagrun for task_paralela to 2024-09-20 00:00:00+00:00, run_after=2024-09-21 00:00:00+00:00
[2024-09-20T20:56:34.122+0000] {processor.py:208} INFO - Processing /opt/airflow/dags/task_paralela.py took 0.053 seconds
[2024-09-20T20:57:04.266+0000] {processor.py:186} INFO - Started process (PID=230) to work on /opt/airflow/dags/task_paralela.py
[2024-09-20T20:57:04.266+0000] {processor.py:914} INFO - Processing file /opt/airflow/dags/task_paralela.py for tasks to queue
[2024-09-20T20:57:04.268+0000] {logging_mixin.py:190} INFO - [2024-09-20T20:57:04.268+0000] {dagbag.py:587} INFO - Filling up the DagBag from /opt/airflow/dags/task_paralela.py
[2024-09-20T20:57:04.275+0000] {processor.py:925} INFO - DAG(s) 'task_paralela' retrieved from /opt/airflow/dags/task_paralela.py
[2024-09-20T20:57:04.292+0000] {logging_mixin.py:190} INFO - [2024-09-20T20:57:04.292+0000] {dag.py:3229} INFO - Sync 1 DAGs
[2024-09-20T20:57:04.307+0000] {logging_mixin.py:190} INFO - [2024-09-20T20:57:04.307+0000] {dag.py:4156} INFO - Setting next_dagrun for task_paralela to 2024-09-20 00:00:00+00:00, run_after=2024-09-21 00:00:00+00:00
[2024-09-20T20:57:04.317+0000] {processor.py:208} INFO - Processing /opt/airflow/dags/task_paralela.py took 0.055 seconds
[2024-09-20T20:57:34.500+0000] {processor.py:186} INFO - Started process (PID=239) to work on /opt/airflow/dags/task_paralela.py
[2024-09-20T20:57:34.501+0000] {processor.py:914} INFO - Processing file /opt/airflow/dags/task_paralela.py for tasks to queue
[2024-09-20T20:57:34.502+0000] {logging_mixin.py:190} INFO - [2024-09-20T20:57:34.502+0000] {dagbag.py:587} INFO - Filling up the DagBag from /opt/airflow/dags/task_paralela.py
[2024-09-20T20:57:34.510+0000] {processor.py:925} INFO - DAG(s) 'task_paralela' retrieved from /opt/airflow/dags/task_paralela.py
[2024-09-20T20:57:34.525+0000] {logging_mixin.py:190} INFO - [2024-09-20T20:57:34.525+0000] {dag.py:3229} INFO - Sync 1 DAGs
[2024-09-20T20:57:34.539+0000] {logging_mixin.py:190} INFO - [2024-09-20T20:57:34.539+0000] {dag.py:4156} INFO - Setting next_dagrun for task_paralela to 2024-09-20 00:00:00+00:00, run_after=2024-09-21 00:00:00+00:00
[2024-09-20T20:57:34.548+0000] {processor.py:208} INFO - Processing /opt/airflow/dags/task_paralela.py took 0.051 seconds
[2024-09-20T20:58:04.724+0000] {processor.py:186} INFO - Started process (PID=248) to work on /opt/airflow/dags/task_paralela.py
[2024-09-20T20:58:04.725+0000] {processor.py:914} INFO - Processing file /opt/airflow/dags/task_paralela.py for tasks to queue
[2024-09-20T20:58:04.727+0000] {logging_mixin.py:190} INFO - [2024-09-20T20:58:04.726+0000] {dagbag.py:587} INFO - Filling up the DagBag from /opt/airflow/dags/task_paralela.py
[2024-09-20T20:58:04.733+0000] {processor.py:925} INFO - DAG(s) 'task_paralela' retrieved from /opt/airflow/dags/task_paralela.py
[2024-09-20T20:58:04.749+0000] {logging_mixin.py:190} INFO - [2024-09-20T20:58:04.749+0000] {dag.py:3229} INFO - Sync 1 DAGs
[2024-09-20T20:58:04.763+0000] {logging_mixin.py:190} INFO - [2024-09-20T20:58:04.763+0000] {dag.py:4156} INFO - Setting next_dagrun for task_paralela to 2024-09-20 00:00:00+00:00, run_after=2024-09-21 00:00:00+00:00
[2024-09-20T20:58:04.772+0000] {processor.py:208} INFO - Processing /opt/airflow/dags/task_paralela.py took 0.051 seconds
[2024-09-20T20:58:34.950+0000] {processor.py:186} INFO - Started process (PID=257) to work on /opt/airflow/dags/task_paralela.py
[2024-09-20T20:58:34.951+0000] {processor.py:914} INFO - Processing file /opt/airflow/dags/task_paralela.py for tasks to queue
[2024-09-20T20:58:34.956+0000] {logging_mixin.py:190} INFO - [2024-09-20T20:58:34.955+0000] {dagbag.py:587} INFO - Filling up the DagBag from /opt/airflow/dags/task_paralela.py
[2024-09-20T20:58:34.971+0000] {processor.py:925} INFO - DAG(s) 'task_paralela' retrieved from /opt/airflow/dags/task_paralela.py
[2024-09-20T20:58:34.989+0000] {logging_mixin.py:190} INFO - [2024-09-20T20:58:34.989+0000] {dag.py:3229} INFO - Sync 1 DAGs
[2024-09-20T20:58:35.006+0000] {logging_mixin.py:190} INFO - [2024-09-20T20:58:35.006+0000] {dag.py:4156} INFO - Setting next_dagrun for task_paralela to 2024-09-20 00:00:00+00:00, run_after=2024-09-21 00:00:00+00:00
[2024-09-20T20:58:35.015+0000] {processor.py:208} INFO - Processing /opt/airflow/dags/task_paralela.py took 0.077 seconds
[2024-09-20T20:59:05.165+0000] {processor.py:186} INFO - Started process (PID=266) to work on /opt/airflow/dags/task_paralela.py
[2024-09-20T20:59:05.166+0000] {processor.py:914} INFO - Processing file /opt/airflow/dags/task_paralela.py for tasks to queue
[2024-09-20T20:59:05.167+0000] {logging_mixin.py:190} INFO - [2024-09-20T20:59:05.167+0000] {dagbag.py:587} INFO - Filling up the DagBag from /opt/airflow/dags/task_paralela.py
[2024-09-20T20:59:05.175+0000] {processor.py:925} INFO - DAG(s) 'task_paralela' retrieved from /opt/airflow/dags/task_paralela.py
[2024-09-20T20:59:05.191+0000] {logging_mixin.py:190} INFO - [2024-09-20T20:59:05.191+0000] {dag.py:3229} INFO - Sync 1 DAGs
[2024-09-20T20:59:05.206+0000] {logging_mixin.py:190} INFO - [2024-09-20T20:59:05.206+0000] {dag.py:4156} INFO - Setting next_dagrun for task_paralela to 2024-09-20 00:00:00+00:00, run_after=2024-09-21 00:00:00+00:00
[2024-09-20T20:59:05.216+0000] {processor.py:208} INFO - Processing /opt/airflow/dags/task_paralela.py took 0.055 seconds
[2024-09-20T20:59:35.360+0000] {processor.py:186} INFO - Started process (PID=275) to work on /opt/airflow/dags/task_paralela.py
[2024-09-20T20:59:35.360+0000] {processor.py:914} INFO - Processing file /opt/airflow/dags/task_paralela.py for tasks to queue
[2024-09-20T20:59:35.362+0000] {logging_mixin.py:190} INFO - [2024-09-20T20:59:35.361+0000] {dagbag.py:587} INFO - Filling up the DagBag from /opt/airflow/dags/task_paralela.py
[2024-09-20T20:59:35.369+0000] {processor.py:925} INFO - DAG(s) 'task_paralela' retrieved from /opt/airflow/dags/task_paralela.py
[2024-09-20T20:59:35.384+0000] {logging_mixin.py:190} INFO - [2024-09-20T20:59:35.384+0000] {dag.py:3229} INFO - Sync 1 DAGs
[2024-09-20T20:59:35.399+0000] {logging_mixin.py:190} INFO - [2024-09-20T20:59:35.399+0000] {dag.py:4156} INFO - Setting next_dagrun for task_paralela to 2024-09-20 00:00:00+00:00, run_after=2024-09-21 00:00:00+00:00
[2024-09-20T20:59:35.408+0000] {processor.py:208} INFO - Processing /opt/airflow/dags/task_paralela.py took 0.052 seconds
[2024-09-20T21:00:05.600+0000] {processor.py:186} INFO - Started process (PID=284) to work on /opt/airflow/dags/task_paralela.py
[2024-09-20T21:00:05.600+0000] {processor.py:914} INFO - Processing file /opt/airflow/dags/task_paralela.py for tasks to queue
[2024-09-20T21:00:05.602+0000] {logging_mixin.py:190} INFO - [2024-09-20T21:00:05.601+0000] {dagbag.py:587} INFO - Filling up the DagBag from /opt/airflow/dags/task_paralela.py
[2024-09-20T21:00:05.609+0000] {processor.py:925} INFO - DAG(s) 'task_paralela' retrieved from /opt/airflow/dags/task_paralela.py
[2024-09-20T21:00:05.625+0000] {logging_mixin.py:190} INFO - [2024-09-20T21:00:05.625+0000] {dag.py:3229} INFO - Sync 1 DAGs
[2024-09-20T21:00:05.640+0000] {logging_mixin.py:190} INFO - [2024-09-20T21:00:05.640+0000] {dag.py:4156} INFO - Setting next_dagrun for task_paralela to 2024-09-20 00:00:00+00:00, run_after=2024-09-21 00:00:00+00:00
[2024-09-20T21:00:05.650+0000] {processor.py:208} INFO - Processing /opt/airflow/dags/task_paralela.py took 0.055 seconds
[2024-09-20T21:00:35.798+0000] {processor.py:186} INFO - Started process (PID=293) to work on /opt/airflow/dags/task_paralela.py
[2024-09-20T21:00:35.799+0000] {processor.py:914} INFO - Processing file /opt/airflow/dags/task_paralela.py for tasks to queue
[2024-09-20T21:00:35.801+0000] {logging_mixin.py:190} INFO - [2024-09-20T21:00:35.800+0000] {dagbag.py:587} INFO - Filling up the DagBag from /opt/airflow/dags/task_paralela.py
[2024-09-20T21:00:35.808+0000] {processor.py:925} INFO - DAG(s) 'task_paralela' retrieved from /opt/airflow/dags/task_paralela.py
[2024-09-20T21:00:35.823+0000] {logging_mixin.py:190} INFO - [2024-09-20T21:00:35.823+0000] {dag.py:3229} INFO - Sync 1 DAGs
[2024-09-20T21:00:35.837+0000] {logging_mixin.py:190} INFO - [2024-09-20T21:00:35.837+0000] {dag.py:4156} INFO - Setting next_dagrun for task_paralela to 2024-09-20 00:00:00+00:00, run_after=2024-09-21 00:00:00+00:00
[2024-09-20T21:00:35.846+0000] {processor.py:208} INFO - Processing /opt/airflow/dags/task_paralela.py took 0.051 seconds
[2024-09-20T21:01:06.020+0000] {processor.py:186} INFO - Started process (PID=302) to work on /opt/airflow/dags/task_paralela.py
[2024-09-20T21:01:06.020+0000] {processor.py:914} INFO - Processing file /opt/airflow/dags/task_paralela.py for tasks to queue
[2024-09-20T21:01:06.022+0000] {logging_mixin.py:190} INFO - [2024-09-20T21:01:06.021+0000] {dagbag.py:587} INFO - Filling up the DagBag from /opt/airflow/dags/task_paralela.py
[2024-09-20T21:01:06.029+0000] {processor.py:925} INFO - DAG(s) 'task_paralela' retrieved from /opt/airflow/dags/task_paralela.py
[2024-09-20T21:01:06.043+0000] {logging_mixin.py:190} INFO - [2024-09-20T21:01:06.043+0000] {dag.py:3229} INFO - Sync 1 DAGs
[2024-09-20T21:01:06.057+0000] {logging_mixin.py:190} INFO - [2024-09-20T21:01:06.057+0000] {dag.py:4156} INFO - Setting next_dagrun for task_paralela to 2024-09-20 00:00:00+00:00, run_after=2024-09-21 00:00:00+00:00
[2024-09-20T21:01:06.065+0000] {processor.py:208} INFO - Processing /opt/airflow/dags/task_paralela.py took 0.049 seconds
[2024-09-20T21:01:36.217+0000] {processor.py:186} INFO - Started process (PID=311) to work on /opt/airflow/dags/task_paralela.py
[2024-09-20T21:01:36.218+0000] {processor.py:914} INFO - Processing file /opt/airflow/dags/task_paralela.py for tasks to queue
[2024-09-20T21:01:36.220+0000] {logging_mixin.py:190} INFO - [2024-09-20T21:01:36.220+0000] {dagbag.py:587} INFO - Filling up the DagBag from /opt/airflow/dags/task_paralela.py
[2024-09-20T21:01:36.227+0000] {processor.py:925} INFO - DAG(s) 'task_paralela' retrieved from /opt/airflow/dags/task_paralela.py
[2024-09-20T21:01:36.242+0000] {logging_mixin.py:190} INFO - [2024-09-20T21:01:36.242+0000] {dag.py:3229} INFO - Sync 1 DAGs
[2024-09-20T21:01:36.256+0000] {logging_mixin.py:190} INFO - [2024-09-20T21:01:36.256+0000] {dag.py:4156} INFO - Setting next_dagrun for task_paralela to 2024-09-20 00:00:00+00:00, run_after=2024-09-21 00:00:00+00:00
[2024-09-20T21:01:36.265+0000] {processor.py:208} INFO - Processing /opt/airflow/dags/task_paralela.py took 0.052 seconds
[2024-09-20T21:02:06.435+0000] {processor.py:186} INFO - Started process (PID=320) to work on /opt/airflow/dags/task_paralela.py
[2024-09-20T21:02:06.436+0000] {processor.py:914} INFO - Processing file /opt/airflow/dags/task_paralela.py for tasks to queue
[2024-09-20T21:02:06.437+0000] {logging_mixin.py:190} INFO - [2024-09-20T21:02:06.437+0000] {dagbag.py:587} INFO - Filling up the DagBag from /opt/airflow/dags/task_paralela.py
[2024-09-20T21:02:06.444+0000] {processor.py:925} INFO - DAG(s) 'task_paralela' retrieved from /opt/airflow/dags/task_paralela.py
[2024-09-20T21:02:06.459+0000] {logging_mixin.py:190} INFO - [2024-09-20T21:02:06.459+0000] {dag.py:3229} INFO - Sync 1 DAGs
[2024-09-20T21:02:06.474+0000] {logging_mixin.py:190} INFO - [2024-09-20T21:02:06.474+0000] {dag.py:4156} INFO - Setting next_dagrun for task_paralela to 2024-09-20 00:00:00+00:00, run_after=2024-09-21 00:00:00+00:00
[2024-09-20T21:02:06.482+0000] {processor.py:208} INFO - Processing /opt/airflow/dags/task_paralela.py took 0.051 seconds
[2024-09-20T21:02:36.653+0000] {processor.py:186} INFO - Started process (PID=330) to work on /opt/airflow/dags/task_paralela.py
[2024-09-20T21:02:36.653+0000] {processor.py:914} INFO - Processing file /opt/airflow/dags/task_paralela.py for tasks to queue
[2024-09-20T21:02:36.655+0000] {logging_mixin.py:190} INFO - [2024-09-20T21:02:36.654+0000] {dagbag.py:587} INFO - Filling up the DagBag from /opt/airflow/dags/task_paralela.py
[2024-09-20T21:02:36.662+0000] {processor.py:925} INFO - DAG(s) 'task_paralela' retrieved from /opt/airflow/dags/task_paralela.py
[2024-09-20T21:02:36.677+0000] {logging_mixin.py:190} INFO - [2024-09-20T21:02:36.677+0000] {dag.py:3229} INFO - Sync 1 DAGs
[2024-09-20T21:02:36.692+0000] {logging_mixin.py:190} INFO - [2024-09-20T21:02:36.692+0000] {dag.py:4156} INFO - Setting next_dagrun for task_paralela to 2024-09-20 00:00:00+00:00, run_after=2024-09-21 00:00:00+00:00
[2024-09-20T21:02:36.701+0000] {processor.py:208} INFO - Processing /opt/airflow/dags/task_paralela.py took 0.052 seconds
[2024-09-20T21:03:06.902+0000] {processor.py:186} INFO - Started process (PID=340) to work on /opt/airflow/dags/task_paralela.py
[2024-09-20T21:03:06.902+0000] {processor.py:914} INFO - Processing file /opt/airflow/dags/task_paralela.py for tasks to queue
[2024-09-20T21:03:06.904+0000] {logging_mixin.py:190} INFO - [2024-09-20T21:03:06.903+0000] {dagbag.py:587} INFO - Filling up the DagBag from /opt/airflow/dags/task_paralela.py
[2024-09-20T21:03:06.910+0000] {processor.py:925} INFO - DAG(s) 'task_paralela' retrieved from /opt/airflow/dags/task_paralela.py
[2024-09-20T21:03:06.925+0000] {logging_mixin.py:190} INFO - [2024-09-20T21:03:06.925+0000] {dag.py:3229} INFO - Sync 1 DAGs
[2024-09-20T21:03:06.939+0000] {logging_mixin.py:190} INFO - [2024-09-20T21:03:06.939+0000] {dag.py:4156} INFO - Setting next_dagrun for task_paralela to 2024-09-20 00:00:00+00:00, run_after=2024-09-21 00:00:00+00:00
[2024-09-20T21:03:06.948+0000] {processor.py:208} INFO - Processing /opt/airflow/dags/task_paralela.py took 0.050 seconds
[2024-09-20T21:03:37.171+0000] {processor.py:186} INFO - Started process (PID=350) to work on /opt/airflow/dags/task_paralela.py
[2024-09-20T21:03:37.172+0000] {processor.py:914} INFO - Processing file /opt/airflow/dags/task_paralela.py for tasks to queue
[2024-09-20T21:03:37.173+0000] {logging_mixin.py:190} INFO - [2024-09-20T21:03:37.173+0000] {dagbag.py:587} INFO - Filling up the DagBag from /opt/airflow/dags/task_paralela.py
[2024-09-20T21:03:37.181+0000] {processor.py:925} INFO - DAG(s) 'task_paralela' retrieved from /opt/airflow/dags/task_paralela.py
[2024-09-20T21:03:37.198+0000] {logging_mixin.py:190} INFO - [2024-09-20T21:03:37.197+0000] {dag.py:3229} INFO - Sync 1 DAGs
[2024-09-20T21:03:37.213+0000] {logging_mixin.py:190} INFO - [2024-09-20T21:03:37.213+0000] {dag.py:4156} INFO - Setting next_dagrun for task_paralela to 2024-09-20 00:00:00+00:00, run_after=2024-09-21 00:00:00+00:00
[2024-09-20T21:03:37.223+0000] {processor.py:208} INFO - Processing /opt/airflow/dags/task_paralela.py took 0.056 seconds
[2024-09-20T21:04:07.433+0000] {processor.py:186} INFO - Started process (PID=360) to work on /opt/airflow/dags/task_paralela.py
[2024-09-20T21:04:07.433+0000] {processor.py:914} INFO - Processing file /opt/airflow/dags/task_paralela.py for tasks to queue
[2024-09-20T21:04:07.435+0000] {logging_mixin.py:190} INFO - [2024-09-20T21:04:07.435+0000] {dagbag.py:587} INFO - Filling up the DagBag from /opt/airflow/dags/task_paralela.py
[2024-09-20T21:04:07.443+0000] {processor.py:925} INFO - DAG(s) 'task_paralela' retrieved from /opt/airflow/dags/task_paralela.py
[2024-09-20T21:04:07.459+0000] {logging_mixin.py:190} INFO - [2024-09-20T21:04:07.459+0000] {dag.py:3229} INFO - Sync 1 DAGs
[2024-09-20T21:04:07.475+0000] {logging_mixin.py:190} INFO - [2024-09-20T21:04:07.475+0000] {dag.py:4156} INFO - Setting next_dagrun for task_paralela to 2024-09-20 00:00:00+00:00, run_after=2024-09-21 00:00:00+00:00
[2024-09-20T21:04:07.486+0000] {processor.py:208} INFO - Processing /opt/airflow/dags/task_paralela.py took 0.057 seconds
[2024-09-20T21:04:37.693+0000] {processor.py:186} INFO - Started process (PID=370) to work on /opt/airflow/dags/task_paralela.py
[2024-09-20T21:04:37.693+0000] {processor.py:914} INFO - Processing file /opt/airflow/dags/task_paralela.py for tasks to queue
[2024-09-20T21:04:37.694+0000] {logging_mixin.py:190} INFO - [2024-09-20T21:04:37.694+0000] {dagbag.py:587} INFO - Filling up the DagBag from /opt/airflow/dags/task_paralela.py
[2024-09-20T21:04:37.702+0000] {processor.py:925} INFO - DAG(s) 'task_paralela' retrieved from /opt/airflow/dags/task_paralela.py
[2024-09-20T21:04:37.717+0000] {logging_mixin.py:190} INFO - [2024-09-20T21:04:37.717+0000] {dag.py:3229} INFO - Sync 1 DAGs
[2024-09-20T21:04:37.731+0000] {logging_mixin.py:190} INFO - [2024-09-20T21:04:37.731+0000] {dag.py:4156} INFO - Setting next_dagrun for task_paralela to 2024-09-20 00:00:00+00:00, run_after=2024-09-21 00:00:00+00:00
[2024-09-20T21:04:37.740+0000] {processor.py:208} INFO - Processing /opt/airflow/dags/task_paralela.py took 0.051 seconds
[2024-09-20T21:05:07.946+0000] {processor.py:186} INFO - Started process (PID=380) to work on /opt/airflow/dags/task_paralela.py
[2024-09-20T21:05:07.947+0000] {processor.py:914} INFO - Processing file /opt/airflow/dags/task_paralela.py for tasks to queue
[2024-09-20T21:05:07.949+0000] {logging_mixin.py:190} INFO - [2024-09-20T21:05:07.948+0000] {dagbag.py:587} INFO - Filling up the DagBag from /opt/airflow/dags/task_paralela.py
[2024-09-20T21:05:07.957+0000] {processor.py:925} INFO - DAG(s) 'task_paralela' retrieved from /opt/airflow/dags/task_paralela.py
[2024-09-20T21:05:07.974+0000] {logging_mixin.py:190} INFO - [2024-09-20T21:05:07.974+0000] {dag.py:3229} INFO - Sync 1 DAGs
[2024-09-20T21:05:07.989+0000] {logging_mixin.py:190} INFO - [2024-09-20T21:05:07.989+0000] {dag.py:4156} INFO - Setting next_dagrun for task_paralela to 2024-09-20 00:00:00+00:00, run_after=2024-09-21 00:00:00+00:00
[2024-09-20T21:05:07.999+0000] {processor.py:208} INFO - Processing /opt/airflow/dags/task_paralela.py took 0.056 seconds
[2024-09-20T21:05:38.195+0000] {processor.py:186} INFO - Started process (PID=390) to work on /opt/airflow/dags/task_paralela.py
[2024-09-20T21:05:38.195+0000] {processor.py:914} INFO - Processing file /opt/airflow/dags/task_paralela.py for tasks to queue
[2024-09-20T21:05:38.197+0000] {logging_mixin.py:190} INFO - [2024-09-20T21:05:38.196+0000] {dagbag.py:587} INFO - Filling up the DagBag from /opt/airflow/dags/task_paralela.py
[2024-09-20T21:05:38.204+0000] {processor.py:925} INFO - DAG(s) 'task_paralela' retrieved from /opt/airflow/dags/task_paralela.py
[2024-09-20T21:05:38.219+0000] {logging_mixin.py:190} INFO - [2024-09-20T21:05:38.219+0000] {dag.py:3229} INFO - Sync 1 DAGs
[2024-09-20T21:05:38.233+0000] {logging_mixin.py:190} INFO - [2024-09-20T21:05:38.233+0000] {dag.py:4156} INFO - Setting next_dagrun for task_paralela to 2024-09-20 00:00:00+00:00, run_after=2024-09-21 00:00:00+00:00
[2024-09-20T21:05:38.242+0000] {processor.py:208} INFO - Processing /opt/airflow/dags/task_paralela.py took 0.051 seconds
[2024-09-20T21:06:08.470+0000] {processor.py:186} INFO - Started process (PID=400) to work on /opt/airflow/dags/task_paralela.py
[2024-09-20T21:06:08.470+0000] {processor.py:914} INFO - Processing file /opt/airflow/dags/task_paralela.py for tasks to queue
[2024-09-20T21:06:08.472+0000] {logging_mixin.py:190} INFO - [2024-09-20T21:06:08.472+0000] {dagbag.py:587} INFO - Filling up the DagBag from /opt/airflow/dags/task_paralela.py
[2024-09-20T21:06:08.480+0000] {processor.py:925} INFO - DAG(s) 'task_paralela' retrieved from /opt/airflow/dags/task_paralela.py
[2024-09-20T21:06:08.498+0000] {logging_mixin.py:190} INFO - [2024-09-20T21:06:08.498+0000] {dag.py:3229} INFO - Sync 1 DAGs
[2024-09-20T21:06:08.514+0000] {logging_mixin.py:190} INFO - [2024-09-20T21:06:08.514+0000] {dag.py:4156} INFO - Setting next_dagrun for task_paralela to 2024-09-20 00:00:00+00:00, run_after=2024-09-21 00:00:00+00:00
[2024-09-20T21:06:08.523+0000] {processor.py:208} INFO - Processing /opt/airflow/dags/task_paralela.py took 0.057 seconds
[2024-09-20T21:06:38.714+0000] {processor.py:186} INFO - Started process (PID=410) to work on /opt/airflow/dags/task_paralela.py
[2024-09-20T21:06:38.714+0000] {processor.py:914} INFO - Processing file /opt/airflow/dags/task_paralela.py for tasks to queue
[2024-09-20T21:06:38.716+0000] {logging_mixin.py:190} INFO - [2024-09-20T21:06:38.715+0000] {dagbag.py:587} INFO - Filling up the DagBag from /opt/airflow/dags/task_paralela.py
[2024-09-20T21:06:38.723+0000] {processor.py:925} INFO - DAG(s) 'task_paralela' retrieved from /opt/airflow/dags/task_paralela.py
[2024-09-20T21:06:38.738+0000] {logging_mixin.py:190} INFO - [2024-09-20T21:06:38.738+0000] {dag.py:3229} INFO - Sync 1 DAGs
[2024-09-20T21:06:38.752+0000] {logging_mixin.py:190} INFO - [2024-09-20T21:06:38.752+0000] {dag.py:4156} INFO - Setting next_dagrun for task_paralela to 2024-09-20 00:00:00+00:00, run_after=2024-09-21 00:00:00+00:00
[2024-09-20T21:06:38.761+0000] {processor.py:208} INFO - Processing /opt/airflow/dags/task_paralela.py took 0.051 seconds
[2024-09-20T21:07:08.963+0000] {processor.py:186} INFO - Started process (PID=420) to work on /opt/airflow/dags/task_paralela.py
[2024-09-20T21:07:08.964+0000] {processor.py:914} INFO - Processing file /opt/airflow/dags/task_paralela.py for tasks to queue
[2024-09-20T21:07:08.965+0000] {logging_mixin.py:190} INFO - [2024-09-20T21:07:08.965+0000] {dagbag.py:587} INFO - Filling up the DagBag from /opt/airflow/dags/task_paralela.py
[2024-09-20T21:07:08.972+0000] {processor.py:925} INFO - DAG(s) 'task_paralela' retrieved from /opt/airflow/dags/task_paralela.py
[2024-09-20T21:07:08.988+0000] {logging_mixin.py:190} INFO - [2024-09-20T21:07:08.988+0000] {dag.py:3229} INFO - Sync 1 DAGs
[2024-09-20T21:07:09.002+0000] {logging_mixin.py:190} INFO - [2024-09-20T21:07:09.002+0000] {dag.py:4156} INFO - Setting next_dagrun for task_paralela to 2024-09-20 00:00:00+00:00, run_after=2024-09-21 00:00:00+00:00
[2024-09-20T21:07:09.011+0000] {processor.py:208} INFO - Processing /opt/airflow/dags/task_paralela.py took 0.052 seconds
[2024-09-20T21:07:39.276+0000] {processor.py:186} INFO - Started process (PID=431) to work on /opt/airflow/dags/task_paralela.py
[2024-09-20T21:07:39.276+0000] {processor.py:914} INFO - Processing file /opt/airflow/dags/task_paralela.py for tasks to queue
[2024-09-20T21:07:39.278+0000] {logging_mixin.py:190} INFO - [2024-09-20T21:07:39.277+0000] {dagbag.py:587} INFO - Filling up the DagBag from /opt/airflow/dags/task_paralela.py
[2024-09-20T21:07:39.285+0000] {processor.py:925} INFO - DAG(s) 'task_paralela' retrieved from /opt/airflow/dags/task_paralela.py
[2024-09-20T21:07:39.300+0000] {logging_mixin.py:190} INFO - [2024-09-20T21:07:39.299+0000] {dag.py:3229} INFO - Sync 1 DAGs
[2024-09-20T21:07:39.314+0000] {logging_mixin.py:190} INFO - [2024-09-20T21:07:39.314+0000] {dag.py:4156} INFO - Setting next_dagrun for task_paralela to 2024-09-20 00:00:00+00:00, run_after=2024-09-21 00:00:00+00:00
[2024-09-20T21:07:39.323+0000] {processor.py:208} INFO - Processing /opt/airflow/dags/task_paralela.py took 0.051 seconds
[2024-09-20T21:08:09.553+0000] {processor.py:186} INFO - Started process (PID=442) to work on /opt/airflow/dags/task_paralela.py
[2024-09-20T21:08:09.554+0000] {processor.py:914} INFO - Processing file /opt/airflow/dags/task_paralela.py for tasks to queue
[2024-09-20T21:08:09.555+0000] {logging_mixin.py:190} INFO - [2024-09-20T21:08:09.555+0000] {dagbag.py:587} INFO - Filling up the DagBag from /opt/airflow/dags/task_paralela.py
[2024-09-20T21:08:09.562+0000] {processor.py:925} INFO - DAG(s) 'task_paralela' retrieved from /opt/airflow/dags/task_paralela.py
[2024-09-20T21:08:09.577+0000] {logging_mixin.py:190} INFO - [2024-09-20T21:08:09.577+0000] {dag.py:3229} INFO - Sync 1 DAGs
[2024-09-20T21:08:09.591+0000] {logging_mixin.py:190} INFO - [2024-09-20T21:08:09.591+0000] {dag.py:4156} INFO - Setting next_dagrun for task_paralela to 2024-09-20 00:00:00+00:00, run_after=2024-09-21 00:00:00+00:00
[2024-09-20T21:08:09.600+0000] {processor.py:208} INFO - Processing /opt/airflow/dags/task_paralela.py took 0.051 seconds
[2024-09-20T21:08:39.865+0000] {processor.py:186} INFO - Started process (PID=453) to work on /opt/airflow/dags/task_paralela.py
[2024-09-20T21:08:39.865+0000] {processor.py:914} INFO - Processing file /opt/airflow/dags/task_paralela.py for tasks to queue
[2024-09-20T21:08:39.866+0000] {logging_mixin.py:190} INFO - [2024-09-20T21:08:39.866+0000] {dagbag.py:587} INFO - Filling up the DagBag from /opt/airflow/dags/task_paralela.py
[2024-09-20T21:08:39.873+0000] {processor.py:925} INFO - DAG(s) 'task_paralela' retrieved from /opt/airflow/dags/task_paralela.py
[2024-09-20T21:08:39.888+0000] {logging_mixin.py:190} INFO - [2024-09-20T21:08:39.888+0000] {dag.py:3229} INFO - Sync 1 DAGs
[2024-09-20T21:08:39.902+0000] {logging_mixin.py:190} INFO - [2024-09-20T21:08:39.902+0000] {dag.py:4156} INFO - Setting next_dagrun for task_paralela to 2024-09-20 00:00:00+00:00, run_after=2024-09-21 00:00:00+00:00
[2024-09-20T21:08:39.911+0000] {processor.py:208} INFO - Processing /opt/airflow/dags/task_paralela.py took 0.050 seconds
[2024-09-20T21:09:10.149+0000] {processor.py:186} INFO - Started process (PID=464) to work on /opt/airflow/dags/task_paralela.py
[2024-09-20T21:09:10.150+0000] {processor.py:914} INFO - Processing file /opt/airflow/dags/task_paralela.py for tasks to queue
[2024-09-20T21:09:10.152+0000] {logging_mixin.py:190} INFO - [2024-09-20T21:09:10.151+0000] {dagbag.py:587} INFO - Filling up the DagBag from /opt/airflow/dags/task_paralela.py
[2024-09-20T21:09:10.159+0000] {processor.py:925} INFO - DAG(s) 'task_paralela' retrieved from /opt/airflow/dags/task_paralela.py
[2024-09-20T21:09:10.174+0000] {logging_mixin.py:190} INFO - [2024-09-20T21:09:10.174+0000] {dag.py:3229} INFO - Sync 1 DAGs
[2024-09-20T21:09:10.188+0000] {logging_mixin.py:190} INFO - [2024-09-20T21:09:10.187+0000] {dag.py:4156} INFO - Setting next_dagrun for task_paralela to 2024-09-20 00:00:00+00:00, run_after=2024-09-21 00:00:00+00:00
[2024-09-20T21:09:10.196+0000] {processor.py:208} INFO - Processing /opt/airflow/dags/task_paralela.py took 0.051 seconds
[2024-09-20T21:09:40.460+0000] {processor.py:186} INFO - Started process (PID=475) to work on /opt/airflow/dags/task_paralela.py
[2024-09-20T21:09:40.461+0000] {processor.py:914} INFO - Processing file /opt/airflow/dags/task_paralela.py for tasks to queue
[2024-09-20T21:09:40.462+0000] {logging_mixin.py:190} INFO - [2024-09-20T21:09:40.462+0000] {dagbag.py:587} INFO - Filling up the DagBag from /opt/airflow/dags/task_paralela.py
[2024-09-20T21:09:40.470+0000] {processor.py:925} INFO - DAG(s) 'task_paralela' retrieved from /opt/airflow/dags/task_paralela.py
[2024-09-20T21:09:40.484+0000] {logging_mixin.py:190} INFO - [2024-09-20T21:09:40.484+0000] {dag.py:3229} INFO - Sync 1 DAGs
[2024-09-20T21:09:40.498+0000] {logging_mixin.py:190} INFO - [2024-09-20T21:09:40.498+0000] {dag.py:4156} INFO - Setting next_dagrun for task_paralela to 2024-09-20 00:00:00+00:00, run_after=2024-09-21 00:00:00+00:00
[2024-09-20T21:09:40.508+0000] {processor.py:208} INFO - Processing /opt/airflow/dags/task_paralela.py took 0.051 seconds
[2024-09-20T21:10:10.753+0000] {processor.py:186} INFO - Started process (PID=486) to work on /opt/airflow/dags/task_paralela.py
[2024-09-20T21:10:10.754+0000] {processor.py:914} INFO - Processing file /opt/airflow/dags/task_paralela.py for tasks to queue
[2024-09-20T21:10:10.755+0000] {logging_mixin.py:190} INFO - [2024-09-20T21:10:10.755+0000] {dagbag.py:587} INFO - Filling up the DagBag from /opt/airflow/dags/task_paralela.py
[2024-09-20T21:10:10.763+0000] {processor.py:925} INFO - DAG(s) 'task_paralela' retrieved from /opt/airflow/dags/task_paralela.py
[2024-09-20T21:10:10.778+0000] {logging_mixin.py:190} INFO - [2024-09-20T21:10:10.777+0000] {dag.py:3229} INFO - Sync 1 DAGs
[2024-09-20T21:10:10.792+0000] {logging_mixin.py:190} INFO - [2024-09-20T21:10:10.792+0000] {dag.py:4156} INFO - Setting next_dagrun for task_paralela to 2024-09-20 00:00:00+00:00, run_after=2024-09-21 00:00:00+00:00
[2024-09-20T21:10:10.801+0000] {processor.py:208} INFO - Processing /opt/airflow/dags/task_paralela.py took 0.051 seconds
[2024-09-20T21:10:41.059+0000] {processor.py:186} INFO - Started process (PID=497) to work on /opt/airflow/dags/task_paralela.py
[2024-09-20T21:10:41.059+0000] {processor.py:914} INFO - Processing file /opt/airflow/dags/task_paralela.py for tasks to queue
[2024-09-20T21:10:41.060+0000] {logging_mixin.py:190} INFO - [2024-09-20T21:10:41.060+0000] {dagbag.py:587} INFO - Filling up the DagBag from /opt/airflow/dags/task_paralela.py
[2024-09-20T21:10:41.068+0000] {processor.py:925} INFO - DAG(s) 'task_paralela' retrieved from /opt/airflow/dags/task_paralela.py
[2024-09-20T21:10:41.082+0000] {logging_mixin.py:190} INFO - [2024-09-20T21:10:41.082+0000] {dag.py:3229} INFO - Sync 1 DAGs
[2024-09-20T21:10:41.096+0000] {logging_mixin.py:190} INFO - [2024-09-20T21:10:41.096+0000] {dag.py:4156} INFO - Setting next_dagrun for task_paralela to 2024-09-20 00:00:00+00:00, run_after=2024-09-21 00:00:00+00:00
[2024-09-20T21:10:41.105+0000] {processor.py:208} INFO - Processing /opt/airflow/dags/task_paralela.py took 0.050 seconds
[2024-09-20T21:11:11.344+0000] {processor.py:186} INFO - Started process (PID=508) to work on /opt/airflow/dags/task_paralela.py
[2024-09-20T21:11:11.345+0000] {processor.py:914} INFO - Processing file /opt/airflow/dags/task_paralela.py for tasks to queue
[2024-09-20T21:11:11.347+0000] {logging_mixin.py:190} INFO - [2024-09-20T21:11:11.346+0000] {dagbag.py:587} INFO - Filling up the DagBag from /opt/airflow/dags/task_paralela.py
[2024-09-20T21:11:11.354+0000] {processor.py:925} INFO - DAG(s) 'task_paralela' retrieved from /opt/airflow/dags/task_paralela.py
[2024-09-20T21:11:11.369+0000] {logging_mixin.py:190} INFO - [2024-09-20T21:11:11.369+0000] {dag.py:3229} INFO - Sync 1 DAGs
[2024-09-20T21:11:11.383+0000] {logging_mixin.py:190} INFO - [2024-09-20T21:11:11.383+0000] {dag.py:4156} INFO - Setting next_dagrun for task_paralela to 2024-09-20 00:00:00+00:00, run_after=2024-09-21 00:00:00+00:00
[2024-09-20T21:11:11.392+0000] {processor.py:208} INFO - Processing /opt/airflow/dags/task_paralela.py took 0.051 seconds
[2024-09-20T21:11:41.651+0000] {processor.py:186} INFO - Started process (PID=519) to work on /opt/airflow/dags/task_paralela.py
[2024-09-20T21:11:41.651+0000] {processor.py:914} INFO - Processing file /opt/airflow/dags/task_paralela.py for tasks to queue
[2024-09-20T21:11:41.653+0000] {logging_mixin.py:190} INFO - [2024-09-20T21:11:41.652+0000] {dagbag.py:587} INFO - Filling up the DagBag from /opt/airflow/dags/task_paralela.py
[2024-09-20T21:11:41.660+0000] {processor.py:925} INFO - DAG(s) 'task_paralela' retrieved from /opt/airflow/dags/task_paralela.py
[2024-09-20T21:11:41.674+0000] {logging_mixin.py:190} INFO - [2024-09-20T21:11:41.674+0000] {dag.py:3229} INFO - Sync 1 DAGs
[2024-09-20T21:11:41.689+0000] {logging_mixin.py:190} INFO - [2024-09-20T21:11:41.688+0000] {dag.py:4156} INFO - Setting next_dagrun for task_paralela to 2024-09-20 00:00:00+00:00, run_after=2024-09-21 00:00:00+00:00
[2024-09-20T21:11:41.709+0000] {processor.py:208} INFO - Processing /opt/airflow/dags/task_paralela.py took 0.062 seconds
[2024-09-20T21:12:11.941+0000] {processor.py:186} INFO - Started process (PID=530) to work on /opt/airflow/dags/task_paralela.py
[2024-09-20T21:12:11.942+0000] {processor.py:914} INFO - Processing file /opt/airflow/dags/task_paralela.py for tasks to queue
[2024-09-20T21:12:11.943+0000] {logging_mixin.py:190} INFO - [2024-09-20T21:12:11.943+0000] {dagbag.py:587} INFO - Filling up the DagBag from /opt/airflow/dags/task_paralela.py
[2024-09-20T21:12:11.950+0000] {processor.py:925} INFO - DAG(s) 'task_paralela' retrieved from /opt/airflow/dags/task_paralela.py
[2024-09-20T21:12:11.966+0000] {logging_mixin.py:190} INFO - [2024-09-20T21:12:11.966+0000] {dag.py:3229} INFO - Sync 1 DAGs
[2024-09-20T21:12:11.980+0000] {logging_mixin.py:190} INFO - [2024-09-20T21:12:11.980+0000] {dag.py:4156} INFO - Setting next_dagrun for task_paralela to 2024-09-20 00:00:00+00:00, run_after=2024-09-21 00:00:00+00:00
[2024-09-20T21:12:11.989+0000] {processor.py:208} INFO - Processing /opt/airflow/dags/task_paralela.py took 0.052 seconds
[2024-09-20T21:12:42.257+0000] {processor.py:186} INFO - Started process (PID=541) to work on /opt/airflow/dags/task_paralela.py
[2024-09-20T21:12:42.257+0000] {processor.py:914} INFO - Processing file /opt/airflow/dags/task_paralela.py for tasks to queue
[2024-09-20T21:12:42.258+0000] {logging_mixin.py:190} INFO - [2024-09-20T21:12:42.258+0000] {dagbag.py:587} INFO - Filling up the DagBag from /opt/airflow/dags/task_paralela.py
[2024-09-20T21:12:42.265+0000] {processor.py:925} INFO - DAG(s) 'task_paralela' retrieved from /opt/airflow/dags/task_paralela.py
[2024-09-20T21:12:42.280+0000] {logging_mixin.py:190} INFO - [2024-09-20T21:12:42.280+0000] {dag.py:3229} INFO - Sync 1 DAGs
[2024-09-20T21:12:42.295+0000] {logging_mixin.py:190} INFO - [2024-09-20T21:12:42.294+0000] {dag.py:4156} INFO - Setting next_dagrun for task_paralela to 2024-09-20 00:00:00+00:00, run_after=2024-09-21 00:00:00+00:00
[2024-09-20T21:12:42.303+0000] {processor.py:208} INFO - Processing /opt/airflow/dags/task_paralela.py took 0.051 seconds
[2024-09-20T21:13:12.541+0000] {processor.py:186} INFO - Started process (PID=552) to work on /opt/airflow/dags/task_paralela.py
[2024-09-20T21:13:12.542+0000] {processor.py:914} INFO - Processing file /opt/airflow/dags/task_paralela.py for tasks to queue
[2024-09-20T21:13:12.544+0000] {logging_mixin.py:190} INFO - [2024-09-20T21:13:12.544+0000] {dagbag.py:587} INFO - Filling up the DagBag from /opt/airflow/dags/task_paralela.py
[2024-09-20T21:13:12.551+0000] {processor.py:925} INFO - DAG(s) 'task_paralela' retrieved from /opt/airflow/dags/task_paralela.py
[2024-09-20T21:13:12.566+0000] {logging_mixin.py:190} INFO - [2024-09-20T21:13:12.566+0000] {dag.py:3229} INFO - Sync 1 DAGs
[2024-09-20T21:13:12.580+0000] {logging_mixin.py:190} INFO - [2024-09-20T21:13:12.580+0000] {dag.py:4156} INFO - Setting next_dagrun for task_paralela to 2024-09-20 00:00:00+00:00, run_after=2024-09-21 00:00:00+00:00
[2024-09-20T21:13:12.589+0000] {processor.py:208} INFO - Processing /opt/airflow/dags/task_paralela.py took 0.052 seconds
[2024-09-20T21:13:42.862+0000] {processor.py:186} INFO - Started process (PID=563) to work on /opt/airflow/dags/task_paralela.py
[2024-09-20T21:13:42.862+0000] {processor.py:914} INFO - Processing file /opt/airflow/dags/task_paralela.py for tasks to queue
[2024-09-20T21:13:42.863+0000] {logging_mixin.py:190} INFO - [2024-09-20T21:13:42.863+0000] {dagbag.py:587} INFO - Filling up the DagBag from /opt/airflow/dags/task_paralela.py
[2024-09-20T21:13:42.870+0000] {processor.py:925} INFO - DAG(s) 'task_paralela' retrieved from /opt/airflow/dags/task_paralela.py
[2024-09-20T21:13:42.885+0000] {logging_mixin.py:190} INFO - [2024-09-20T21:13:42.884+0000] {dag.py:3229} INFO - Sync 1 DAGs
[2024-09-20T21:13:42.899+0000] {logging_mixin.py:190} INFO - [2024-09-20T21:13:42.898+0000] {dag.py:4156} INFO - Setting next_dagrun for task_paralela to 2024-09-20 00:00:00+00:00, run_after=2024-09-21 00:00:00+00:00
[2024-09-20T21:13:42.907+0000] {processor.py:208} INFO - Processing /opt/airflow/dags/task_paralela.py took 0.049 seconds
[2024-09-20T21:14:13.148+0000] {processor.py:186} INFO - Started process (PID=574) to work on /opt/airflow/dags/task_paralela.py
[2024-09-20T21:14:13.149+0000] {processor.py:914} INFO - Processing file /opt/airflow/dags/task_paralela.py for tasks to queue
[2024-09-20T21:14:13.150+0000] {logging_mixin.py:190} INFO - [2024-09-20T21:14:13.150+0000] {dagbag.py:587} INFO - Filling up the DagBag from /opt/airflow/dags/task_paralela.py
[2024-09-20T21:14:13.158+0000] {processor.py:925} INFO - DAG(s) 'task_paralela' retrieved from /opt/airflow/dags/task_paralela.py
[2024-09-20T21:14:13.173+0000] {logging_mixin.py:190} INFO - [2024-09-20T21:14:13.173+0000] {dag.py:3229} INFO - Sync 1 DAGs
[2024-09-20T21:14:13.187+0000] {logging_mixin.py:190} INFO - [2024-09-20T21:14:13.187+0000] {dag.py:4156} INFO - Setting next_dagrun for task_paralela to 2024-09-20 00:00:00+00:00, run_after=2024-09-21 00:00:00+00:00
[2024-09-20T21:14:13.196+0000] {processor.py:208} INFO - Processing /opt/airflow/dags/task_paralela.py took 0.051 seconds
[2024-09-20T21:14:43.453+0000] {processor.py:186} INFO - Started process (PID=585) to work on /opt/airflow/dags/task_paralela.py
[2024-09-20T21:14:43.453+0000] {processor.py:914} INFO - Processing file /opt/airflow/dags/task_paralela.py for tasks to queue
[2024-09-20T21:14:43.454+0000] {logging_mixin.py:190} INFO - [2024-09-20T21:14:43.454+0000] {dagbag.py:587} INFO - Filling up the DagBag from /opt/airflow/dags/task_paralela.py
[2024-09-20T21:14:43.462+0000] {processor.py:925} INFO - DAG(s) 'task_paralela' retrieved from /opt/airflow/dags/task_paralela.py
[2024-09-20T21:14:43.476+0000] {logging_mixin.py:190} INFO - [2024-09-20T21:14:43.476+0000] {dag.py:3229} INFO - Sync 1 DAGs
[2024-09-20T21:14:43.490+0000] {logging_mixin.py:190} INFO - [2024-09-20T21:14:43.490+0000] {dag.py:4156} INFO - Setting next_dagrun for task_paralela to 2024-09-20 00:00:00+00:00, run_after=2024-09-21 00:00:00+00:00
[2024-09-20T21:14:43.499+0000] {processor.py:208} INFO - Processing /opt/airflow/dags/task_paralela.py took 0.050 seconds
[2024-09-20T21:15:13.743+0000] {processor.py:186} INFO - Started process (PID=596) to work on /opt/airflow/dags/task_paralela.py
[2024-09-20T21:15:13.744+0000] {processor.py:914} INFO - Processing file /opt/airflow/dags/task_paralela.py for tasks to queue
[2024-09-20T21:15:13.746+0000] {logging_mixin.py:190} INFO - [2024-09-20T21:15:13.745+0000] {dagbag.py:587} INFO - Filling up the DagBag from /opt/airflow/dags/task_paralela.py
[2024-09-20T21:15:13.753+0000] {processor.py:925} INFO - DAG(s) 'task_paralela' retrieved from /opt/airflow/dags/task_paralela.py
[2024-09-20T21:15:13.768+0000] {logging_mixin.py:190} INFO - [2024-09-20T21:15:13.767+0000] {dag.py:3229} INFO - Sync 1 DAGs
[2024-09-20T21:15:13.783+0000] {logging_mixin.py:190} INFO - [2024-09-20T21:15:13.783+0000] {dag.py:4156} INFO - Setting next_dagrun for task_paralela to 2024-09-20 00:00:00+00:00, run_after=2024-09-21 00:00:00+00:00
[2024-09-20T21:15:13.794+0000] {processor.py:208} INFO - Processing /opt/airflow/dags/task_paralela.py took 0.054 seconds
[2024-09-20T21:15:44.038+0000] {processor.py:186} INFO - Started process (PID=607) to work on /opt/airflow/dags/task_paralela.py
[2024-09-20T21:15:44.039+0000] {processor.py:914} INFO - Processing file /opt/airflow/dags/task_paralela.py for tasks to queue
[2024-09-20T21:15:44.040+0000] {logging_mixin.py:190} INFO - [2024-09-20T21:15:44.040+0000] {dagbag.py:587} INFO - Filling up the DagBag from /opt/airflow/dags/task_paralela.py
[2024-09-20T21:15:44.047+0000] {processor.py:925} INFO - DAG(s) 'task_paralela' retrieved from /opt/airflow/dags/task_paralela.py
[2024-09-20T21:15:44.062+0000] {logging_mixin.py:190} INFO - [2024-09-20T21:15:44.062+0000] {dag.py:3229} INFO - Sync 1 DAGs
[2024-09-20T21:15:44.076+0000] {logging_mixin.py:190} INFO - [2024-09-20T21:15:44.076+0000] {dag.py:4156} INFO - Setting next_dagrun for task_paralela to 2024-09-20 00:00:00+00:00, run_after=2024-09-21 00:00:00+00:00
[2024-09-20T21:15:44.085+0000] {processor.py:208} INFO - Processing /opt/airflow/dags/task_paralela.py took 0.051 seconds
[2024-09-20T21:16:14.343+0000] {processor.py:186} INFO - Started process (PID=618) to work on /opt/airflow/dags/task_paralela.py
[2024-09-20T21:16:14.343+0000] {processor.py:914} INFO - Processing file /opt/airflow/dags/task_paralela.py for tasks to queue
[2024-09-20T21:16:14.345+0000] {logging_mixin.py:190} INFO - [2024-09-20T21:16:14.344+0000] {dagbag.py:587} INFO - Filling up the DagBag from /opt/airflow/dags/task_paralela.py
[2024-09-20T21:16:14.352+0000] {processor.py:925} INFO - DAG(s) 'task_paralela' retrieved from /opt/airflow/dags/task_paralela.py
[2024-09-20T21:16:14.367+0000] {logging_mixin.py:190} INFO - [2024-09-20T21:16:14.366+0000] {dag.py:3229} INFO - Sync 1 DAGs
[2024-09-20T21:16:14.380+0000] {logging_mixin.py:190} INFO - [2024-09-20T21:16:14.380+0000] {dag.py:4156} INFO - Setting next_dagrun for task_paralela to 2024-09-20 00:00:00+00:00, run_after=2024-09-21 00:00:00+00:00
[2024-09-20T21:16:14.389+0000] {processor.py:208} INFO - Processing /opt/airflow/dags/task_paralela.py took 0.050 seconds
[2024-09-20T21:16:44.615+0000] {processor.py:186} INFO - Started process (PID=629) to work on /opt/airflow/dags/task_paralela.py
[2024-09-20T21:16:44.615+0000] {processor.py:914} INFO - Processing file /opt/airflow/dags/task_paralela.py for tasks to queue
[2024-09-20T21:16:44.616+0000] {logging_mixin.py:190} INFO - [2024-09-20T21:16:44.616+0000] {dagbag.py:587} INFO - Filling up the DagBag from /opt/airflow/dags/task_paralela.py
[2024-09-20T21:16:44.624+0000] {processor.py:925} INFO - DAG(s) 'task_paralela' retrieved from /opt/airflow/dags/task_paralela.py
[2024-09-20T21:16:44.639+0000] {logging_mixin.py:190} INFO - [2024-09-20T21:16:44.639+0000] {dag.py:3229} INFO - Sync 1 DAGs
[2024-09-20T21:16:44.653+0000] {logging_mixin.py:190} INFO - [2024-09-20T21:16:44.653+0000] {dag.py:4156} INFO - Setting next_dagrun for task_paralela to 2024-09-20 00:00:00+00:00, run_after=2024-09-21 00:00:00+00:00
[2024-09-20T21:16:44.662+0000] {processor.py:208} INFO - Processing /opt/airflow/dags/task_paralela.py took 0.050 seconds
[2024-09-20T21:17:14.917+0000] {processor.py:186} INFO - Started process (PID=640) to work on /opt/airflow/dags/task_paralela.py
[2024-09-20T21:17:14.917+0000] {processor.py:914} INFO - Processing file /opt/airflow/dags/task_paralela.py for tasks to queue
[2024-09-20T21:17:14.919+0000] {logging_mixin.py:190} INFO - [2024-09-20T21:17:14.919+0000] {dagbag.py:587} INFO - Filling up the DagBag from /opt/airflow/dags/task_paralela.py
[2024-09-20T21:17:14.926+0000] {processor.py:925} INFO - DAG(s) 'task_paralela' retrieved from /opt/airflow/dags/task_paralela.py
[2024-09-20T21:17:14.941+0000] {logging_mixin.py:190} INFO - [2024-09-20T21:17:14.941+0000] {dag.py:3229} INFO - Sync 1 DAGs
[2024-09-20T21:17:14.955+0000] {logging_mixin.py:190} INFO - [2024-09-20T21:17:14.955+0000] {dag.py:4156} INFO - Setting next_dagrun for task_paralela to 2024-09-20 00:00:00+00:00, run_after=2024-09-21 00:00:00+00:00
[2024-09-20T21:17:14.964+0000] {processor.py:208} INFO - Processing /opt/airflow/dags/task_paralela.py took 0.050 seconds
[2024-09-20T21:17:45.221+0000] {processor.py:186} INFO - Started process (PID=651) to work on /opt/airflow/dags/task_paralela.py
[2024-09-20T21:17:45.221+0000] {processor.py:914} INFO - Processing file /opt/airflow/dags/task_paralela.py for tasks to queue
[2024-09-20T21:17:45.222+0000] {logging_mixin.py:190} INFO - [2024-09-20T21:17:45.222+0000] {dagbag.py:587} INFO - Filling up the DagBag from /opt/airflow/dags/task_paralela.py
[2024-09-20T21:17:45.229+0000] {processor.py:925} INFO - DAG(s) 'task_paralela' retrieved from /opt/airflow/dags/task_paralela.py
[2024-09-20T21:17:45.244+0000] {logging_mixin.py:190} INFO - [2024-09-20T21:17:45.244+0000] {dag.py:3229} INFO - Sync 1 DAGs
[2024-09-20T21:17:45.258+0000] {logging_mixin.py:190} INFO - [2024-09-20T21:17:45.258+0000] {dag.py:4156} INFO - Setting next_dagrun for task_paralela to 2024-09-20 00:00:00+00:00, run_after=2024-09-21 00:00:00+00:00
[2024-09-20T21:17:45.267+0000] {processor.py:208} INFO - Processing /opt/airflow/dags/task_paralela.py took 0.050 seconds
[2024-09-20T21:18:15.505+0000] {processor.py:186} INFO - Started process (PID=662) to work on /opt/airflow/dags/task_paralela.py
[2024-09-20T21:18:15.505+0000] {processor.py:914} INFO - Processing file /opt/airflow/dags/task_paralela.py for tasks to queue
[2024-09-20T21:18:15.506+0000] {logging_mixin.py:190} INFO - [2024-09-20T21:18:15.506+0000] {dagbag.py:587} INFO - Filling up the DagBag from /opt/airflow/dags/task_paralela.py
[2024-09-20T21:18:15.514+0000] {processor.py:925} INFO - DAG(s) 'task_paralela' retrieved from /opt/airflow/dags/task_paralela.py
[2024-09-20T21:18:15.529+0000] {logging_mixin.py:190} INFO - [2024-09-20T21:18:15.529+0000] {dag.py:3229} INFO - Sync 1 DAGs
[2024-09-20T21:18:15.543+0000] {logging_mixin.py:190} INFO - [2024-09-20T21:18:15.543+0000] {dag.py:4156} INFO - Setting next_dagrun for task_paralela to 2024-09-20 00:00:00+00:00, run_after=2024-09-21 00:00:00+00:00
[2024-09-20T21:18:15.552+0000] {processor.py:208} INFO - Processing /opt/airflow/dags/task_paralela.py took 0.051 seconds
