[2024-09-20T21:02:59.814+0000] {local_task_job_runner.py:123} INFO - ::group::Pre task execution logs
[2024-09-20T21:02:59.824+0000] {taskinstance.py:2612} INFO - Dependencies all met for dep_context=non-requeueable deps ti=<TaskInstance: DAG_With_Python_Operator_Parameters.ola_mundo manual__2024-09-20T21:02:59.153860+00:00 [queued]>
[2024-09-20T21:02:59.828+0000] {taskinstance.py:2612} INFO - Dependencies all met for dep_context=requeueable deps ti=<TaskInstance: DAG_With_Python_Operator_Parameters.ola_mundo manual__2024-09-20T21:02:59.153860+00:00 [queued]>
[2024-09-20T21:02:59.828+0000] {taskinstance.py:2865} INFO - Starting attempt 1 of 6
[2024-09-20T21:02:59.836+0000] {taskinstance.py:2888} INFO - Executing <Task(PythonOperator): ola_mundo> on 2024-09-20 21:02:59.153860+00:00
[2024-09-20T21:02:59.841+0000] {warnings.py:112} WARNING - /home/***/.local/lib/python3.12/site-packages/***/task/task_runner/standard_task_runner.py:70: DeprecationWarning: This process (pid=373) is multi-threaded, use of fork() may lead to deadlocks in the child.
  pid = os.fork()

[2024-09-20T21:02:59.841+0000] {standard_task_runner.py:72} INFO - Started process 374 to run task
[2024-09-20T21:02:59.842+0000] {standard_task_runner.py:104} INFO - Running: ['***', 'tasks', 'run', 'DAG_With_Python_Operator_Parameters', 'ola_mundo', 'manual__2024-09-20T21:02:59.153860+00:00', '--job-id', '77', '--raw', '--subdir', 'DAGS_FOLDER/dag_com_operador_python_parametros.py', '--cfg-path', '/tmp/tmpyr7223i0']
[2024-09-20T21:02:59.842+0000] {standard_task_runner.py:105} INFO - Job 77: Subtask ola_mundo
[2024-09-20T21:02:59.869+0000] {task_command.py:467} INFO - Running <TaskInstance: DAG_With_Python_Operator_Parameters.ola_mundo manual__2024-09-20T21:02:59.153860+00:00 [running]> on host 22a02bcf3677
[2024-09-20T21:02:59.912+0000] {taskinstance.py:3131} INFO - Exporting env vars: AIRFLOW_CTX_DAG_OWNER='Everton Soares' AIRFLOW_CTX_DAG_ID='DAG_With_Python_Operator_Parameters' AIRFLOW_CTX_TASK_ID='ola_mundo' AIRFLOW_CTX_EXECUTION_DATE='2024-09-20T21:02:59.153860+00:00' AIRFLOW_CTX_TRY_NUMBER='1' AIRFLOW_CTX_DAG_RUN_ID='manual__2024-09-20T21:02:59.153860+00:00'
[2024-09-20T21:02:59.913+0000] {taskinstance.py:731} INFO - ::endgroup::
[2024-09-20T21:02:59.921+0000] {logging_mixin.py:190} INFO - Olá, Mundo! Meu nome é Everton e eu tenho 26 anos
[2024-09-20T21:02:59.921+0000] {python.py:240} INFO - Done. Returned value was: None
[2024-09-20T21:02:59.928+0000] {taskinstance.py:340} INFO - ::group::Post task execution logs
[2024-09-20T21:02:59.928+0000] {taskinstance.py:352} INFO - Marking task as SUCCESS. dag_id=DAG_With_Python_Operator_Parameters, task_id=ola_mundo, run_id=manual__2024-09-20T21:02:59.153860+00:00, execution_date=20240920T210259, start_date=20240920T210259, end_date=20240920T210259
[2024-09-20T21:02:59.974+0000] {local_task_job_runner.py:266} INFO - Task exited with return code 0
[2024-09-20T21:02:59.986+0000] {taskinstance.py:3900} INFO - 0 downstream tasks scheduled from follow-on schedule check
[2024-09-20T21:02:59.987+0000] {local_task_job_runner.py:245} INFO - ::endgroup::
