[2024-09-15T21:20:37.847+0000] {local_task_job_runner.py:123} INFO - ::group::Pre task execution logs
[2024-09-15T21:20:37.861+0000] {taskinstance.py:2612} INFO - Dependencies all met for dep_context=non-requeueable deps ti=<TaskInstance: example_bash_operator.this_will_skip scheduled__2024-09-14T00:00:00+00:00 [queued]>
[2024-09-15T21:20:37.866+0000] {taskinstance.py:2612} INFO - Dependencies all met for dep_context=requeueable deps ti=<TaskInstance: example_bash_operator.this_will_skip scheduled__2024-09-14T00:00:00+00:00 [queued]>
[2024-09-15T21:20:37.866+0000] {taskinstance.py:2865} INFO - Starting attempt 1 of 1
[2024-09-15T21:20:37.884+0000] {taskinstance.py:2888} INFO - Executing <Task(BashOperator): this_will_skip> on 2024-09-14 00:00:00+00:00
[2024-09-15T21:20:37.894+0000] {warnings.py:112} WARNING - /home/***/.local/lib/python3.12/site-packages/***/task/task_runner/standard_task_runner.py:70: DeprecationWarning: This process (pid=771) is multi-threaded, use of fork() may lead to deadlocks in the child.
  pid = os.fork()

[2024-09-15T21:20:37.895+0000] {standard_task_runner.py:72} INFO - Started process 786 to run task
[2024-09-15T21:20:37.896+0000] {standard_task_runner.py:104} INFO - Running: ['***', 'tasks', 'run', 'example_bash_operator', 'this_will_skip', 'scheduled__2024-09-14T00:00:00+00:00', '--job-id', '6', '--raw', '--subdir', '/home/***/.local/lib/python3.12/site-packages/***/example_dags/example_bash_operator.py', '--cfg-path', '/tmp/tmpn8deiwg2']
[2024-09-15T21:20:37.896+0000] {standard_task_runner.py:105} INFO - Job 6: Subtask this_will_skip
[2024-09-15T21:20:37.934+0000] {task_command.py:467} INFO - Running <TaskInstance: example_bash_operator.this_will_skip scheduled__2024-09-14T00:00:00+00:00 [running]> on host 6e8d57153425
[2024-09-15T21:20:37.990+0000] {taskinstance.py:3131} INFO - Exporting env vars: AIRFLOW_CTX_DAG_OWNER='***' AIRFLOW_CTX_DAG_ID='example_bash_operator' AIRFLOW_CTX_TASK_ID='this_will_skip' AIRFLOW_CTX_EXECUTION_DATE='2024-09-14T00:00:00+00:00' AIRFLOW_CTX_TRY_NUMBER='1' AIRFLOW_CTX_DAG_RUN_ID='scheduled__2024-09-14T00:00:00+00:00'
[2024-09-15T21:20:37.991+0000] {logging_mixin.py:190} INFO - Task instance is in running state
[2024-09-15T21:20:37.991+0000] {logging_mixin.py:190} INFO -  Previous state of the Task instance: queued
[2024-09-15T21:20:37.991+0000] {logging_mixin.py:190} INFO - Current task name:this_will_skip state:running start_date:2024-09-15 21:20:37.861369+00:00
[2024-09-15T21:20:37.991+0000] {logging_mixin.py:190} INFO - Dag name:example_bash_operator and current dag run status:running
[2024-09-15T21:20:37.991+0000] {taskinstance.py:731} INFO - ::endgroup::
[2024-09-15T21:20:37.992+0000] {subprocess.py:63} INFO - Tmp dir root location: /tmp
[2024-09-15T21:20:37.992+0000] {subprocess.py:75} INFO - Running command: ['/usr/bin/bash', '-c', 'echo "hello world"; exit 99;']
[2024-09-15T21:20:38.006+0000] {subprocess.py:86} INFO - Output:
[2024-09-15T21:20:38.008+0000] {subprocess.py:93} INFO - hello world
[2024-09-15T21:20:38.008+0000] {subprocess.py:97} INFO - Command exited with return code 99
[2024-09-15T21:20:38.009+0000] {taskinstance.py:301} INFO - Bash command returned exit code 99. Skipping.
[2024-09-15T21:20:38.021+0000] {taskinstance.py:340} INFO - ::group::Post task execution logs
[2024-09-15T21:20:38.021+0000] {taskinstance.py:352} INFO - Marking task as SKIPPED. dag_id=example_bash_operator, task_id=this_will_skip, run_id=scheduled__2024-09-14T00:00:00+00:00, execution_date=20240914T000000, start_date=20240915T212037, end_date=20240915T212038
[2024-09-15T21:20:38.069+0000] {local_task_job_runner.py:266} INFO - Task exited with return code 0
[2024-09-15T21:20:38.075+0000] {local_task_job_runner.py:245} INFO - ::endgroup::
