[2024-09-26T11:39:11.440+0000] {processor.py:186} INFO - Started process (PID=51) to work on /opt/airflow/dags/dag_com_operador_python_parametros.py
[2024-09-26T11:39:11.441+0000] {processor.py:914} INFO - Processing file /opt/airflow/dags/dag_com_operador_python_parametros.py for tasks to queue
[2024-09-26T11:39:11.442+0000] {logging_mixin.py:190} INFO - [2024-09-26T11:39:11.442+0000] {dagbag.py:587} INFO - Filling up the DagBag from /opt/airflow/dags/dag_com_operador_python_parametros.py
[2024-09-26T11:39:11.451+0000] {processor.py:925} INFO - DAG(s) 'DAG_With_Python_Operator_Parameters' retrieved from /opt/airflow/dags/dag_com_operador_python_parametros.py
[2024-09-26T11:39:11.473+0000] {logging_mixin.py:190} INFO - [2024-09-26T11:39:11.473+0000] {dag.py:3229} INFO - Sync 1 DAGs
[2024-09-26T11:39:11.492+0000] {logging_mixin.py:190} INFO - [2024-09-26T11:39:11.492+0000] {dag.py:4156} INFO - Setting next_dagrun for DAG_With_Python_Operator_Parameters to 2024-09-20 00:00:00+00:00, run_after=2024-09-21 00:00:00+00:00
[2024-09-26T11:39:11.504+0000] {processor.py:208} INFO - Processing /opt/airflow/dags/dag_com_operador_python_parametros.py took 0.068 seconds
[2024-09-26T11:40:06.040+0000] {processor.py:186} INFO - Started process (PID=62) to work on /opt/airflow/dags/dag_com_operador_python_parametros.py
[2024-09-26T11:40:06.043+0000] {processor.py:914} INFO - Processing file /opt/airflow/dags/dag_com_operador_python_parametros.py for tasks to queue
[2024-09-26T11:40:06.044+0000] {logging_mixin.py:190} INFO - [2024-09-26T11:40:06.044+0000] {dagbag.py:587} INFO - Filling up the DagBag from /opt/airflow/dags/dag_com_operador_python_parametros.py
[2024-09-26T11:40:06.050+0000] {processor.py:925} INFO - DAG(s) 'DAG_With_Python_Operator_Parameters' retrieved from /opt/airflow/dags/dag_com_operador_python_parametros.py
[2024-09-26T11:40:06.063+0000] {logging_mixin.py:190} INFO - [2024-09-26T11:40:06.063+0000] {dag.py:3229} INFO - Sync 1 DAGs
[2024-09-26T11:40:06.078+0000] {logging_mixin.py:190} INFO - [2024-09-26T11:40:06.078+0000] {dag.py:4156} INFO - Setting next_dagrun for DAG_With_Python_Operator_Parameters to 2024-09-20 00:00:00+00:00, run_after=2024-09-21 00:00:00+00:00
[2024-09-26T11:40:06.261+0000] {processor.py:208} INFO - Processing /opt/airflow/dags/dag_com_operador_python_parametros.py took 0.224 seconds
[2024-09-26T11:40:36.489+0000] {processor.py:186} INFO - Started process (PID=73) to work on /opt/airflow/dags/dag_com_operador_python_parametros.py
[2024-09-26T11:40:36.490+0000] {processor.py:914} INFO - Processing file /opt/airflow/dags/dag_com_operador_python_parametros.py for tasks to queue
[2024-09-26T11:40:36.491+0000] {logging_mixin.py:190} INFO - [2024-09-26T11:40:36.491+0000] {dagbag.py:587} INFO - Filling up the DagBag from /opt/airflow/dags/dag_com_operador_python_parametros.py
[2024-09-26T11:40:36.499+0000] {processor.py:925} INFO - DAG(s) 'DAG_With_Python_Operator_Parameters' retrieved from /opt/airflow/dags/dag_com_operador_python_parametros.py
[2024-09-26T11:40:36.512+0000] {logging_mixin.py:190} INFO - [2024-09-26T11:40:36.512+0000] {dag.py:3229} INFO - Sync 1 DAGs
[2024-09-26T11:40:36.526+0000] {logging_mixin.py:190} INFO - [2024-09-26T11:40:36.526+0000] {dag.py:4156} INFO - Setting next_dagrun for DAG_With_Python_Operator_Parameters to 2024-09-20 00:00:00+00:00, run_after=2024-09-21 00:00:00+00:00
[2024-09-26T11:40:36.535+0000] {processor.py:208} INFO - Processing /opt/airflow/dags/dag_com_operador_python_parametros.py took 0.049 seconds
[2024-09-26T11:41:06.761+0000] {processor.py:186} INFO - Started process (PID=84) to work on /opt/airflow/dags/dag_com_operador_python_parametros.py
[2024-09-26T11:41:06.762+0000] {processor.py:914} INFO - Processing file /opt/airflow/dags/dag_com_operador_python_parametros.py for tasks to queue
[2024-09-26T11:41:06.763+0000] {logging_mixin.py:190} INFO - [2024-09-26T11:41:06.763+0000] {dagbag.py:587} INFO - Filling up the DagBag from /opt/airflow/dags/dag_com_operador_python_parametros.py
[2024-09-26T11:41:06.769+0000] {processor.py:925} INFO - DAG(s) 'DAG_With_Python_Operator_Parameters' retrieved from /opt/airflow/dags/dag_com_operador_python_parametros.py
[2024-09-26T11:41:06.783+0000] {logging_mixin.py:190} INFO - [2024-09-26T11:41:06.783+0000] {dag.py:3229} INFO - Sync 1 DAGs
[2024-09-26T11:41:06.797+0000] {logging_mixin.py:190} INFO - [2024-09-26T11:41:06.797+0000] {dag.py:4156} INFO - Setting next_dagrun for DAG_With_Python_Operator_Parameters to 2024-09-20 00:00:00+00:00, run_after=2024-09-21 00:00:00+00:00
[2024-09-26T11:41:06.806+0000] {processor.py:208} INFO - Processing /opt/airflow/dags/dag_com_operador_python_parametros.py took 0.049 seconds
[2024-09-26T11:41:37.038+0000] {processor.py:186} INFO - Started process (PID=95) to work on /opt/airflow/dags/dag_com_operador_python_parametros.py
[2024-09-26T11:41:37.039+0000] {processor.py:914} INFO - Processing file /opt/airflow/dags/dag_com_operador_python_parametros.py for tasks to queue
[2024-09-26T11:41:37.040+0000] {logging_mixin.py:190} INFO - [2024-09-26T11:41:37.040+0000] {dagbag.py:587} INFO - Filling up the DagBag from /opt/airflow/dags/dag_com_operador_python_parametros.py
[2024-09-26T11:41:37.047+0000] {processor.py:925} INFO - DAG(s) 'DAG_With_Python_Operator_Parameters' retrieved from /opt/airflow/dags/dag_com_operador_python_parametros.py
[2024-09-26T11:41:37.060+0000] {logging_mixin.py:190} INFO - [2024-09-26T11:41:37.060+0000] {dag.py:3229} INFO - Sync 1 DAGs
[2024-09-26T11:41:37.073+0000] {logging_mixin.py:190} INFO - [2024-09-26T11:41:37.073+0000] {dag.py:4156} INFO - Setting next_dagrun for DAG_With_Python_Operator_Parameters to 2024-09-20 00:00:00+00:00, run_after=2024-09-21 00:00:00+00:00
[2024-09-26T11:41:37.082+0000] {processor.py:208} INFO - Processing /opt/airflow/dags/dag_com_operador_python_parametros.py took 0.047 seconds
[2024-09-26T11:42:07.310+0000] {processor.py:186} INFO - Started process (PID=106) to work on /opt/airflow/dags/dag_com_operador_python_parametros.py
[2024-09-26T11:42:07.311+0000] {processor.py:914} INFO - Processing file /opt/airflow/dags/dag_com_operador_python_parametros.py for tasks to queue
[2024-09-26T11:42:07.312+0000] {logging_mixin.py:190} INFO - [2024-09-26T11:42:07.312+0000] {dagbag.py:587} INFO - Filling up the DagBag from /opt/airflow/dags/dag_com_operador_python_parametros.py
[2024-09-26T11:42:07.318+0000] {processor.py:925} INFO - DAG(s) 'DAG_With_Python_Operator_Parameters' retrieved from /opt/airflow/dags/dag_com_operador_python_parametros.py
[2024-09-26T11:42:07.332+0000] {logging_mixin.py:190} INFO - [2024-09-26T11:42:07.332+0000] {dag.py:3229} INFO - Sync 1 DAGs
[2024-09-26T11:42:07.347+0000] {logging_mixin.py:190} INFO - [2024-09-26T11:42:07.347+0000] {dag.py:4156} INFO - Setting next_dagrun for DAG_With_Python_Operator_Parameters to 2024-09-20 00:00:00+00:00, run_after=2024-09-21 00:00:00+00:00
[2024-09-26T11:42:07.356+0000] {processor.py:208} INFO - Processing /opt/airflow/dags/dag_com_operador_python_parametros.py took 0.049 seconds
[2024-09-26T11:42:37.646+0000] {processor.py:186} INFO - Started process (PID=117) to work on /opt/airflow/dags/dag_com_operador_python_parametros.py
[2024-09-26T11:42:37.647+0000] {processor.py:914} INFO - Processing file /opt/airflow/dags/dag_com_operador_python_parametros.py for tasks to queue
[2024-09-26T11:42:37.648+0000] {logging_mixin.py:190} INFO - [2024-09-26T11:42:37.648+0000] {dagbag.py:587} INFO - Filling up the DagBag from /opt/airflow/dags/dag_com_operador_python_parametros.py
[2024-09-26T11:42:37.654+0000] {processor.py:925} INFO - DAG(s) 'DAG_With_Python_Operator_Parameters' retrieved from /opt/airflow/dags/dag_com_operador_python_parametros.py
[2024-09-26T11:42:37.667+0000] {logging_mixin.py:190} INFO - [2024-09-26T11:42:37.667+0000] {dag.py:3229} INFO - Sync 1 DAGs
[2024-09-26T11:42:37.680+0000] {logging_mixin.py:190} INFO - [2024-09-26T11:42:37.680+0000] {dag.py:4156} INFO - Setting next_dagrun for DAG_With_Python_Operator_Parameters to 2024-09-20 00:00:00+00:00, run_after=2024-09-21 00:00:00+00:00
[2024-09-26T11:42:37.689+0000] {processor.py:208} INFO - Processing /opt/airflow/dags/dag_com_operador_python_parametros.py took 0.046 seconds
[2024-09-26T11:43:07.977+0000] {processor.py:186} INFO - Started process (PID=128) to work on /opt/airflow/dags/dag_com_operador_python_parametros.py
[2024-09-26T11:43:07.977+0000] {processor.py:914} INFO - Processing file /opt/airflow/dags/dag_com_operador_python_parametros.py for tasks to queue
[2024-09-26T11:43:07.979+0000] {logging_mixin.py:190} INFO - [2024-09-26T11:43:07.979+0000] {dagbag.py:587} INFO - Filling up the DagBag from /opt/airflow/dags/dag_com_operador_python_parametros.py
[2024-09-26T11:43:07.986+0000] {processor.py:925} INFO - DAG(s) 'DAG_With_Python_Operator_Parameters' retrieved from /opt/airflow/dags/dag_com_operador_python_parametros.py
[2024-09-26T11:43:08.001+0000] {logging_mixin.py:190} INFO - [2024-09-26T11:43:08.001+0000] {dag.py:3229} INFO - Sync 1 DAGs
[2024-09-26T11:43:08.116+0000] {logging_mixin.py:190} INFO - [2024-09-26T11:43:08.116+0000] {dag.py:4156} INFO - Setting next_dagrun for DAG_With_Python_Operator_Parameters to 2024-09-20 00:00:00+00:00, run_after=2024-09-21 00:00:00+00:00
[2024-09-26T11:43:08.126+0000] {processor.py:208} INFO - Processing /opt/airflow/dags/dag_com_operador_python_parametros.py took 0.153 seconds
[2024-09-26T11:43:38.611+0000] {processor.py:186} INFO - Started process (PID=139) to work on /opt/airflow/dags/dag_com_operador_python_parametros.py
[2024-09-26T11:43:38.612+0000] {processor.py:914} INFO - Processing file /opt/airflow/dags/dag_com_operador_python_parametros.py for tasks to queue
[2024-09-26T11:43:38.613+0000] {logging_mixin.py:190} INFO - [2024-09-26T11:43:38.613+0000] {dagbag.py:587} INFO - Filling up the DagBag from /opt/airflow/dags/dag_com_operador_python_parametros.py
[2024-09-26T11:43:38.619+0000] {processor.py:925} INFO - DAG(s) 'DAG_With_Python_Operator_Parameters' retrieved from /opt/airflow/dags/dag_com_operador_python_parametros.py
[2024-09-26T11:43:38.633+0000] {logging_mixin.py:190} INFO - [2024-09-26T11:43:38.633+0000] {dag.py:3229} INFO - Sync 1 DAGs
[2024-09-26T11:43:38.742+0000] {logging_mixin.py:190} INFO - [2024-09-26T11:43:38.741+0000] {dag.py:4156} INFO - Setting next_dagrun for DAG_With_Python_Operator_Parameters to 2024-09-20 00:00:00+00:00, run_after=2024-09-21 00:00:00+00:00
[2024-09-26T11:43:38.751+0000] {processor.py:208} INFO - Processing /opt/airflow/dags/dag_com_operador_python_parametros.py took 0.143 seconds
[2024-09-26T11:44:09.096+0000] {processor.py:186} INFO - Started process (PID=150) to work on /opt/airflow/dags/dag_com_operador_python_parametros.py
[2024-09-26T11:44:09.097+0000] {processor.py:914} INFO - Processing file /opt/airflow/dags/dag_com_operador_python_parametros.py for tasks to queue
[2024-09-26T11:44:09.098+0000] {logging_mixin.py:190} INFO - [2024-09-26T11:44:09.098+0000] {dagbag.py:587} INFO - Filling up the DagBag from /opt/airflow/dags/dag_com_operador_python_parametros.py
[2024-09-26T11:44:09.104+0000] {processor.py:925} INFO - DAG(s) 'DAG_With_Python_Operator_Parameters' retrieved from /opt/airflow/dags/dag_com_operador_python_parametros.py
[2024-09-26T11:44:09.214+0000] {logging_mixin.py:190} INFO - [2024-09-26T11:44:09.214+0000] {dag.py:3229} INFO - Sync 1 DAGs
[2024-09-26T11:44:09.228+0000] {logging_mixin.py:190} INFO - [2024-09-26T11:44:09.228+0000] {dag.py:4156} INFO - Setting next_dagrun for DAG_With_Python_Operator_Parameters to 2024-09-20 00:00:00+00:00, run_after=2024-09-21 00:00:00+00:00
[2024-09-26T11:44:09.236+0000] {processor.py:208} INFO - Processing /opt/airflow/dags/dag_com_operador_python_parametros.py took 0.143 seconds
