[2024-09-26T11:39:11.523+0000] {processor.py:186} INFO - Started process (PID=52) to work on /opt/airflow/dags/dag_com_operador_python.py
[2024-09-26T11:39:11.523+0000] {processor.py:914} INFO - Processing file /opt/airflow/dags/dag_com_operador_python.py for tasks to queue
[2024-09-26T11:39:11.525+0000] {logging_mixin.py:190} INFO - [2024-09-26T11:39:11.524+0000] {dagbag.py:587} INFO - Filling up the DagBag from /opt/airflow/dags/dag_com_operador_python.py
[2024-09-26T11:39:11.532+0000] {processor.py:925} INFO - DAG(s) 'DAG_With_Python_Operator' retrieved from /opt/airflow/dags/dag_com_operador_python.py
[2024-09-26T11:39:11.548+0000] {logging_mixin.py:190} INFO - [2024-09-26T11:39:11.548+0000] {dag.py:3229} INFO - Sync 1 DAGs
[2024-09-26T11:39:11.563+0000] {logging_mixin.py:190} INFO - [2024-09-26T11:39:11.563+0000] {dag.py:4156} INFO - Setting next_dagrun for DAG_With_Python_Operator to 2024-09-20 00:00:00+00:00, run_after=2024-09-21 00:00:00+00:00
[2024-09-26T11:39:11.574+0000] {processor.py:208} INFO - Processing /opt/airflow/dags/dag_com_operador_python.py took 0.055 seconds
[2024-09-26T11:40:06.277+0000] {processor.py:186} INFO - Started process (PID=63) to work on /opt/airflow/dags/dag_com_operador_python.py
[2024-09-26T11:40:06.278+0000] {processor.py:914} INFO - Processing file /opt/airflow/dags/dag_com_operador_python.py for tasks to queue
[2024-09-26T11:40:06.279+0000] {logging_mixin.py:190} INFO - [2024-09-26T11:40:06.279+0000] {dagbag.py:587} INFO - Filling up the DagBag from /opt/airflow/dags/dag_com_operador_python.py
[2024-09-26T11:40:06.286+0000] {processor.py:925} INFO - DAG(s) 'DAG_With_Python_Operator' retrieved from /opt/airflow/dags/dag_com_operador_python.py
[2024-09-26T11:40:06.300+0000] {logging_mixin.py:190} INFO - [2024-09-26T11:40:06.300+0000] {dag.py:3229} INFO - Sync 1 DAGs
[2024-09-26T11:40:06.314+0000] {logging_mixin.py:190} INFO - [2024-09-26T11:40:06.314+0000] {dag.py:4156} INFO - Setting next_dagrun for DAG_With_Python_Operator to 2024-09-20 00:00:00+00:00, run_after=2024-09-21 00:00:00+00:00
[2024-09-26T11:40:06.323+0000] {processor.py:208} INFO - Processing /opt/airflow/dags/dag_com_operador_python.py took 0.050 seconds
[2024-09-26T11:40:36.547+0000] {processor.py:186} INFO - Started process (PID=74) to work on /opt/airflow/dags/dag_com_operador_python.py
[2024-09-26T11:40:36.547+0000] {processor.py:914} INFO - Processing file /opt/airflow/dags/dag_com_operador_python.py for tasks to queue
[2024-09-26T11:40:36.548+0000] {logging_mixin.py:190} INFO - [2024-09-26T11:40:36.548+0000] {dagbag.py:587} INFO - Filling up the DagBag from /opt/airflow/dags/dag_com_operador_python.py
[2024-09-26T11:40:36.555+0000] {processor.py:925} INFO - DAG(s) 'DAG_With_Python_Operator' retrieved from /opt/airflow/dags/dag_com_operador_python.py
[2024-09-26T11:40:36.569+0000] {logging_mixin.py:190} INFO - [2024-09-26T11:40:36.569+0000] {dag.py:3229} INFO - Sync 1 DAGs
[2024-09-26T11:40:36.583+0000] {logging_mixin.py:190} INFO - [2024-09-26T11:40:36.583+0000] {dag.py:4156} INFO - Setting next_dagrun for DAG_With_Python_Operator to 2024-09-20 00:00:00+00:00, run_after=2024-09-21 00:00:00+00:00
[2024-09-26T11:40:36.592+0000] {processor.py:208} INFO - Processing /opt/airflow/dags/dag_com_operador_python.py took 0.049 seconds
[2024-09-26T11:41:06.819+0000] {processor.py:186} INFO - Started process (PID=85) to work on /opt/airflow/dags/dag_com_operador_python.py
[2024-09-26T11:41:06.820+0000] {processor.py:914} INFO - Processing file /opt/airflow/dags/dag_com_operador_python.py for tasks to queue
[2024-09-26T11:41:06.821+0000] {logging_mixin.py:190} INFO - [2024-09-26T11:41:06.821+0000] {dagbag.py:587} INFO - Filling up the DagBag from /opt/airflow/dags/dag_com_operador_python.py
[2024-09-26T11:41:06.828+0000] {processor.py:925} INFO - DAG(s) 'DAG_With_Python_Operator' retrieved from /opt/airflow/dags/dag_com_operador_python.py
[2024-09-26T11:41:06.843+0000] {logging_mixin.py:190} INFO - [2024-09-26T11:41:06.843+0000] {dag.py:3229} INFO - Sync 1 DAGs
[2024-09-26T11:41:06.857+0000] {logging_mixin.py:190} INFO - [2024-09-26T11:41:06.857+0000] {dag.py:4156} INFO - Setting next_dagrun for DAG_With_Python_Operator to 2024-09-20 00:00:00+00:00, run_after=2024-09-21 00:00:00+00:00
[2024-09-26T11:41:06.866+0000] {processor.py:208} INFO - Processing /opt/airflow/dags/dag_com_operador_python.py took 0.051 seconds
[2024-09-26T11:41:37.096+0000] {processor.py:186} INFO - Started process (PID=96) to work on /opt/airflow/dags/dag_com_operador_python.py
[2024-09-26T11:41:37.097+0000] {processor.py:914} INFO - Processing file /opt/airflow/dags/dag_com_operador_python.py for tasks to queue
[2024-09-26T11:41:37.098+0000] {logging_mixin.py:190} INFO - [2024-09-26T11:41:37.098+0000] {dagbag.py:587} INFO - Filling up the DagBag from /opt/airflow/dags/dag_com_operador_python.py
[2024-09-26T11:41:37.105+0000] {processor.py:925} INFO - DAG(s) 'DAG_With_Python_Operator' retrieved from /opt/airflow/dags/dag_com_operador_python.py
[2024-09-26T11:41:37.119+0000] {logging_mixin.py:190} INFO - [2024-09-26T11:41:37.119+0000] {dag.py:3229} INFO - Sync 1 DAGs
[2024-09-26T11:41:37.133+0000] {logging_mixin.py:190} INFO - [2024-09-26T11:41:37.133+0000] {dag.py:4156} INFO - Setting next_dagrun for DAG_With_Python_Operator to 2024-09-20 00:00:00+00:00, run_after=2024-09-21 00:00:00+00:00
[2024-09-26T11:41:37.142+0000] {processor.py:208} INFO - Processing /opt/airflow/dags/dag_com_operador_python.py took 0.049 seconds
[2024-09-26T11:42:07.367+0000] {processor.py:186} INFO - Started process (PID=107) to work on /opt/airflow/dags/dag_com_operador_python.py
[2024-09-26T11:42:07.368+0000] {processor.py:914} INFO - Processing file /opt/airflow/dags/dag_com_operador_python.py for tasks to queue
[2024-09-26T11:42:07.369+0000] {logging_mixin.py:190} INFO - [2024-09-26T11:42:07.369+0000] {dagbag.py:587} INFO - Filling up the DagBag from /opt/airflow/dags/dag_com_operador_python.py
[2024-09-26T11:42:07.376+0000] {processor.py:925} INFO - DAG(s) 'DAG_With_Python_Operator' retrieved from /opt/airflow/dags/dag_com_operador_python.py
[2024-09-26T11:42:07.391+0000] {logging_mixin.py:190} INFO - [2024-09-26T11:42:07.390+0000] {dag.py:3229} INFO - Sync 1 DAGs
[2024-09-26T11:42:07.404+0000] {logging_mixin.py:190} INFO - [2024-09-26T11:42:07.404+0000] {dag.py:4156} INFO - Setting next_dagrun for DAG_With_Python_Operator to 2024-09-20 00:00:00+00:00, run_after=2024-09-21 00:00:00+00:00
[2024-09-26T11:42:07.413+0000] {processor.py:208} INFO - Processing /opt/airflow/dags/dag_com_operador_python.py took 0.050 seconds
[2024-09-26T11:42:37.703+0000] {processor.py:186} INFO - Started process (PID=118) to work on /opt/airflow/dags/dag_com_operador_python.py
[2024-09-26T11:42:37.704+0000] {processor.py:914} INFO - Processing file /opt/airflow/dags/dag_com_operador_python.py for tasks to queue
[2024-09-26T11:42:37.705+0000] {logging_mixin.py:190} INFO - [2024-09-26T11:42:37.705+0000] {dagbag.py:587} INFO - Filling up the DagBag from /opt/airflow/dags/dag_com_operador_python.py
[2024-09-26T11:42:37.711+0000] {processor.py:925} INFO - DAG(s) 'DAG_With_Python_Operator' retrieved from /opt/airflow/dags/dag_com_operador_python.py
[2024-09-26T11:42:37.726+0000] {logging_mixin.py:190} INFO - [2024-09-26T11:42:37.726+0000] {dag.py:3229} INFO - Sync 1 DAGs
[2024-09-26T11:42:37.741+0000] {logging_mixin.py:190} INFO - [2024-09-26T11:42:37.741+0000] {dag.py:4156} INFO - Setting next_dagrun for DAG_With_Python_Operator to 2024-09-20 00:00:00+00:00, run_after=2024-09-21 00:00:00+00:00
[2024-09-26T11:42:37.751+0000] {processor.py:208} INFO - Processing /opt/airflow/dags/dag_com_operador_python.py took 0.051 seconds
[2024-09-26T11:43:08.145+0000] {processor.py:186} INFO - Started process (PID=129) to work on /opt/airflow/dags/dag_com_operador_python.py
[2024-09-26T11:43:08.145+0000] {processor.py:914} INFO - Processing file /opt/airflow/dags/dag_com_operador_python.py for tasks to queue
[2024-09-26T11:43:08.146+0000] {logging_mixin.py:190} INFO - [2024-09-26T11:43:08.146+0000] {dagbag.py:587} INFO - Filling up the DagBag from /opt/airflow/dags/dag_com_operador_python.py
[2024-09-26T11:43:08.153+0000] {processor.py:925} INFO - DAG(s) 'DAG_With_Python_Operator' retrieved from /opt/airflow/dags/dag_com_operador_python.py
[2024-09-26T11:43:08.169+0000] {logging_mixin.py:190} INFO - [2024-09-26T11:43:08.168+0000] {dag.py:3229} INFO - Sync 1 DAGs
[2024-09-26T11:43:08.274+0000] {logging_mixin.py:190} INFO - [2024-09-26T11:43:08.274+0000] {dag.py:4156} INFO - Setting next_dagrun for DAG_With_Python_Operator to 2024-09-20 00:00:00+00:00, run_after=2024-09-21 00:00:00+00:00
[2024-09-26T11:43:08.285+0000] {processor.py:208} INFO - Processing /opt/airflow/dags/dag_com_operador_python.py took 0.145 seconds
[2024-09-26T11:43:38.770+0000] {processor.py:186} INFO - Started process (PID=140) to work on /opt/airflow/dags/dag_com_operador_python.py
[2024-09-26T11:43:38.771+0000] {processor.py:914} INFO - Processing file /opt/airflow/dags/dag_com_operador_python.py for tasks to queue
[2024-09-26T11:43:38.772+0000] {logging_mixin.py:190} INFO - [2024-09-26T11:43:38.772+0000] {dagbag.py:587} INFO - Filling up the DagBag from /opt/airflow/dags/dag_com_operador_python.py
[2024-09-26T11:43:38.779+0000] {processor.py:925} INFO - DAG(s) 'DAG_With_Python_Operator' retrieved from /opt/airflow/dags/dag_com_operador_python.py
[2024-09-26T11:43:38.794+0000] {logging_mixin.py:190} INFO - [2024-09-26T11:43:38.794+0000] {dag.py:3229} INFO - Sync 1 DAGs
[2024-09-26T11:43:38.909+0000] {logging_mixin.py:190} INFO - [2024-09-26T11:43:38.909+0000] {dag.py:4156} INFO - Setting next_dagrun for DAG_With_Python_Operator to 2024-09-20 00:00:00+00:00, run_after=2024-09-21 00:00:00+00:00
[2024-09-26T11:43:38.918+0000] {processor.py:208} INFO - Processing /opt/airflow/dags/dag_com_operador_python.py took 0.151 seconds
[2024-09-26T11:44:09.257+0000] {processor.py:186} INFO - Started process (PID=151) to work on /opt/airflow/dags/dag_com_operador_python.py
[2024-09-26T11:44:09.258+0000] {processor.py:914} INFO - Processing file /opt/airflow/dags/dag_com_operador_python.py for tasks to queue
[2024-09-26T11:44:09.259+0000] {logging_mixin.py:190} INFO - [2024-09-26T11:44:09.259+0000] {dagbag.py:587} INFO - Filling up the DagBag from /opt/airflow/dags/dag_com_operador_python.py
[2024-09-26T11:44:09.265+0000] {processor.py:925} INFO - DAG(s) 'DAG_With_Python_Operator' retrieved from /opt/airflow/dags/dag_com_operador_python.py
[2024-09-26T11:44:09.365+0000] {logging_mixin.py:190} INFO - [2024-09-26T11:44:09.365+0000] {dag.py:3229} INFO - Sync 1 DAGs
[2024-09-26T11:44:09.378+0000] {logging_mixin.py:190} INFO - [2024-09-26T11:44:09.378+0000] {dag.py:4156} INFO - Setting next_dagrun for DAG_With_Python_Operator to 2024-09-20 00:00:00+00:00, run_after=2024-09-21 00:00:00+00:00
[2024-09-26T11:44:09.386+0000] {processor.py:208} INFO - Processing /opt/airflow/dags/dag_com_operador_python.py took 0.133 seconds
