[2024-09-26T11:39:11.594+0000] {processor.py:186} INFO - Started process (PID=53) to work on /opt/airflow/dags/task_paralela.py
[2024-09-26T11:39:11.595+0000] {processor.py:914} INFO - Processing file /opt/airflow/dags/task_paralela.py for tasks to queue
[2024-09-26T11:39:11.596+0000] {logging_mixin.py:190} INFO - [2024-09-26T11:39:11.596+0000] {dagbag.py:587} INFO - Filling up the DagBag from /opt/airflow/dags/task_paralela.py
[2024-09-26T11:39:11.604+0000] {processor.py:925} INFO - DAG(s) 'task_paralela' retrieved from /opt/airflow/dags/task_paralela.py
[2024-09-26T11:39:11.622+0000] {logging_mixin.py:190} INFO - [2024-09-26T11:39:11.621+0000] {dag.py:3229} INFO - Sync 1 DAGs
[2024-09-26T11:39:11.638+0000] {logging_mixin.py:190} INFO - [2024-09-26T11:39:11.638+0000] {dag.py:4156} INFO - Setting next_dagrun for task_paralela to 2024-09-20 00:00:00+00:00, run_after=2024-09-21 00:00:00+00:00
[2024-09-26T11:39:11.653+0000] {processor.py:208} INFO - Processing /opt/airflow/dags/task_paralela.py took 0.062 seconds
[2024-09-26T11:40:06.288+0000] {processor.py:186} INFO - Started process (PID=64) to work on /opt/airflow/dags/task_paralela.py
[2024-09-26T11:40:06.288+0000] {processor.py:914} INFO - Processing file /opt/airflow/dags/task_paralela.py for tasks to queue
[2024-09-26T11:40:06.289+0000] {logging_mixin.py:190} INFO - [2024-09-26T11:40:06.289+0000] {dagbag.py:587} INFO - Filling up the DagBag from /opt/airflow/dags/task_paralela.py
[2024-09-26T11:40:06.296+0000] {processor.py:925} INFO - DAG(s) 'task_paralela' retrieved from /opt/airflow/dags/task_paralela.py
[2024-09-26T11:40:06.311+0000] {logging_mixin.py:190} INFO - [2024-09-26T11:40:06.311+0000] {dag.py:3229} INFO - Sync 1 DAGs
[2024-09-26T11:40:06.325+0000] {logging_mixin.py:190} INFO - [2024-09-26T11:40:06.325+0000] {dag.py:4156} INFO - Setting next_dagrun for task_paralela to 2024-09-20 00:00:00+00:00, run_after=2024-09-21 00:00:00+00:00
[2024-09-26T11:40:06.335+0000] {processor.py:208} INFO - Processing /opt/airflow/dags/task_paralela.py took 0.050 seconds
[2024-09-26T11:40:36.609+0000] {processor.py:186} INFO - Started process (PID=75) to work on /opt/airflow/dags/task_paralela.py
[2024-09-26T11:40:36.609+0000] {processor.py:914} INFO - Processing file /opt/airflow/dags/task_paralela.py for tasks to queue
[2024-09-26T11:40:36.610+0000] {logging_mixin.py:190} INFO - [2024-09-26T11:40:36.610+0000] {dagbag.py:587} INFO - Filling up the DagBag from /opt/airflow/dags/task_paralela.py
[2024-09-26T11:40:36.617+0000] {processor.py:925} INFO - DAG(s) 'task_paralela' retrieved from /opt/airflow/dags/task_paralela.py
[2024-09-26T11:40:36.633+0000] {logging_mixin.py:190} INFO - [2024-09-26T11:40:36.633+0000] {dag.py:3229} INFO - Sync 1 DAGs
[2024-09-26T11:40:36.648+0000] {logging_mixin.py:190} INFO - [2024-09-26T11:40:36.648+0000] {dag.py:4156} INFO - Setting next_dagrun for task_paralela to 2024-09-20 00:00:00+00:00, run_after=2024-09-21 00:00:00+00:00
[2024-09-26T11:40:36.657+0000] {processor.py:208} INFO - Processing /opt/airflow/dags/task_paralela.py took 0.052 seconds
[2024-09-26T11:41:06.884+0000] {processor.py:186} INFO - Started process (PID=86) to work on /opt/airflow/dags/task_paralela.py
[2024-09-26T11:41:06.884+0000] {processor.py:914} INFO - Processing file /opt/airflow/dags/task_paralela.py for tasks to queue
[2024-09-26T11:41:06.886+0000] {logging_mixin.py:190} INFO - [2024-09-26T11:41:06.886+0000] {dagbag.py:587} INFO - Filling up the DagBag from /opt/airflow/dags/task_paralela.py
[2024-09-26T11:41:06.894+0000] {processor.py:925} INFO - DAG(s) 'task_paralela' retrieved from /opt/airflow/dags/task_paralela.py
[2024-09-26T11:41:06.911+0000] {logging_mixin.py:190} INFO - [2024-09-26T11:41:06.910+0000] {dag.py:3229} INFO - Sync 1 DAGs
[2024-09-26T11:41:06.926+0000] {logging_mixin.py:190} INFO - [2024-09-26T11:41:06.926+0000] {dag.py:4156} INFO - Setting next_dagrun for task_paralela to 2024-09-20 00:00:00+00:00, run_after=2024-09-21 00:00:00+00:00
[2024-09-26T11:41:06.936+0000] {processor.py:208} INFO - Processing /opt/airflow/dags/task_paralela.py took 0.056 seconds
[2024-09-26T11:41:37.159+0000] {processor.py:186} INFO - Started process (PID=97) to work on /opt/airflow/dags/task_paralela.py
[2024-09-26T11:41:37.160+0000] {processor.py:914} INFO - Processing file /opt/airflow/dags/task_paralela.py for tasks to queue
[2024-09-26T11:41:37.161+0000] {logging_mixin.py:190} INFO - [2024-09-26T11:41:37.161+0000] {dagbag.py:587} INFO - Filling up the DagBag from /opt/airflow/dags/task_paralela.py
[2024-09-26T11:41:37.168+0000] {processor.py:925} INFO - DAG(s) 'task_paralela' retrieved from /opt/airflow/dags/task_paralela.py
[2024-09-26T11:41:37.184+0000] {logging_mixin.py:190} INFO - [2024-09-26T11:41:37.183+0000] {dag.py:3229} INFO - Sync 1 DAGs
[2024-09-26T11:41:37.198+0000] {logging_mixin.py:190} INFO - [2024-09-26T11:41:37.198+0000] {dag.py:4156} INFO - Setting next_dagrun for task_paralela to 2024-09-20 00:00:00+00:00, run_after=2024-09-21 00:00:00+00:00
[2024-09-26T11:41:37.207+0000] {processor.py:208} INFO - Processing /opt/airflow/dags/task_paralela.py took 0.052 seconds
[2024-09-26T11:42:07.431+0000] {processor.py:186} INFO - Started process (PID=108) to work on /opt/airflow/dags/task_paralela.py
[2024-09-26T11:42:07.431+0000] {processor.py:914} INFO - Processing file /opt/airflow/dags/task_paralela.py for tasks to queue
[2024-09-26T11:42:07.433+0000] {logging_mixin.py:190} INFO - [2024-09-26T11:42:07.433+0000] {dagbag.py:587} INFO - Filling up the DagBag from /opt/airflow/dags/task_paralela.py
[2024-09-26T11:42:07.440+0000] {processor.py:925} INFO - DAG(s) 'task_paralela' retrieved from /opt/airflow/dags/task_paralela.py
[2024-09-26T11:42:07.455+0000] {logging_mixin.py:190} INFO - [2024-09-26T11:42:07.455+0000] {dag.py:3229} INFO - Sync 1 DAGs
[2024-09-26T11:42:07.470+0000] {logging_mixin.py:190} INFO - [2024-09-26T11:42:07.469+0000] {dag.py:4156} INFO - Setting next_dagrun for task_paralela to 2024-09-20 00:00:00+00:00, run_after=2024-09-21 00:00:00+00:00
[2024-09-26T11:42:07.479+0000] {processor.py:208} INFO - Processing /opt/airflow/dags/task_paralela.py took 0.052 seconds
[2024-09-26T11:42:37.768+0000] {processor.py:186} INFO - Started process (PID=119) to work on /opt/airflow/dags/task_paralela.py
[2024-09-26T11:42:37.769+0000] {processor.py:914} INFO - Processing file /opt/airflow/dags/task_paralela.py for tasks to queue
[2024-09-26T11:42:37.770+0000] {logging_mixin.py:190} INFO - [2024-09-26T11:42:37.770+0000] {dagbag.py:587} INFO - Filling up the DagBag from /opt/airflow/dags/task_paralela.py
[2024-09-26T11:42:37.778+0000] {processor.py:925} INFO - DAG(s) 'task_paralela' retrieved from /opt/airflow/dags/task_paralela.py
[2024-09-26T11:42:37.793+0000] {logging_mixin.py:190} INFO - [2024-09-26T11:42:37.793+0000] {dag.py:3229} INFO - Sync 1 DAGs
[2024-09-26T11:42:37.808+0000] {logging_mixin.py:190} INFO - [2024-09-26T11:42:37.808+0000] {dag.py:4156} INFO - Setting next_dagrun for task_paralela to 2024-09-20 00:00:00+00:00, run_after=2024-09-21 00:00:00+00:00
[2024-09-26T11:42:37.818+0000] {processor.py:208} INFO - Processing /opt/airflow/dags/task_paralela.py took 0.054 seconds
[2024-09-26T11:43:08.306+0000] {processor.py:186} INFO - Started process (PID=130) to work on /opt/airflow/dags/task_paralela.py
[2024-09-26T11:43:08.306+0000] {processor.py:914} INFO - Processing file /opt/airflow/dags/task_paralela.py for tasks to queue
[2024-09-26T11:43:08.308+0000] {logging_mixin.py:190} INFO - [2024-09-26T11:43:08.308+0000] {dagbag.py:587} INFO - Filling up the DagBag from /opt/airflow/dags/task_paralela.py
[2024-09-26T11:43:08.315+0000] {processor.py:925} INFO - DAG(s) 'task_paralela' retrieved from /opt/airflow/dags/task_paralela.py
[2024-09-26T11:43:08.331+0000] {logging_mixin.py:190} INFO - [2024-09-26T11:43:08.331+0000] {dag.py:3229} INFO - Sync 1 DAGs
[2024-09-26T11:43:08.450+0000] {logging_mixin.py:190} INFO - [2024-09-26T11:43:08.449+0000] {dag.py:4156} INFO - Setting next_dagrun for task_paralela to 2024-09-20 00:00:00+00:00, run_after=2024-09-21 00:00:00+00:00
[2024-09-26T11:43:08.459+0000] {processor.py:208} INFO - Processing /opt/airflow/dags/task_paralela.py took 0.157 seconds
[2024-09-26T11:43:38.782+0000] {processor.py:186} INFO - Started process (PID=141) to work on /opt/airflow/dags/task_paralela.py
[2024-09-26T11:43:38.783+0000] {processor.py:914} INFO - Processing file /opt/airflow/dags/task_paralela.py for tasks to queue
[2024-09-26T11:43:38.784+0000] {logging_mixin.py:190} INFO - [2024-09-26T11:43:38.784+0000] {dagbag.py:587} INFO - Filling up the DagBag from /opt/airflow/dags/task_paralela.py
[2024-09-26T11:43:38.791+0000] {processor.py:925} INFO - DAG(s) 'task_paralela' retrieved from /opt/airflow/dags/task_paralela.py
[2024-09-26T11:43:38.808+0000] {logging_mixin.py:190} INFO - [2024-09-26T11:43:38.808+0000] {dag.py:3229} INFO - Sync 1 DAGs
[2024-09-26T11:43:38.924+0000] {logging_mixin.py:190} INFO - [2024-09-26T11:43:38.924+0000] {dag.py:4156} INFO - Setting next_dagrun for task_paralela to 2024-09-20 00:00:00+00:00, run_after=2024-09-21 00:00:00+00:00
[2024-09-26T11:43:38.933+0000] {processor.py:208} INFO - Processing /opt/airflow/dags/task_paralela.py took 0.154 seconds
[2024-09-26T11:44:09.408+0000] {processor.py:186} INFO - Started process (PID=152) to work on /opt/airflow/dags/task_paralela.py
[2024-09-26T11:44:09.408+0000] {processor.py:914} INFO - Processing file /opt/airflow/dags/task_paralela.py for tasks to queue
[2024-09-26T11:44:09.409+0000] {logging_mixin.py:190} INFO - [2024-09-26T11:44:09.409+0000] {dagbag.py:587} INFO - Filling up the DagBag from /opt/airflow/dags/task_paralela.py
[2024-09-26T11:44:09.416+0000] {processor.py:925} INFO - DAG(s) 'task_paralela' retrieved from /opt/airflow/dags/task_paralela.py
[2024-09-26T11:44:09.514+0000] {logging_mixin.py:190} INFO - [2024-09-26T11:44:09.514+0000] {dag.py:3229} INFO - Sync 1 DAGs
[2024-09-26T11:44:09.528+0000] {logging_mixin.py:190} INFO - [2024-09-26T11:44:09.527+0000] {dag.py:4156} INFO - Setting next_dagrun for task_paralela to 2024-09-20 00:00:00+00:00, run_after=2024-09-21 00:00:00+00:00
[2024-09-26T11:44:09.536+0000] {processor.py:208} INFO - Processing /opt/airflow/dags/task_paralela.py took 0.132 seconds
